2020-09-21 19:30:12 [restartedMain] INFO  c.q.cs.QdmCareSupervisorApplication - Starting QdmCareSupervisorApplication on LAPTOP-GBKRVFU8 with PID 10440 (C:\Users\nandh\git\repository10\qdm-care-supervisor\target\classes started by nandh in C:\Users\nandh\git\repository10\qdm-care-supervisor)
2020-09-21 19:30:12 [restartedMain] DEBUG c.q.cs.QdmCareSupervisorApplication - Running with Spring Boot v2.3.2.RELEASE, Spring v5.2.8.RELEASE
2020-09-21 19:30:12 [restartedMain] INFO  c.q.cs.QdmCareSupervisorApplication - The following profiles are active: dev
2020-09-21 19:30:15 [restartedMain] INFO  c.q.cs.QdmCareSupervisorApplication - Started QdmCareSupervisorApplication in 3.917 seconds (JVM running for 4.633)
2020-09-21 19:31:43 [http-nio-8443-exec-2] INFO  c.q.c.u.c.CareGiverController - Care Giver Created Successfully With CareGiver_Id : 1
2020-09-21 19:33:30 [http-nio-8443-exec-5] INFO  c.q.c.u.c.CareGiverController - Get CareGiver Records By CareGiverId 1
2020-09-21 19:34:53 [http-nio-8443-exec-8] ERROR c.q.c.u.c.CareGiverController - Error Occured At UpdateCareGiver : No value present
2020-09-21 19:35:06 [http-nio-8443-exec-9] ERROR c.q.c.u.c.CareGiverController - Error Occured At UpdateCareGiver : No value present
2020-09-21 19:35:16 [http-nio-8443-exec-2] ERROR c.q.c.u.c.CareGiverController - Error Occured At UpdateCareGiver : No value present
2020-09-21 19:35:46 [http-nio-8443-exec-4] INFO  c.q.c.u.c.CareGiverController - CareGiver Updated Successfully with Id 1
2020-09-21 19:36:12 [http-nio-8443-exec-5] INFO  c.q.c.u.c.CareGiverController - Get CareGiver Records By CareGiverId 1
2020-09-21 19:36:32 [http-nio-8443-exec-6] INFO  c.q.c.u.c.CareGiverController - Get CareGiver Records By CareGiverId 1
2020-09-21 19:38:43 [http-nio-8443-exec-10] ERROR c.q.c.u.c.CareProviderController - Error Occured At getCareProvider : null
2020-09-21 19:49:22 [restartedMain] INFO  c.q.cs.QdmCareSupervisorApplication - Starting QdmCareSupervisorApplication on LAPTOP-GBKRVFU8 with PID 12804 (C:\Users\nandh\git\repository10\qdm-care-supervisor\target\classes started by nandh in C:\Users\nandh\git\repository10\qdm-care-supervisor)
2020-09-21 19:49:22 [restartedMain] DEBUG c.q.cs.QdmCareSupervisorApplication - Running with Spring Boot v2.3.2.RELEASE, Spring v5.2.8.RELEASE
2020-09-21 19:49:22 [restartedMain] INFO  c.q.cs.QdmCareSupervisorApplication - The following profiles are active: dev
2020-09-21 19:49:25 [restartedMain] INFO  c.q.cs.QdmCareSupervisorApplication - Started QdmCareSupervisorApplication in 3.577 seconds (JVM running for 4.197)
2020-09-21 19:49:35 [http-nio-8443-exec-2] ERROR c.q.c.u.c.CareGiverController - Error Occured At UpdateCareGiver : No value present
2020-09-21 19:49:42 [http-nio-8443-exec-4] ERROR c.q.c.u.c.CareGiverController - Error Occured At UpdateCareGiver : No value present
2020-09-21 19:50:35 [http-nio-8443-exec-6] ERROR c.q.c.u.c.CareGiverController - Error Occured At UpdateCareGiver : No value present
2020-09-21 19:51:13 [http-nio-8443-exec-9] ERROR c.q.c.u.c.CareGiverController - Error Occured At UpdateCareGiver : No value present
2020-09-21 19:51:18 [http-nio-8443-exec-10] ERROR c.q.c.u.c.CareGiverController - Error Occured At UpdateCareGiver : No value present
2020-09-21 19:51:41 [http-nio-8443-exec-2] ERROR c.q.c.u.c.CareGiverController - Error Occured At UpdateCareGiver : No value present
2020-09-21 19:52:01 [http-nio-8443-exec-4] INFO  c.q.c.u.c.CareGiverController - No CareGiver Found with Id : 1
2020-09-21 19:52:06 [http-nio-8443-exec-5] ERROR c.q.c.u.c.CareGiverController - Error Occured At UpdateCareGiver : No value present
2020-09-21 19:52:18 [http-nio-8443-exec-7] INFO  c.q.c.u.c.CareGiverController - Care Giver Created Successfully With CareGiver_Id : 1
2020-09-21 19:52:23 [http-nio-8443-exec-9] INFO  c.q.c.u.c.CareGiverController - Get CareGiver Records By CareGiverId 1
2020-09-21 19:53:42 [http-nio-8443-exec-1] INFO  c.q.c.u.c.CareGiverController - Get CareGiver Records By CareGiverId 1
2020-09-21 19:54:10 [http-nio-8443-exec-2] INFO  c.q.c.u.c.CareGiverController - Get CareGiver Records By CareGiverId 1
2020-09-21 20:40:46 [restartedMain] INFO  c.q.cs.QdmCareSupervisorApplication - Starting QdmCareSupervisorApplication on LAPTOP-GBKRVFU8 with PID 1572 (C:\Users\nandh\git\repository10\qdm-care-supervisor\target\classes started by nandh in C:\Users\nandh\git\repository10\qdm-care-supervisor)
2020-09-21 20:40:46 [restartedMain] DEBUG c.q.cs.QdmCareSupervisorApplication - Running with Spring Boot v2.3.2.RELEASE, Spring v5.2.8.RELEASE
2020-09-21 20:40:46 [restartedMain] INFO  c.q.cs.QdmCareSupervisorApplication - The following profiles are active: dev
2020-09-21 20:40:52 [restartedMain] INFO  c.q.cs.QdmCareSupervisorApplication - Started QdmCareSupervisorApplication in 6.226 seconds (JVM running for 6.939)
2020-09-21 20:43:14 [http-nio-8443-exec-5] INFO  c.q.c.u.c.CareGiverController - Care Giver Created Successfully With CareGiver_Id : 1
2020-09-21 20:43:19 [http-nio-8443-exec-6] INFO  c.q.c.u.c.CareGiverController - Get CareGiver Records By CareGiverId 1
2020-09-21 20:43:53 [http-nio-8443-exec-7] INFO  c.q.c.u.c.CareProviderController - Created Care Provider Successfully With ID : 1
2020-09-21 20:44:18 [http-nio-8443-exec-8] ERROR c.q.c.u.c.CareGiverController - Care Giver Id is Mandatory
2020-09-21 20:44:29 [http-nio-8443-exec-10] INFO  c.q.c.u.c.CareGiverController - CareGiver Updated Successfully with Id 1
2020-09-21 20:44:34 [http-nio-8443-exec-2] INFO  c.q.c.u.c.CareGiverController - Get CareGiver Records By CareGiverId 1
2020-09-21 20:45:54 [http-nio-8443-exec-6] INFO  c.q.c.u.c.CareGiverController - Care Givers List {offset=0, total_count=1, list=[{service=, isactive=Active, name=Marry, profile_pic=http://localhost:8443/careSupervisor/management/careGiver/downloadFile/2, orderList=[{"count":0,"name":"Clients"}], care_provider=[CareProviderList(id=1, name=TTT, profile_pic=null, category=null)], id=1, category=[]}]}
2020-09-21 20:46:14 [http-nio-8443-exec-7] INFO  c.q.c.u.c.CareGiverController - Get CareGiver Records By CareGiverId 1
2020-09-21 20:50:51 [http-nio-8443-exec-10] INFO  c.q.c.u.c.CareGiverController - CareGiver Updated Successfully with Id 1
2020-09-21 20:50:58 [http-nio-8443-exec-2] INFO  c.q.c.u.c.CareGiverController - Get CareGiver Records By CareGiverId 1
2020-09-21 20:51:16 [http-nio-8443-exec-1] INFO  c.q.c.u.c.CareGiverController - CareGiver Updated Successfully with Id 1
2020-09-21 20:51:19 [http-nio-8443-exec-3] INFO  c.q.c.u.c.CareGiverController - Get CareGiver Records By CareGiverId 1
2020-09-21 20:52:00 [http-nio-8443-exec-4] INFO  c.q.c.u.c.CareGiverController - CareGiver Updated Successfully with Id 1
2020-09-21 20:52:05 [http-nio-8443-exec-5] INFO  c.q.c.u.c.CareGiverController - Get CareGiver Records By CareGiverId 1
2020-09-21 20:52:18 [http-nio-8443-exec-6] INFO  c.q.c.u.c.CareGiverController - CareGiver Updated Successfully with Id 1
2020-09-21 20:52:22 [http-nio-8443-exec-7] INFO  c.q.c.u.c.CareGiverController - Get CareGiver Records By CareGiverId 1
2020-09-21 21:00:56 [restartedMain] INFO  c.q.cs.QdmCareSupervisorApplication - Starting QdmCareSupervisorApplication on LAPTOP-GBKRVFU8 with PID 1572 (C:\Users\nandh\git\repository10\qdm-care-supervisor\target\classes started by nandh in C:\Users\nandh\git\repository10\qdm-care-supervisor)
2020-09-21 21:00:56 [restartedMain] DEBUG c.q.cs.QdmCareSupervisorApplication - Running with Spring Boot v2.3.2.RELEASE, Spring v5.2.8.RELEASE
2020-09-21 21:00:56 [restartedMain] INFO  c.q.cs.QdmCareSupervisorApplication - The following profiles are active: dev
2020-09-21 21:00:58 [restartedMain] INFO  c.q.cs.QdmCareSupervisorApplication - Started QdmCareSupervisorApplication in 2.899 seconds (JVM running for 1213.094)
2020-09-21 21:06:45 [restartedMain] INFO  c.q.cs.QdmCareSupervisorApplication - Starting QdmCareSupervisorApplication on LAPTOP-GBKRVFU8 with PID 1572 (C:\Users\nandh\git\repository10\qdm-care-supervisor\target\classes started by nandh in C:\Users\nandh\git\repository10\qdm-care-supervisor)
2020-09-21 21:06:45 [restartedMain] DEBUG c.q.cs.QdmCareSupervisorApplication - Running with Spring Boot v2.3.2.RELEASE, Spring v5.2.8.RELEASE
2020-09-21 21:06:45 [restartedMain] INFO  c.q.cs.QdmCareSupervisorApplication - The following profiles are active: dev
2020-09-21 21:06:47 [restartedMain] INFO  c.q.cs.QdmCareSupervisorApplication - Started QdmCareSupervisorApplication in 1.842 seconds (JVM running for 1561.271)
2020-09-21 21:06:51 [http-nio-8443-exec-2] INFO  c.q.c.u.c.CareGiverController - Get CareGiver Records By CareGiverId 1
2020-09-21 21:18:05 [restartedMain] INFO  c.q.cs.QdmCareSupervisorApplication - Starting QdmCareSupervisorApplication on LAPTOP-GBKRVFU8 with PID 1572 (C:\Users\nandh\git\repository10\qdm-care-supervisor\target\classes started by nandh in C:\Users\nandh\git\repository10\qdm-care-supervisor)
2020-09-21 21:18:05 [restartedMain] DEBUG c.q.cs.QdmCareSupervisorApplication - Running with Spring Boot v2.3.2.RELEASE, Spring v5.2.8.RELEASE
2020-09-21 21:18:05 [restartedMain] INFO  c.q.cs.QdmCareSupervisorApplication - The following profiles are active: dev
2020-09-21 21:18:06 [restartedMain] INFO  c.q.cs.QdmCareSupervisorApplication - Started QdmCareSupervisorApplication in 1.696 seconds (JVM running for 2241.002)
2020-09-21 21:18:11 [restartedMain] INFO  c.q.cs.QdmCareSupervisorApplication - Starting QdmCareSupervisorApplication on LAPTOP-GBKRVFU8 with PID 1572 (C:\Users\nandh\git\repository10\qdm-care-supervisor\target\classes started by nandh in C:\Users\nandh\git\repository10\qdm-care-supervisor)
2020-09-21 21:18:11 [restartedMain] DEBUG c.q.cs.QdmCareSupervisorApplication - Running with Spring Boot v2.3.2.RELEASE, Spring v5.2.8.RELEASE
2020-09-21 21:18:11 [restartedMain] INFO  c.q.cs.QdmCareSupervisorApplication - The following profiles are active: dev
2020-09-21 21:18:13 [restartedMain] INFO  c.q.cs.QdmCareSupervisorApplication - Started QdmCareSupervisorApplication in 1.663 seconds (JVM running for 2247.49)
2020-09-21 21:18:22 [restartedMain] INFO  c.q.cs.QdmCareSupervisorApplication - Starting QdmCareSupervisorApplication on LAPTOP-GBKRVFU8 with PID 1572 (C:\Users\nandh\git\repository10\qdm-care-supervisor\target\classes started by nandh in C:\Users\nandh\git\repository10\qdm-care-supervisor)
2020-09-21 21:18:22 [restartedMain] DEBUG c.q.cs.QdmCareSupervisorApplication - Running with Spring Boot v2.3.2.RELEASE, Spring v5.2.8.RELEASE
2020-09-21 21:18:22 [restartedMain] INFO  c.q.cs.QdmCareSupervisorApplication - The following profiles are active: dev
2020-09-21 21:18:24 [restartedMain] INFO  c.q.cs.QdmCareSupervisorApplication - Started QdmCareSupervisorApplication in 1.804 seconds (JVM running for 2258.213)
2020-09-21 21:19:18 [restartedMain] INFO  c.q.cs.QdmCareSupervisorApplication - Starting QdmCareSupervisorApplication on LAPTOP-GBKRVFU8 with PID 1572 (C:\Users\nandh\git\repository10\qdm-care-supervisor\target\classes started by nandh in C:\Users\nandh\git\repository10\qdm-care-supervisor)
2020-09-21 21:19:18 [restartedMain] DEBUG c.q.cs.QdmCareSupervisorApplication - Running with Spring Boot v2.3.2.RELEASE, Spring v5.2.8.RELEASE
2020-09-21 21:19:18 [restartedMain] INFO  c.q.cs.QdmCareSupervisorApplication - The following profiles are active: dev
2020-09-21 21:19:20 [restartedMain] INFO  c.q.cs.QdmCareSupervisorApplication - Started QdmCareSupervisorApplication in 1.694 seconds (JVM running for 2314.267)
2020-09-21 22:20:41 [restartedMain] INFO  c.q.cs.QdmCareSupervisorApplication - Starting QdmCareSupervisorApplication on LAPTOP-GBKRVFU8 with PID 1572 (C:\Users\nandh\git\repository10\qdm-care-supervisor\target\classes started by nandh in C:\Users\nandh\git\repository10\qdm-care-supervisor)
2020-09-21 22:20:41 [restartedMain] DEBUG c.q.cs.QdmCareSupervisorApplication - Running with Spring Boot v2.3.2.RELEASE, Spring v5.2.8.RELEASE
2020-09-21 22:20:41 [restartedMain] INFO  c.q.cs.QdmCareSupervisorApplication - The following profiles are active: dev
2020-09-21 22:20:43 [restartedMain] INFO  c.q.cs.QdmCareSupervisorApplication - Started QdmCareSupervisorApplication in 2.084 seconds (JVM running for 5997.763)
2020-09-21 22:21:00 [restartedMain] INFO  c.q.cs.QdmCareSupervisorApplication - Starting QdmCareSupervisorApplication on LAPTOP-GBKRVFU8 with PID 1572 (C:\Users\nandh\git\repository10\qdm-care-supervisor\target\classes started by nandh in C:\Users\nandh\git\repository10\qdm-care-supervisor)
2020-09-21 22:21:00 [restartedMain] DEBUG c.q.cs.QdmCareSupervisorApplication - Running with Spring Boot v2.3.2.RELEASE, Spring v5.2.8.RELEASE
2020-09-21 22:21:00 [restartedMain] INFO  c.q.cs.QdmCareSupervisorApplication - The following profiles are active: dev
2020-09-21 22:21:02 [restartedMain] INFO  c.q.cs.QdmCareSupervisorApplication - Started QdmCareSupervisorApplication in 1.609 seconds (JVM running for 6016.674)
2020-09-21 22:23:45 [restartedMain] INFO  c.q.cs.QdmCareSupervisorApplication - Starting QdmCareSupervisorApplication on LAPTOP-GBKRVFU8 with PID 1572 (C:\Users\nandh\git\repository10\qdm-care-supervisor\target\classes started by nandh in C:\Users\nandh\git\repository10\qdm-care-supervisor)
2020-09-21 22:23:45 [restartedMain] DEBUG c.q.cs.QdmCareSupervisorApplication - Running with Spring Boot v2.3.2.RELEASE, Spring v5.2.8.RELEASE
2020-09-21 22:23:45 [restartedMain] INFO  c.q.cs.QdmCareSupervisorApplication - The following profiles are active: dev
2020-09-21 22:23:46 [restartedMain] INFO  c.q.cs.QdmCareSupervisorApplication - Started QdmCareSupervisorApplication in 1.403 seconds (JVM running for 6180.614)
2020-09-21 22:23:52 [http-nio-8443-exec-2] INFO  c.q.c.u.c.CareGiverController - No CareGiver Found with Id : 1
2020-09-21 22:24:09 [http-nio-8443-exec-5] INFO  c.q.c.u.c.CareGiverController - Care Giver Created Successfully With CareGiver_Id : 1
2020-09-21 22:24:14 [http-nio-8443-exec-3] INFO  c.q.c.u.c.CareGiverController - Get CareGiver Records By CareGiverId 1
2020-09-21 22:25:14 [restartedMain] INFO  c.q.cs.QdmCareSupervisorApplication - Starting QdmCareSupervisorApplication on LAPTOP-GBKRVFU8 with PID 1572 (C:\Users\nandh\git\repository10\qdm-care-supervisor\target\classes started by nandh in C:\Users\nandh\git\repository10\qdm-care-supervisor)
2020-09-21 22:25:14 [restartedMain] DEBUG c.q.cs.QdmCareSupervisorApplication - Running with Spring Boot v2.3.2.RELEASE, Spring v5.2.8.RELEASE
2020-09-21 22:25:14 [restartedMain] INFO  c.q.cs.QdmCareSupervisorApplication - The following profiles are active: dev
2020-09-21 22:25:16 [restartedMain] INFO  c.q.cs.QdmCareSupervisorApplication - Started QdmCareSupervisorApplication in 1.707 seconds (JVM running for 6270.336)
2020-09-21 22:25:26 [restartedMain] INFO  c.q.cs.QdmCareSupervisorApplication - Starting QdmCareSupervisorApplication on LAPTOP-GBKRVFU8 with PID 1572 (C:\Users\nandh\git\repository10\qdm-care-supervisor\target\classes started by nandh in C:\Users\nandh\git\repository10\qdm-care-supervisor)
2020-09-21 22:25:26 [restartedMain] DEBUG c.q.cs.QdmCareSupervisorApplication - Running with Spring Boot v2.3.2.RELEASE, Spring v5.2.8.RELEASE
2020-09-21 22:25:26 [restartedMain] INFO  c.q.cs.QdmCareSupervisorApplication - The following profiles are active: dev
2020-09-21 22:25:27 [restartedMain] INFO  c.q.cs.QdmCareSupervisorApplication - Started QdmCareSupervisorApplication in 1.675 seconds (JVM running for 6282.077)
2020-09-21 22:25:51 [restartedMain] INFO  c.q.cs.QdmCareSupervisorApplication - Starting QdmCareSupervisorApplication on LAPTOP-GBKRVFU8 with PID 1572 (C:\Users\nandh\git\repository10\qdm-care-supervisor\target\classes started by nandh in C:\Users\nandh\git\repository10\qdm-care-supervisor)
2020-09-21 22:25:51 [restartedMain] DEBUG c.q.cs.QdmCareSupervisorApplication - Running with Spring Boot v2.3.2.RELEASE, Spring v5.2.8.RELEASE
2020-09-21 22:25:51 [restartedMain] INFO  c.q.cs.QdmCareSupervisorApplication - The following profiles are active: dev
2020-09-21 22:25:53 [restartedMain] INFO  c.q.cs.QdmCareSupervisorApplication - Started QdmCareSupervisorApplication in 1.673 seconds (JVM running for 6307.252)
2020-09-21 22:26:15 [http-nio-8443-exec-2] INFO  c.q.c.u.c.CareGiverController - Care Giver Created Successfully With CareGiver_Id : 1
2020-09-21 22:26:20 [http-nio-8443-exec-3] INFO  c.q.c.u.c.CareGiverController - Get CareGiver Records By CareGiverId 1
2020-09-21 22:26:32 [restartedMain] INFO  c.q.cs.QdmCareSupervisorApplication - Starting QdmCareSupervisorApplication on LAPTOP-GBKRVFU8 with PID 1572 (C:\Users\nandh\git\repository10\qdm-care-supervisor\target\classes started by nandh in C:\Users\nandh\git\repository10\qdm-care-supervisor)
2020-09-21 22:26:32 [restartedMain] DEBUG c.q.cs.QdmCareSupervisorApplication - Running with Spring Boot v2.3.2.RELEASE, Spring v5.2.8.RELEASE
2020-09-21 22:26:32 [restartedMain] INFO  c.q.cs.QdmCareSupervisorApplication - The following profiles are active: dev
2020-09-21 22:26:33 [restartedMain] INFO  c.q.cs.QdmCareSupervisorApplication - Started QdmCareSupervisorApplication in 1.803 seconds (JVM running for 6348.126)
2020-09-21 22:26:45 [restartedMain] INFO  c.q.cs.QdmCareSupervisorApplication - Starting QdmCareSupervisorApplication on LAPTOP-GBKRVFU8 with PID 1572 (C:\Users\nandh\git\repository10\qdm-care-supervisor\target\classes started by nandh in C:\Users\nandh\git\repository10\qdm-care-supervisor)
2020-09-21 22:26:45 [restartedMain] DEBUG c.q.cs.QdmCareSupervisorApplication - Running with Spring Boot v2.3.2.RELEASE, Spring v5.2.8.RELEASE
2020-09-21 22:26:45 [restartedMain] INFO  c.q.cs.QdmCareSupervisorApplication - The following profiles are active: dev
2020-09-21 22:26:46 [restartedMain] INFO  c.q.cs.QdmCareSupervisorApplication - Started QdmCareSupervisorApplication in 1.807 seconds (JVM running for 6360.954)
2020-09-21 22:27:32 [restartedMain] INFO  c.q.cs.QdmCareSupervisorApplication - Starting QdmCareSupervisorApplication on LAPTOP-GBKRVFU8 with PID 1572 (C:\Users\nandh\git\repository10\qdm-care-supervisor\target\classes started by nandh in C:\Users\nandh\git\repository10\qdm-care-supervisor)
2020-09-21 22:27:32 [restartedMain] DEBUG c.q.cs.QdmCareSupervisorApplication - Running with Spring Boot v2.3.2.RELEASE, Spring v5.2.8.RELEASE
2020-09-21 22:27:32 [restartedMain] INFO  c.q.cs.QdmCareSupervisorApplication - The following profiles are active: dev
2020-09-21 22:27:34 [restartedMain] INFO  c.q.cs.QdmCareSupervisorApplication - Started QdmCareSupervisorApplication in 1.87 seconds (JVM running for 6408.175)
2020-09-21 22:27:41 [restartedMain] INFO  c.q.cs.QdmCareSupervisorApplication - Starting QdmCareSupervisorApplication on LAPTOP-GBKRVFU8 with PID 1572 (C:\Users\nandh\git\repository10\qdm-care-supervisor\target\classes started by nandh in C:\Users\nandh\git\repository10\qdm-care-supervisor)
2020-09-21 22:27:41 [restartedMain] DEBUG c.q.cs.QdmCareSupervisorApplication - Running with Spring Boot v2.3.2.RELEASE, Spring v5.2.8.RELEASE
2020-09-21 22:27:41 [restartedMain] INFO  c.q.cs.QdmCareSupervisorApplication - The following profiles are active: dev
2020-09-21 22:27:42 [restartedMain] INFO  c.q.cs.QdmCareSupervisorApplication - Started QdmCareSupervisorApplication in 1.525 seconds (JVM running for 6416.689)
2020-09-21 22:27:49 [http-nio-8443-exec-3] INFO  c.q.c.u.c.CareGiverController - Care Giver Created Successfully With CareGiver_Id : 1
2020-09-21 22:27:53 [http-nio-8443-exec-4] INFO  c.q.c.u.c.CareGiverController - Get CareGiver Records By CareGiverId 1
2020-09-21 22:28:38 [restartedMain] INFO  c.q.cs.QdmCareSupervisorApplication - Starting QdmCareSupervisorApplication on LAPTOP-GBKRVFU8 with PID 1572 (C:\Users\nandh\git\repository10\qdm-care-supervisor\target\classes started by nandh in C:\Users\nandh\git\repository10\qdm-care-supervisor)
2020-09-21 22:28:38 [restartedMain] DEBUG c.q.cs.QdmCareSupervisorApplication - Running with Spring Boot v2.3.2.RELEASE, Spring v5.2.8.RELEASE
2020-09-21 22:28:38 [restartedMain] INFO  c.q.cs.QdmCareSupervisorApplication - The following profiles are active: dev
2020-09-21 22:28:40 [restartedMain] INFO  c.q.cs.QdmCareSupervisorApplication - Started QdmCareSupervisorApplication in 1.566 seconds (JVM running for 6474.167)
2020-09-21 22:28:56 [http-nio-8443-exec-2] INFO  c.q.c.u.c.CareGiverController - Care Giver Created Successfully With CareGiver_Id : 1
2020-09-21 22:28:58 [http-nio-8443-exec-3] INFO  c.q.c.u.c.CareGiverController - Get CareGiver Records By CareGiverId 1
2020-09-21 22:30:06 [restartedMain] INFO  c.q.cs.QdmCareSupervisorApplication - Starting QdmCareSupervisorApplication on LAPTOP-GBKRVFU8 with PID 1572 (C:\Users\nandh\git\repository10\qdm-care-supervisor\target\classes started by nandh in C:\Users\nandh\git\repository10\qdm-care-supervisor)
2020-09-21 22:30:06 [restartedMain] DEBUG c.q.cs.QdmCareSupervisorApplication - Running with Spring Boot v2.3.2.RELEASE, Spring v5.2.8.RELEASE
2020-09-21 22:30:06 [restartedMain] INFO  c.q.cs.QdmCareSupervisorApplication - The following profiles are active: dev
2020-09-21 22:30:07 [restartedMain] INFO  c.q.cs.QdmCareSupervisorApplication - Started QdmCareSupervisorApplication in 1.5 seconds (JVM running for 6561.673)
2020-09-21 22:30:16 [restartedMain] INFO  c.q.cs.QdmCareSupervisorApplication - Starting QdmCareSupervisorApplication on LAPTOP-GBKRVFU8 with PID 1572 (C:\Users\nandh\git\repository10\qdm-care-supervisor\target\classes started by nandh in C:\Users\nandh\git\repository10\qdm-care-supervisor)
2020-09-21 22:30:16 [restartedMain] DEBUG c.q.cs.QdmCareSupervisorApplication - Running with Spring Boot v2.3.2.RELEASE, Spring v5.2.8.RELEASE
2020-09-21 22:30:16 [restartedMain] INFO  c.q.cs.QdmCareSupervisorApplication - The following profiles are active: dev
2020-09-21 22:30:18 [restartedMain] INFO  c.q.cs.QdmCareSupervisorApplication - Started QdmCareSupervisorApplication in 1.647 seconds (JVM running for 6572.323)
2020-09-21 22:30:23 [restartedMain] INFO  c.q.cs.QdmCareSupervisorApplication - Starting QdmCareSupervisorApplication on LAPTOP-GBKRVFU8 with PID 1572 (C:\Users\nandh\git\repository10\qdm-care-supervisor\target\classes started by nandh in C:\Users\nandh\git\repository10\qdm-care-supervisor)
2020-09-21 22:30:23 [restartedMain] DEBUG c.q.cs.QdmCareSupervisorApplication - Running with Spring Boot v2.3.2.RELEASE, Spring v5.2.8.RELEASE
2020-09-21 22:30:23 [restartedMain] INFO  c.q.cs.QdmCareSupervisorApplication - The following profiles are active: dev
2020-09-21 22:30:24 [restartedMain] INFO  c.q.cs.QdmCareSupervisorApplication - Started QdmCareSupervisorApplication in 1.494 seconds (JVM running for 6578.69)
2020-09-21 22:30:31 [http-nio-8443-exec-2] INFO  c.q.c.u.c.CareGiverController - Care Giver Created Successfully With CareGiver_Id : 1
2020-09-21 22:30:34 [http-nio-8443-exec-3] INFO  c.q.c.u.c.CareGiverController - Get CareGiver Records By CareGiverId 1
2020-09-21 22:31:01 [restartedMain] INFO  c.q.cs.QdmCareSupervisorApplication - Starting QdmCareSupervisorApplication on LAPTOP-GBKRVFU8 with PID 1572 (C:\Users\nandh\git\repository10\qdm-care-supervisor\target\classes started by nandh in C:\Users\nandh\git\repository10\qdm-care-supervisor)
2020-09-21 22:31:01 [restartedMain] DEBUG c.q.cs.QdmCareSupervisorApplication - Running with Spring Boot v2.3.2.RELEASE, Spring v5.2.8.RELEASE
2020-09-21 22:31:01 [restartedMain] INFO  c.q.cs.QdmCareSupervisorApplication - The following profiles are active: dev
2020-09-21 22:31:03 [restartedMain] INFO  c.q.cs.QdmCareSupervisorApplication - Started QdmCareSupervisorApplication in 1.587 seconds (JVM running for 6617.268)
2020-09-21 22:31:24 [restartedMain] INFO  c.q.cs.QdmCareSupervisorApplication - Starting QdmCareSupervisorApplication on LAPTOP-GBKRVFU8 with PID 1572 (C:\Users\nandh\git\repository10\qdm-care-supervisor\target\classes started by nandh in C:\Users\nandh\git\repository10\qdm-care-supervisor)
2020-09-21 22:31:24 [restartedMain] DEBUG c.q.cs.QdmCareSupervisorApplication - Running with Spring Boot v2.3.2.RELEASE, Spring v5.2.8.RELEASE
2020-09-21 22:31:24 [restartedMain] INFO  c.q.cs.QdmCareSupervisorApplication - The following profiles are active: dev
2020-09-21 22:31:26 [restartedMain] INFO  c.q.cs.QdmCareSupervisorApplication - Started QdmCareSupervisorApplication in 1.464 seconds (JVM running for 6640.192)
2020-09-21 22:32:49 [restartedMain] INFO  c.q.cs.QdmCareSupervisorApplication - Starting QdmCareSupervisorApplication on LAPTOP-GBKRVFU8 with PID 1572 (C:\Users\nandh\git\repository10\qdm-care-supervisor\target\classes started by nandh in C:\Users\nandh\git\repository10\qdm-care-supervisor)
2020-09-21 22:32:49 [restartedMain] DEBUG c.q.cs.QdmCareSupervisorApplication - Running with Spring Boot v2.3.2.RELEASE, Spring v5.2.8.RELEASE
2020-09-21 22:32:49 [restartedMain] INFO  c.q.cs.QdmCareSupervisorApplication - The following profiles are active: dev
2020-09-21 22:32:51 [restartedMain] INFO  c.q.cs.QdmCareSupervisorApplication - Started QdmCareSupervisorApplication in 1.602 seconds (JVM running for 6725.596)
2020-09-21 22:32:58 [restartedMain] INFO  c.q.cs.QdmCareSupervisorApplication - Starting QdmCareSupervisorApplication on LAPTOP-GBKRVFU8 with PID 1572 (C:\Users\nandh\git\repository10\qdm-care-supervisor\target\classes started by nandh in C:\Users\nandh\git\repository10\qdm-care-supervisor)
2020-09-21 22:32:58 [restartedMain] DEBUG c.q.cs.QdmCareSupervisorApplication - Running with Spring Boot v2.3.2.RELEASE, Spring v5.2.8.RELEASE
2020-09-21 22:32:58 [restartedMain] INFO  c.q.cs.QdmCareSupervisorApplication - The following profiles are active: dev
2020-09-21 22:32:59 [restartedMain] INFO  c.q.cs.QdmCareSupervisorApplication - Started QdmCareSupervisorApplication in 1.496 seconds (JVM running for 6734.102)
2020-09-21 22:33:11 [restartedMain] INFO  c.q.cs.QdmCareSupervisorApplication - Starting QdmCareSupervisorApplication on LAPTOP-GBKRVFU8 with PID 1572 (C:\Users\nandh\git\repository10\qdm-care-supervisor\target\classes started by nandh in C:\Users\nandh\git\repository10\qdm-care-supervisor)
2020-09-21 22:33:11 [restartedMain] DEBUG c.q.cs.QdmCareSupervisorApplication - Running with Spring Boot v2.3.2.RELEASE, Spring v5.2.8.RELEASE
2020-09-21 22:33:11 [restartedMain] INFO  c.q.cs.QdmCareSupervisorApplication - The following profiles are active: dev
2020-09-21 22:33:12 [restartedMain] INFO  c.q.cs.QdmCareSupervisorApplication - Started QdmCareSupervisorApplication in 1.475 seconds (JVM running for 6746.689)
2020-09-21 22:33:21 [restartedMain] INFO  c.q.cs.QdmCareSupervisorApplication - Starting QdmCareSupervisorApplication on LAPTOP-GBKRVFU8 with PID 1572 (C:\Users\nandh\git\repository10\qdm-care-supervisor\target\classes started by nandh in C:\Users\nandh\git\repository10\qdm-care-supervisor)
2020-09-21 22:33:21 [restartedMain] DEBUG c.q.cs.QdmCareSupervisorApplication - Running with Spring Boot v2.3.2.RELEASE, Spring v5.2.8.RELEASE
2020-09-21 22:33:21 [restartedMain] INFO  c.q.cs.QdmCareSupervisorApplication - The following profiles are active: dev
2020-09-21 22:33:23 [restartedMain] INFO  c.q.cs.QdmCareSupervisorApplication - Started QdmCareSupervisorApplication in 1.595 seconds (JVM running for 6757.361)
2020-09-21 22:33:29 [restartedMain] INFO  c.q.cs.QdmCareSupervisorApplication - Starting QdmCareSupervisorApplication on LAPTOP-GBKRVFU8 with PID 1572 (C:\Users\nandh\git\repository10\qdm-care-supervisor\target\classes started by nandh in C:\Users\nandh\git\repository10\qdm-care-supervisor)
2020-09-21 22:33:29 [restartedMain] DEBUG c.q.cs.QdmCareSupervisorApplication - Running with Spring Boot v2.3.2.RELEASE, Spring v5.2.8.RELEASE
2020-09-21 22:33:29 [restartedMain] INFO  c.q.cs.QdmCareSupervisorApplication - The following profiles are active: dev
2020-09-21 22:33:30 [restartedMain] INFO  c.q.cs.QdmCareSupervisorApplication - Started QdmCareSupervisorApplication in 1.493 seconds (JVM running for 6764.727)
2020-09-21 22:33:50 [restartedMain] INFO  c.q.cs.QdmCareSupervisorApplication - Starting QdmCareSupervisorApplication on LAPTOP-GBKRVFU8 with PID 1572 (C:\Users\nandh\git\repository10\qdm-care-supervisor\target\classes started by nandh in C:\Users\nandh\git\repository10\qdm-care-supervisor)
2020-09-21 22:33:50 [restartedMain] DEBUG c.q.cs.QdmCareSupervisorApplication - Running with Spring Boot v2.3.2.RELEASE, Spring v5.2.8.RELEASE
2020-09-21 22:33:50 [restartedMain] INFO  c.q.cs.QdmCareSupervisorApplication - The following profiles are active: dev
2020-09-21 22:33:51 [restartedMain] INFO  c.q.cs.QdmCareSupervisorApplication - Started QdmCareSupervisorApplication in 1.33 seconds (JVM running for 6785.97)
2020-09-21 22:34:08 [restartedMain] INFO  c.q.cs.QdmCareSupervisorApplication - Starting QdmCareSupervisorApplication on LAPTOP-GBKRVFU8 with PID 1572 (C:\Users\nandh\git\repository10\qdm-care-supervisor\target\classes started by nandh in C:\Users\nandh\git\repository10\qdm-care-supervisor)
2020-09-21 22:34:08 [restartedMain] DEBUG c.q.cs.QdmCareSupervisorApplication - Running with Spring Boot v2.3.2.RELEASE, Spring v5.2.8.RELEASE
2020-09-21 22:34:08 [restartedMain] INFO  c.q.cs.QdmCareSupervisorApplication - The following profiles are active: dev
2020-09-21 22:34:09 [restartedMain] INFO  c.q.cs.QdmCareSupervisorApplication - Started QdmCareSupervisorApplication in 1.376 seconds (JVM running for 6803.714)
2020-09-21 22:34:47 [restartedMain] INFO  c.q.cs.QdmCareSupervisorApplication - Starting QdmCareSupervisorApplication on LAPTOP-GBKRVFU8 with PID 1572 (C:\Users\nandh\git\repository10\qdm-care-supervisor\target\classes started by nandh in C:\Users\nandh\git\repository10\qdm-care-supervisor)
2020-09-21 22:34:47 [restartedMain] DEBUG c.q.cs.QdmCareSupervisorApplication - Running with Spring Boot v2.3.2.RELEASE, Spring v5.2.8.RELEASE
2020-09-21 22:34:47 [restartedMain] INFO  c.q.cs.QdmCareSupervisorApplication - The following profiles are active: dev
2020-09-21 22:34:48 [restartedMain] INFO  c.q.cs.QdmCareSupervisorApplication - Started QdmCareSupervisorApplication in 1.446 seconds (JVM running for 6843.075)
2020-09-21 22:34:54 [restartedMain] INFO  c.q.cs.QdmCareSupervisorApplication - Starting QdmCareSupervisorApplication on LAPTOP-GBKRVFU8 with PID 1572 (C:\Users\nandh\git\repository10\qdm-care-supervisor\target\classes started by nandh in C:\Users\nandh\git\repository10\qdm-care-supervisor)
2020-09-21 22:34:54 [restartedMain] DEBUG c.q.cs.QdmCareSupervisorApplication - Running with Spring Boot v2.3.2.RELEASE, Spring v5.2.8.RELEASE
2020-09-21 22:34:54 [restartedMain] INFO  c.q.cs.QdmCareSupervisorApplication - The following profiles are active: dev
2020-09-21 22:34:56 [restartedMain] INFO  c.q.cs.QdmCareSupervisorApplication - Started QdmCareSupervisorApplication in 1.4 seconds (JVM running for 6850.415)
2020-09-21 22:35:23 [restartedMain] INFO  c.q.cs.QdmCareSupervisorApplication - Starting QdmCareSupervisorApplication on LAPTOP-GBKRVFU8 with PID 1572 (C:\Users\nandh\git\repository10\qdm-care-supervisor\target\classes started by nandh in C:\Users\nandh\git\repository10\qdm-care-supervisor)
2020-09-21 22:35:23 [restartedMain] DEBUG c.q.cs.QdmCareSupervisorApplication - Running with Spring Boot v2.3.2.RELEASE, Spring v5.2.8.RELEASE
2020-09-21 22:35:23 [restartedMain] INFO  c.q.cs.QdmCareSupervisorApplication - The following profiles are active: dev
2020-09-21 22:35:25 [restartedMain] INFO  c.q.cs.QdmCareSupervisorApplication - Started QdmCareSupervisorApplication in 1.467 seconds (JVM running for 6879.57)
2020-09-21 22:35:59 [restartedMain] INFO  c.q.cs.QdmCareSupervisorApplication - Starting QdmCareSupervisorApplication on LAPTOP-GBKRVFU8 with PID 1572 (C:\Users\nandh\git\repository10\qdm-care-supervisor\target\classes started by nandh in C:\Users\nandh\git\repository10\qdm-care-supervisor)
2020-09-21 22:35:59 [restartedMain] DEBUG c.q.cs.QdmCareSupervisorApplication - Running with Spring Boot v2.3.2.RELEASE, Spring v5.2.8.RELEASE
2020-09-21 22:35:59 [restartedMain] INFO  c.q.cs.QdmCareSupervisorApplication - The following profiles are active: dev
2020-09-21 22:36:00 [restartedMain] INFO  c.q.cs.QdmCareSupervisorApplication - Started QdmCareSupervisorApplication in 1.386 seconds (JVM running for 6914.813)
2020-09-21 22:36:07 [http-nio-8443-exec-2] INFO  c.q.c.u.c.CareGiverController - Care Giver Created Successfully With CareGiver_Id : 1
2020-09-21 22:36:10 [http-nio-8443-exec-3] INFO  c.q.c.u.c.CareGiverController - Get CareGiver Records By CareGiverId 1
2020-09-21 22:37:00 [restartedMain] INFO  c.q.cs.QdmCareSupervisorApplication - Starting QdmCareSupervisorApplication on LAPTOP-GBKRVFU8 with PID 1572 (C:\Users\nandh\git\repository10\qdm-care-supervisor\target\classes started by nandh in C:\Users\nandh\git\repository10\qdm-care-supervisor)
2020-09-21 22:37:00 [restartedMain] DEBUG c.q.cs.QdmCareSupervisorApplication - Running with Spring Boot v2.3.2.RELEASE, Spring v5.2.8.RELEASE
2020-09-21 22:37:00 [restartedMain] INFO  c.q.cs.QdmCareSupervisorApplication - The following profiles are active: dev
2020-09-21 22:37:01 [restartedMain] INFO  c.q.cs.QdmCareSupervisorApplication - Started QdmCareSupervisorApplication in 1.45 seconds (JVM running for 6976.132)
2020-09-21 22:37:06 [restartedMain] INFO  c.q.cs.QdmCareSupervisorApplication - Starting QdmCareSupervisorApplication on LAPTOP-GBKRVFU8 with PID 1572 (C:\Users\nandh\git\repository10\qdm-care-supervisor\target\classes started by nandh in C:\Users\nandh\git\repository10\qdm-care-supervisor)
2020-09-21 22:37:06 [restartedMain] DEBUG c.q.cs.QdmCareSupervisorApplication - Running with Spring Boot v2.3.2.RELEASE, Spring v5.2.8.RELEASE
2020-09-21 22:37:06 [restartedMain] INFO  c.q.cs.QdmCareSupervisorApplication - The following profiles are active: dev
2020-09-21 22:37:07 [restartedMain] INFO  c.q.cs.QdmCareSupervisorApplication - Started QdmCareSupervisorApplication in 1.44 seconds (JVM running for 6981.613)
2020-09-21 22:37:10 [http-nio-8443-exec-3] INFO  c.q.c.u.c.CareGiverController - Care Giver Created Successfully With CareGiver_Id : 1
2020-09-21 22:37:14 [http-nio-8443-exec-4] INFO  c.q.c.u.c.CareGiverController - Get CareGiver Records By CareGiverId 1
2020-09-21 22:38:41 [http-nio-8443-exec-6] INFO  c.q.c.u.c.CareGiverController - Care Giver Created Successfully With CareGiver_Id : 1
2020-09-21 22:38:47 [http-nio-8443-exec-8] INFO  c.q.c.u.c.CareGiverController - Get CareGiver Records By CareGiverId 1
2020-09-23 22:50:43 [restartedMain] INFO  c.q.cs.QdmCareSupervisorApplication - Starting QdmCareSupervisorApplication on DESKTOP-U5GSRDA with PID 8908 (C:\Users\Nandhinee\Desktop\Nandhinee\Prodian Regardings\Latest Sourcecode\Personamanagement-master\Personamanagement-master\qdm-care-supervisor\target\classes started by Nandhinee in C:\Users\Nandhinee\Desktop\Nandhinee\Prodian Regardings\Latest Sourcecode\Personamanagement-master\Personamanagement-master\qdm-care-supervisor)
2020-09-23 22:50:43 [restartedMain] DEBUG c.q.cs.QdmCareSupervisorApplication - Running with Spring Boot v2.3.2.RELEASE, Spring v5.2.8.RELEASE
2020-09-23 22:50:43 [restartedMain] INFO  c.q.cs.QdmCareSupervisorApplication - The following profiles are active: dev
2020-09-23 22:50:52 [restartedMain] INFO  c.q.cs.QdmCareSupervisorApplication - Started QdmCareSupervisorApplication in 9.533 seconds (JVM running for 11.803)
