2020-09-02 19:14:02 [restartedMain] INFO  c.q.cs.QdmCareSupervisorApplication - Starting QdmCareSupervisorApplication on LAPTOP-GBKRVFU8 with PID 7196 (C:\Users\nandh\git\QDM\qdm-care-supervisor\target\classes started by nandh in C:\Users\nandh\git\QDM\qdm-care-supervisor)
2020-09-02 19:14:02 [restartedMain] DEBUG c.q.cs.QdmCareSupervisorApplication - Running with Spring Boot v2.3.2.RELEASE, Spring v5.2.8.RELEASE
2020-09-02 19:14:02 [restartedMain] INFO  c.q.cs.QdmCareSupervisorApplication - The following profiles are active: dev
2020-09-02 19:14:06 [restartedMain] INFO  c.q.cs.QdmCareSupervisorApplication - Started QdmCareSupervisorApplication in 4.715 seconds (JVM running for 5.602)
2020-09-02 19:14:30 [http-nio-8443-exec-2] INFO  c.q.c.u.c.CareGiverController - Get CareGiver Records By CareGiverId 1
2020-09-02 19:14:46 [restartedMain] INFO  c.q.cs.QdmCareSupervisorApplication - Starting QdmCareSupervisorApplication on LAPTOP-GBKRVFU8 with PID 7196 (C:\Users\nandh\git\QDM\qdm-care-supervisor\target\classes started by nandh in C:\Users\nandh\git\QDM\qdm-care-supervisor)
2020-09-02 19:14:46 [restartedMain] DEBUG c.q.cs.QdmCareSupervisorApplication - Running with Spring Boot v2.3.2.RELEASE, Spring v5.2.8.RELEASE
2020-09-02 19:14:46 [restartedMain] INFO  c.q.cs.QdmCareSupervisorApplication - The following profiles are active: dev
2020-09-02 19:14:47 [restartedMain] INFO  c.q.cs.QdmCareSupervisorApplication - Started QdmCareSupervisorApplication in 1.128 seconds (JVM running for 46.842)
2020-09-02 19:14:51 [http-nio-8443-exec-2] INFO  c.q.c.u.c.CareGiverController - Get CareGiver Records By CareGiverId 1
2020-09-02 19:15:26 [restartedMain] INFO  c.q.cs.QdmCareSupervisorApplication - Starting QdmCareSupervisorApplication on LAPTOP-GBKRVFU8 with PID 7196 (C:\Users\nandh\git\QDM\qdm-care-supervisor\target\classes started by nandh in C:\Users\nandh\git\QDM\qdm-care-supervisor)
2020-09-02 19:15:26 [restartedMain] DEBUG c.q.cs.QdmCareSupervisorApplication - Running with Spring Boot v2.3.2.RELEASE, Spring v5.2.8.RELEASE
2020-09-02 19:15:26 [restartedMain] INFO  c.q.cs.QdmCareSupervisorApplication - The following profiles are active: dev
2020-09-02 19:15:27 [restartedMain] INFO  c.q.cs.QdmCareSupervisorApplication - Started QdmCareSupervisorApplication in 1.148 seconds (JVM running for 86.24)
2020-09-02 19:16:08 [restartedMain] INFO  c.q.cs.QdmCareSupervisorApplication - Starting QdmCareSupervisorApplication on LAPTOP-GBKRVFU8 with PID 7196 (C:\Users\nandh\git\QDM\qdm-care-supervisor\target\classes started by nandh in C:\Users\nandh\git\QDM\qdm-care-supervisor)
2020-09-02 19:16:08 [restartedMain] DEBUG c.q.cs.QdmCareSupervisorApplication - Running with Spring Boot v2.3.2.RELEASE, Spring v5.2.8.RELEASE
2020-09-02 19:16:08 [restartedMain] INFO  c.q.cs.QdmCareSupervisorApplication - The following profiles are active: dev
2020-09-02 19:16:09 [restartedMain] INFO  c.q.cs.QdmCareSupervisorApplication - Started QdmCareSupervisorApplication in 1.061 seconds (JVM running for 128.502)
2020-09-02 19:16:15 [restartedMain] INFO  c.q.cs.QdmCareSupervisorApplication - Starting QdmCareSupervisorApplication on LAPTOP-GBKRVFU8 with PID 7196 (C:\Users\nandh\git\QDM\qdm-care-supervisor\target\classes started by nandh in C:\Users\nandh\git\QDM\qdm-care-supervisor)
2020-09-02 19:16:15 [restartedMain] DEBUG c.q.cs.QdmCareSupervisorApplication - Running with Spring Boot v2.3.2.RELEASE, Spring v5.2.8.RELEASE
2020-09-02 19:16:15 [restartedMain] INFO  c.q.cs.QdmCareSupervisorApplication - The following profiles are active: dev
2020-09-02 19:16:16 [restartedMain] INFO  c.q.cs.QdmCareSupervisorApplication - Started QdmCareSupervisorApplication in 1.05 seconds (JVM running for 135.244)
2020-09-02 19:16:56 [restartedMain] INFO  c.q.cs.QdmCareSupervisorApplication - Starting QdmCareSupervisorApplication on LAPTOP-GBKRVFU8 with PID 7196 (C:\Users\nandh\git\QDM\qdm-care-supervisor\target\classes started by nandh in C:\Users\nandh\git\QDM\qdm-care-supervisor)
2020-09-02 19:16:56 [restartedMain] DEBUG c.q.cs.QdmCareSupervisorApplication - Running with Spring Boot v2.3.2.RELEASE, Spring v5.2.8.RELEASE
2020-09-02 19:16:56 [restartedMain] INFO  c.q.cs.QdmCareSupervisorApplication - The following profiles are active: dev
2020-09-02 19:16:57 [restartedMain] INFO  c.q.cs.QdmCareSupervisorApplication - Started QdmCareSupervisorApplication in 1.003 seconds (JVM running for 176.631)
2020-09-02 19:17:01 [http-nio-8443-exec-2] ERROR c.q.c.u.c.CareGiverController - Error Occured At editCareGiverDetails : [Ljava.lang.Object; cannot be cast to com.qdm.cs.usermanagement.dto.Clients
2020-09-02 19:21:04 [restartedMain] INFO  c.q.cs.QdmCareSupervisorApplication - Starting QdmCareSupervisorApplication on LAPTOP-GBKRVFU8 with PID 7196 (C:\Users\nandh\git\QDM\qdm-care-supervisor\target\classes started by nandh in C:\Users\nandh\git\QDM\qdm-care-supervisor)
2020-09-02 19:21:04 [restartedMain] DEBUG c.q.cs.QdmCareSupervisorApplication - Running with Spring Boot v2.3.2.RELEASE, Spring v5.2.8.RELEASE
2020-09-02 19:21:04 [restartedMain] INFO  c.q.cs.QdmCareSupervisorApplication - The following profiles are active: dev
2020-09-02 19:21:06 [restartedMain] INFO  c.q.cs.QdmCareSupervisorApplication - Started QdmCareSupervisorApplication in 1.093 seconds (JVM running for 424.864)
2020-09-02 19:21:36 [restartedMain] INFO  c.q.cs.QdmCareSupervisorApplication - Starting QdmCareSupervisorApplication on LAPTOP-GBKRVFU8 with PID 7196 (C:\Users\nandh\git\QDM\qdm-care-supervisor\target\classes started by nandh in C:\Users\nandh\git\QDM\qdm-care-supervisor)
2020-09-02 19:21:36 [restartedMain] DEBUG c.q.cs.QdmCareSupervisorApplication - Running with Spring Boot v2.3.2.RELEASE, Spring v5.2.8.RELEASE
2020-09-02 19:21:36 [restartedMain] INFO  c.q.cs.QdmCareSupervisorApplication - The following profiles are active: dev
2020-09-02 19:21:37 [restartedMain] INFO  c.q.cs.QdmCareSupervisorApplication - Started QdmCareSupervisorApplication in 1.05 seconds (JVM running for 456.056)
2020-09-02 19:21:44 [http-nio-8443-exec-2] ERROR c.q.c.u.c.CareGiverController - Error Occured At editCareGiverDetails : [Ljava.lang.Object; cannot be cast to com.qdm.cs.usermanagement.dto.Clients
2020-09-02 19:24:48 [restartedMain] INFO  c.q.cs.QdmCareSupervisorApplication - Starting QdmCareSupervisorApplication on LAPTOP-GBKRVFU8 with PID 7196 (C:\Users\nandh\git\QDM\qdm-care-supervisor\target\classes started by nandh in C:\Users\nandh\git\QDM\qdm-care-supervisor)
2020-09-02 19:24:48 [restartedMain] DEBUG c.q.cs.QdmCareSupervisorApplication - Running with Spring Boot v2.3.2.RELEASE, Spring v5.2.8.RELEASE
2020-09-02 19:24:48 [restartedMain] INFO  c.q.cs.QdmCareSupervisorApplication - The following profiles are active: dev
2020-09-02 19:24:48 [restartedMain] INFO  c.q.cs.QdmCareSupervisorApplication - Started QdmCareSupervisorApplication in 0.964 seconds (JVM running for 647.821)
2020-09-02 19:25:08 [http-nio-8443-exec-2] ERROR c.q.c.u.c.CareGiverController - Error Occured At editCareGiverDetails : [Ljava.lang.Object; cannot be cast to [Lcom.qdm.cs.usermanagement.dto.Clients;
2020-09-02 19:26:00 [restartedMain] INFO  c.q.cs.QdmCareSupervisorApplication - Starting QdmCareSupervisorApplication on LAPTOP-GBKRVFU8 with PID 7196 (C:\Users\nandh\git\QDM\qdm-care-supervisor\target\classes started by nandh in C:\Users\nandh\git\QDM\qdm-care-supervisor)
2020-09-02 19:26:00 [restartedMain] DEBUG c.q.cs.QdmCareSupervisorApplication - Running with Spring Boot v2.3.2.RELEASE, Spring v5.2.8.RELEASE
2020-09-02 19:26:00 [restartedMain] INFO  c.q.cs.QdmCareSupervisorApplication - The following profiles are active: dev
2020-09-02 19:26:01 [restartedMain] INFO  c.q.cs.QdmCareSupervisorApplication - Started QdmCareSupervisorApplication in 0.997 seconds (JVM running for 720.519)
2020-09-02 19:26:05 [http-nio-8443-exec-2] ERROR c.q.c.u.c.CareGiverController - Error Occured At editCareGiverDetails : [Ljava.lang.Object; cannot be cast to com.qdm.cs.usermanagement.dto.Clients
2020-09-02 19:27:20 [restartedMain] INFO  c.q.cs.QdmCareSupervisorApplication - Starting QdmCareSupervisorApplication on LAPTOP-GBKRVFU8 with PID 7196 (C:\Users\nandh\git\QDM\qdm-care-supervisor\target\classes started by nandh in C:\Users\nandh\git\QDM\qdm-care-supervisor)
2020-09-02 19:27:20 [restartedMain] DEBUG c.q.cs.QdmCareSupervisorApplication - Running with Spring Boot v2.3.2.RELEASE, Spring v5.2.8.RELEASE
2020-09-02 19:27:20 [restartedMain] INFO  c.q.cs.QdmCareSupervisorApplication - The following profiles are active: dev
2020-09-02 19:27:21 [restartedMain] INFO  c.q.cs.QdmCareSupervisorApplication - Started QdmCareSupervisorApplication in 0.994 seconds (JVM running for 800.33)
2020-09-02 19:27:27 [http-nio-8443-exec-2] INFO  c.q.c.u.c.CareGiverController - Get CareGiver Records By CareGiverId 1
2020-09-02 19:54:43 [restartedMain] INFO  c.q.cs.QdmCareSupervisorApplication - Starting QdmCareSupervisorApplication on LAPTOP-GBKRVFU8 with PID 7196 (C:\Users\nandh\git\QDM\qdm-care-supervisor\target\classes started by nandh in C:\Users\nandh\git\QDM\qdm-care-supervisor)
2020-09-02 19:54:43 [restartedMain] DEBUG c.q.cs.QdmCareSupervisorApplication - Running with Spring Boot v2.3.2.RELEASE, Spring v5.2.8.RELEASE
2020-09-02 19:54:43 [restartedMain] INFO  c.q.cs.QdmCareSupervisorApplication - The following profiles are active: dev
2020-09-02 19:54:44 [restartedMain] INFO  c.q.cs.QdmCareSupervisorApplication - Started QdmCareSupervisorApplication in 0.978 seconds (JVM running for 2443.548)
2020-09-02 19:54:48 [restartedMain] INFO  c.q.cs.QdmCareSupervisorApplication - Starting QdmCareSupervisorApplication on LAPTOP-GBKRVFU8 with PID 7196 (C:\Users\nandh\git\QDM\qdm-care-supervisor\target\classes started by nandh in C:\Users\nandh\git\QDM\qdm-care-supervisor)
2020-09-02 19:54:48 [restartedMain] DEBUG c.q.cs.QdmCareSupervisorApplication - Running with Spring Boot v2.3.2.RELEASE, Spring v5.2.8.RELEASE
2020-09-02 19:54:48 [restartedMain] INFO  c.q.cs.QdmCareSupervisorApplication - The following profiles are active: dev
2020-09-02 19:54:49 [restartedMain] INFO  c.q.cs.QdmCareSupervisorApplication - Started QdmCareSupervisorApplication in 0.94 seconds (JVM running for 2448.197)
2020-09-02 19:54:53 [http-nio-8443-exec-2] INFO  c.q.c.u.c.CareGiverController - Get CareGiver Records By CareGiverId 1
2020-09-02 19:55:36 [restartedMain] INFO  c.q.cs.QdmCareSupervisorApplication - Starting QdmCareSupervisorApplication on LAPTOP-GBKRVFU8 with PID 7196 (C:\Users\nandh\git\QDM\qdm-care-supervisor\target\classes started by nandh in C:\Users\nandh\git\QDM\qdm-care-supervisor)
2020-09-02 19:55:36 [restartedMain] DEBUG c.q.cs.QdmCareSupervisorApplication - Running with Spring Boot v2.3.2.RELEASE, Spring v5.2.8.RELEASE
2020-09-02 19:55:36 [restartedMain] INFO  c.q.cs.QdmCareSupervisorApplication - The following profiles are active: dev
2020-09-02 19:55:37 [restartedMain] INFO  c.q.cs.QdmCareSupervisorApplication - Started QdmCareSupervisorApplication in 1.506 seconds (JVM running for 2496.355)
2020-09-02 19:55:40 [http-nio-8443-exec-2] ERROR c.q.c.u.c.CareGiverController - Error Occured At editCareGiverDetails : [Ljava.lang.Object; cannot be cast to com.qdm.cs.usermanagement.dto.Clients
2020-09-02 19:55:49 [restartedMain] INFO  c.q.cs.QdmCareSupervisorApplication - Starting QdmCareSupervisorApplication on LAPTOP-GBKRVFU8 with PID 7196 (C:\Users\nandh\git\QDM\qdm-care-supervisor\target\classes started by nandh in C:\Users\nandh\git\QDM\qdm-care-supervisor)
2020-09-02 19:55:49 [restartedMain] DEBUG c.q.cs.QdmCareSupervisorApplication - Running with Spring Boot v2.3.2.RELEASE, Spring v5.2.8.RELEASE
2020-09-02 19:55:49 [restartedMain] INFO  c.q.cs.QdmCareSupervisorApplication - The following profiles are active: dev
2020-09-02 19:55:51 [restartedMain] INFO  c.q.cs.QdmCareSupervisorApplication - Started QdmCareSupervisorApplication in 1.479 seconds (JVM running for 2509.878)
2020-09-02 19:55:56 [http-nio-8443-exec-2] ERROR c.q.c.u.c.CareGiverController - Error Occured At editCareGiverDetails : [Ljava.lang.Object; cannot be cast to com.qdm.cs.usermanagement.dto.Clients
2020-09-02 19:56:29 [restartedMain] INFO  c.q.cs.QdmCareSupervisorApplication - Starting QdmCareSupervisorApplication on LAPTOP-GBKRVFU8 with PID 7196 (C:\Users\nandh\git\QDM\qdm-care-supervisor\target\classes started by nandh in C:\Users\nandh\git\QDM\qdm-care-supervisor)
2020-09-02 19:56:29 [restartedMain] DEBUG c.q.cs.QdmCareSupervisorApplication - Running with Spring Boot v2.3.2.RELEASE, Spring v5.2.8.RELEASE
2020-09-02 19:56:29 [restartedMain] INFO  c.q.cs.QdmCareSupervisorApplication - The following profiles are active: dev
2020-09-02 19:56:31 [restartedMain] INFO  c.q.cs.QdmCareSupervisorApplication - Started QdmCareSupervisorApplication in 1.581 seconds (JVM running for 2550.319)
2020-09-02 19:56:35 [http-nio-8443-exec-2] ERROR c.q.c.u.c.CareGiverController - Error Occured At editCareGiverDetails : [Ljava.lang.Object; cannot be cast to com.qdm.cs.usermanagement.dto.Clients
2020-09-02 19:58:55 [restartedMain] INFO  c.q.cs.QdmCareSupervisorApplication - Starting QdmCareSupervisorApplication on LAPTOP-GBKRVFU8 with PID 7196 (C:\Users\nandh\git\QDM\qdm-care-supervisor\target\classes started by nandh in C:\Users\nandh\git\QDM\qdm-care-supervisor)
2020-09-02 19:58:55 [restartedMain] DEBUG c.q.cs.QdmCareSupervisorApplication - Running with Spring Boot v2.3.2.RELEASE, Spring v5.2.8.RELEASE
2020-09-02 19:58:55 [restartedMain] INFO  c.q.cs.QdmCareSupervisorApplication - The following profiles are active: dev
2020-09-02 19:58:56 [restartedMain] INFO  c.q.cs.QdmCareSupervisorApplication - Started QdmCareSupervisorApplication in 1.49 seconds (JVM running for 2695.85)
2020-09-02 19:59:01 [http-nio-8443-exec-2] INFO  c.q.c.u.c.CareGiverController - Get CareGiver Records By CareGiverId 1
2020-09-02 20:00:06 [restartedMain] INFO  c.q.cs.QdmCareSupervisorApplication - Starting QdmCareSupervisorApplication on LAPTOP-GBKRVFU8 with PID 7196 (C:\Users\nandh\git\QDM\qdm-care-supervisor\target\classes started by nandh in C:\Users\nandh\git\QDM\qdm-care-supervisor)
2020-09-02 20:00:06 [restartedMain] DEBUG c.q.cs.QdmCareSupervisorApplication - Running with Spring Boot v2.3.2.RELEASE, Spring v5.2.8.RELEASE
2020-09-02 20:00:06 [restartedMain] INFO  c.q.cs.QdmCareSupervisorApplication - The following profiles are active: dev
2020-09-02 20:00:07 [restartedMain] INFO  c.q.cs.QdmCareSupervisorApplication - Started QdmCareSupervisorApplication in 1.192 seconds (JVM running for 2766.689)
2020-09-02 20:00:51 [restartedMain] INFO  c.q.cs.QdmCareSupervisorApplication - Starting QdmCareSupervisorApplication on LAPTOP-GBKRVFU8 with PID 7196 (C:\Users\nandh\git\QDM\qdm-care-supervisor\target\classes started by nandh in C:\Users\nandh\git\QDM\qdm-care-supervisor)
2020-09-02 20:00:51 [restartedMain] DEBUG c.q.cs.QdmCareSupervisorApplication - Running with Spring Boot v2.3.2.RELEASE, Spring v5.2.8.RELEASE
2020-09-02 20:00:51 [restartedMain] INFO  c.q.cs.QdmCareSupervisorApplication - The following profiles are active: dev
2020-09-02 20:00:53 [restartedMain] INFO  c.q.cs.QdmCareSupervisorApplication - Started QdmCareSupervisorApplication in 1.465 seconds (JVM running for 2812.102)
2020-09-02 20:36:20 [restartedMain] INFO  c.q.cs.QdmCareSupervisorApplication - Starting QdmCareSupervisorApplication on LAPTOP-GBKRVFU8 with PID 7196 (C:\Users\nandh\git\QDM\qdm-care-supervisor\target\classes started by nandh in C:\Users\nandh\git\QDM\qdm-care-supervisor)
2020-09-02 20:36:20 [restartedMain] DEBUG c.q.cs.QdmCareSupervisorApplication - Running with Spring Boot v2.3.2.RELEASE, Spring v5.2.8.RELEASE
2020-09-02 20:36:20 [restartedMain] INFO  c.q.cs.QdmCareSupervisorApplication - The following profiles are active: dev
2020-09-02 20:36:22 [restartedMain] INFO  c.q.cs.QdmCareSupervisorApplication - Started QdmCareSupervisorApplication in 1.775 seconds (JVM running for 4940.934)
2020-09-02 20:38:53 [restartedMain] INFO  c.q.cs.QdmCareSupervisorApplication - Starting QdmCareSupervisorApplication on LAPTOP-GBKRVFU8 with PID 7196 (C:\Users\nandh\git\QDM\qdm-care-supervisor\target\classes started by nandh in C:\Users\nandh\git\QDM\qdm-care-supervisor)
2020-09-02 20:38:53 [restartedMain] DEBUG c.q.cs.QdmCareSupervisorApplication - Running with Spring Boot v2.3.2.RELEASE, Spring v5.2.8.RELEASE
2020-09-02 20:38:53 [restartedMain] INFO  c.q.cs.QdmCareSupervisorApplication - The following profiles are active: dev
2020-09-02 20:38:54 [restartedMain] INFO  c.q.cs.QdmCareSupervisorApplication - Started QdmCareSupervisorApplication in 1.006 seconds (JVM running for 5093.712)
2020-09-02 20:45:26 [restartedMain] INFO  c.q.cs.QdmCareSupervisorApplication - Starting QdmCareSupervisorApplication on LAPTOP-GBKRVFU8 with PID 7196 (C:\Users\nandh\git\QDM\qdm-care-supervisor\target\classes started by nandh in C:\Users\nandh\git\QDM\qdm-care-supervisor)
2020-09-02 20:45:26 [restartedMain] DEBUG c.q.cs.QdmCareSupervisorApplication - Running with Spring Boot v2.3.2.RELEASE, Spring v5.2.8.RELEASE
2020-09-02 20:45:26 [restartedMain] INFO  c.q.cs.QdmCareSupervisorApplication - The following profiles are active: dev
2020-09-02 20:45:27 [restartedMain] INFO  c.q.cs.QdmCareSupervisorApplication - Started QdmCareSupervisorApplication in 1.165 seconds (JVM running for 5486.154)
2020-09-02 20:45:30 [restartedMain] INFO  c.q.cs.QdmCareSupervisorApplication - Starting QdmCareSupervisorApplication on LAPTOP-GBKRVFU8 with PID 7196 (C:\Users\nandh\git\QDM\qdm-care-supervisor\target\classes started by nandh in C:\Users\nandh\git\QDM\qdm-care-supervisor)
2020-09-02 20:45:30 [restartedMain] DEBUG c.q.cs.QdmCareSupervisorApplication - Running with Spring Boot v2.3.2.RELEASE, Spring v5.2.8.RELEASE
2020-09-02 20:45:30 [restartedMain] INFO  c.q.cs.QdmCareSupervisorApplication - The following profiles are active: dev
2020-09-02 20:45:31 [restartedMain] INFO  c.q.cs.QdmCareSupervisorApplication - Started QdmCareSupervisorApplication in 1.509 seconds (JVM running for 5490.45)
2020-09-02 20:45:56 [restartedMain] INFO  c.q.cs.QdmCareSupervisorApplication - Starting QdmCareSupervisorApplication on LAPTOP-GBKRVFU8 with PID 7196 (C:\Users\nandh\git\QDM\qdm-care-supervisor\target\classes started by nandh in C:\Users\nandh\git\QDM\qdm-care-supervisor)
2020-09-02 20:45:56 [restartedMain] DEBUG c.q.cs.QdmCareSupervisorApplication - Running with Spring Boot v2.3.2.RELEASE, Spring v5.2.8.RELEASE
2020-09-02 20:45:56 [restartedMain] INFO  c.q.cs.QdmCareSupervisorApplication - The following profiles are active: dev
2020-09-02 20:45:58 [restartedMain] INFO  c.q.cs.QdmCareSupervisorApplication - Started QdmCareSupervisorApplication in 1.51 seconds (JVM running for 5517.317)
2020-09-02 20:48:18 [restartedMain] INFO  c.q.cs.QdmCareSupervisorApplication - Starting QdmCareSupervisorApplication on LAPTOP-GBKRVFU8 with PID 7196 (C:\Users\nandh\git\QDM\qdm-care-supervisor\target\classes started by nandh in C:\Users\nandh\git\QDM\qdm-care-supervisor)
2020-09-02 20:48:18 [restartedMain] DEBUG c.q.cs.QdmCareSupervisorApplication - Running with Spring Boot v2.3.2.RELEASE, Spring v5.2.8.RELEASE
2020-09-02 20:48:18 [restartedMain] INFO  c.q.cs.QdmCareSupervisorApplication - The following profiles are active: dev
2020-09-02 20:48:19 [restartedMain] INFO  c.q.cs.QdmCareSupervisorApplication - Started QdmCareSupervisorApplication in 1.396 seconds (JVM running for 5658.331)
2020-09-02 20:48:27 [restartedMain] INFO  c.q.cs.QdmCareSupervisorApplication - Starting QdmCareSupervisorApplication on LAPTOP-GBKRVFU8 with PID 7196 (C:\Users\nandh\git\QDM\qdm-care-supervisor\target\classes started by nandh in C:\Users\nandh\git\QDM\qdm-care-supervisor)
2020-09-02 20:48:27 [restartedMain] DEBUG c.q.cs.QdmCareSupervisorApplication - Running with Spring Boot v2.3.2.RELEASE, Spring v5.2.8.RELEASE
2020-09-02 20:48:27 [restartedMain] INFO  c.q.cs.QdmCareSupervisorApplication - The following profiles are active: dev
2020-09-02 20:48:28 [restartedMain] INFO  c.q.cs.QdmCareSupervisorApplication - Started QdmCareSupervisorApplication in 1.424 seconds (JVM running for 5667.663)
2020-09-02 20:51:44 [restartedMain] INFO  c.q.cs.QdmCareSupervisorApplication - Starting QdmCareSupervisorApplication on LAPTOP-GBKRVFU8 with PID 7196 (C:\Users\nandh\git\QDM\qdm-care-supervisor\target\classes started by nandh in C:\Users\nandh\git\QDM\qdm-care-supervisor)
2020-09-02 20:51:44 [restartedMain] DEBUG c.q.cs.QdmCareSupervisorApplication - Running with Spring Boot v2.3.2.RELEASE, Spring v5.2.8.RELEASE
2020-09-02 20:51:44 [restartedMain] INFO  c.q.cs.QdmCareSupervisorApplication - The following profiles are active: dev
2020-09-02 20:51:45 [restartedMain] INFO  c.q.cs.QdmCareSupervisorApplication - Started QdmCareSupervisorApplication in 1.398 seconds (JVM running for 5864.358)
2020-09-02 20:51:50 [http-nio-8443-exec-3] INFO  c.q.c.u.c.CareGiverController - No CareGiver Found with Id : 1
2020-09-02 20:52:18 [http-nio-8443-exec-2] INFO  c.q.c.u.c.CareProviderController - Created Care Provider Successfully With ID : 1
2020-09-02 20:52:35 [http-nio-8443-exec-4] INFO  c.q.c.u.c.CareGiverController - Care Giver Created Successfully With CareGiver_Id : 1
2020-09-02 20:52:40 [http-nio-8443-exec-5] INFO  c.q.c.u.c.CareGiverController - Get CareGiver Records By CareGiverId 1
2020-09-02 20:53:20 [http-nio-8443-exec-6] ERROR c.q.c.u.c.CareProviderController - Error Occured At editCareProviderDetails : org.hibernate.exception.SQLGrammarException: could not extract ResultSet
2020-09-02 20:53:48 [restartedMain] INFO  c.q.cs.QdmCareSupervisorApplication - Starting QdmCareSupervisorApplication on LAPTOP-GBKRVFU8 with PID 7196 (C:\Users\nandh\git\QDM\qdm-care-supervisor\target\classes started by nandh in C:\Users\nandh\git\QDM\qdm-care-supervisor)
2020-09-02 20:53:48 [restartedMain] DEBUG c.q.cs.QdmCareSupervisorApplication - Running with Spring Boot v2.3.2.RELEASE, Spring v5.2.8.RELEASE
2020-09-02 20:53:48 [restartedMain] INFO  c.q.cs.QdmCareSupervisorApplication - The following profiles are active: dev
2020-09-02 20:53:50 [restartedMain] INFO  c.q.cs.QdmCareSupervisorApplication - Started QdmCareSupervisorApplication in 1.536 seconds (JVM running for 5988.912)
2020-09-02 20:53:53 [http-nio-8443-exec-2] ERROR c.q.c.u.c.CareProviderController - Error Occured At editCareProviderDetails : org.hibernate.exception.SQLGrammarException: could not extract ResultSet
2020-09-02 20:54:17 [restartedMain] INFO  c.q.cs.QdmCareSupervisorApplication - Starting QdmCareSupervisorApplication on LAPTOP-GBKRVFU8 with PID 7196 (C:\Users\nandh\git\QDM\qdm-care-supervisor\target\classes started by nandh in C:\Users\nandh\git\QDM\qdm-care-supervisor)
2020-09-02 20:54:17 [restartedMain] DEBUG c.q.cs.QdmCareSupervisorApplication - Running with Spring Boot v2.3.2.RELEASE, Spring v5.2.8.RELEASE
2020-09-02 20:54:17 [restartedMain] INFO  c.q.cs.QdmCareSupervisorApplication - The following profiles are active: dev
2020-09-02 20:54:19 [restartedMain] INFO  c.q.cs.QdmCareSupervisorApplication - Started QdmCareSupervisorApplication in 1.585 seconds (JVM running for 6018.0)
2020-09-02 20:54:23 [http-nio-8443-exec-2] ERROR c.q.c.u.c.CareProviderController - Error Occured At editCareProviderDetails : org.hibernate.exception.SQLGrammarException: could not extract ResultSet
2020-09-02 20:54:41 [restartedMain] INFO  c.q.cs.QdmCareSupervisorApplication - Starting QdmCareSupervisorApplication on LAPTOP-GBKRVFU8 with PID 7196 (C:\Users\nandh\git\QDM\qdm-care-supervisor\target\classes started by nandh in C:\Users\nandh\git\QDM\qdm-care-supervisor)
2020-09-02 20:54:41 [restartedMain] DEBUG c.q.cs.QdmCareSupervisorApplication - Running with Spring Boot v2.3.2.RELEASE, Spring v5.2.8.RELEASE
2020-09-02 20:54:41 [restartedMain] INFO  c.q.cs.QdmCareSupervisorApplication - The following profiles are active: dev
2020-09-02 20:54:42 [restartedMain] INFO  c.q.cs.QdmCareSupervisorApplication - Started QdmCareSupervisorApplication in 1.439 seconds (JVM running for 6041.756)
2020-09-02 20:56:22 [restartedMain] INFO  c.q.cs.QdmCareSupervisorApplication - Starting QdmCareSupervisorApplication on LAPTOP-GBKRVFU8 with PID 7196 (C:\Users\nandh\git\QDM\qdm-care-supervisor\target\classes started by nandh in C:\Users\nandh\git\QDM\qdm-care-supervisor)
2020-09-02 20:56:22 [restartedMain] DEBUG c.q.cs.QdmCareSupervisorApplication - Running with Spring Boot v2.3.2.RELEASE, Spring v5.2.8.RELEASE
2020-09-02 20:56:22 [restartedMain] INFO  c.q.cs.QdmCareSupervisorApplication - The following profiles are active: dev
2020-09-02 20:56:23 [restartedMain] INFO  c.q.cs.QdmCareSupervisorApplication - Started QdmCareSupervisorApplication in 1.615 seconds (JVM running for 6142.645)
2020-09-02 20:56:31 [restartedMain] INFO  c.q.cs.QdmCareSupervisorApplication - Starting QdmCareSupervisorApplication on LAPTOP-GBKRVFU8 with PID 7196 (C:\Users\nandh\git\QDM\qdm-care-supervisor\target\classes started by nandh in C:\Users\nandh\git\QDM\qdm-care-supervisor)
2020-09-02 20:56:31 [restartedMain] DEBUG c.q.cs.QdmCareSupervisorApplication - Running with Spring Boot v2.3.2.RELEASE, Spring v5.2.8.RELEASE
2020-09-02 20:56:31 [restartedMain] INFO  c.q.cs.QdmCareSupervisorApplication - The following profiles are active: dev
2020-09-02 20:56:33 [restartedMain] INFO  c.q.cs.QdmCareSupervisorApplication - Started QdmCareSupervisorApplication in 1.702 seconds (JVM running for 6152.234)
2020-09-02 20:56:40 [http-nio-8443-exec-2] ERROR c.q.c.u.c.CareGiverController - Error Occured At editCareGiverDetails : org.hibernate.exception.SQLGrammarException: could not extract ResultSet
2020-09-02 20:57:00 [restartedMain] INFO  c.q.cs.QdmCareSupervisorApplication - Starting QdmCareSupervisorApplication on LAPTOP-GBKRVFU8 with PID 7196 (C:\Users\nandh\git\QDM\qdm-care-supervisor\target\classes started by nandh in C:\Users\nandh\git\QDM\qdm-care-supervisor)
2020-09-02 20:57:00 [restartedMain] DEBUG c.q.cs.QdmCareSupervisorApplication - Running with Spring Boot v2.3.2.RELEASE, Spring v5.2.8.RELEASE
2020-09-02 20:57:00 [restartedMain] INFO  c.q.cs.QdmCareSupervisorApplication - The following profiles are active: dev
2020-09-02 20:57:02 [restartedMain] INFO  c.q.cs.QdmCareSupervisorApplication - Started QdmCareSupervisorApplication in 1.511 seconds (JVM running for 6181.241)
2020-09-02 20:57:09 [http-nio-8443-exec-2] INFO  c.q.c.u.c.CareGiverController - Get CareGiver Records By CareGiverId 1
2020-09-02 20:59:09 [restartedMain] INFO  c.q.cs.QdmCareSupervisorApplication - Starting QdmCareSupervisorApplication on LAPTOP-GBKRVFU8 with PID 7196 (C:\Users\nandh\git\QDM\qdm-care-supervisor\target\classes started by nandh in C:\Users\nandh\git\QDM\qdm-care-supervisor)
2020-09-02 20:59:09 [restartedMain] DEBUG c.q.cs.QdmCareSupervisorApplication - Running with Spring Boot v2.3.2.RELEASE, Spring v5.2.8.RELEASE
2020-09-02 20:59:09 [restartedMain] INFO  c.q.cs.QdmCareSupervisorApplication - The following profiles are active: dev
2020-09-02 20:59:11 [restartedMain] INFO  c.q.cs.QdmCareSupervisorApplication - Started QdmCareSupervisorApplication in 1.633 seconds (JVM running for 6310.067)
2020-09-02 20:59:16 [http-nio-8443-exec-3] ERROR c.q.c.u.c.CareGiverController - Error Occured At editCareGiverDetails : org.hibernate.exception.SQLGrammarException: could not extract ResultSet
2020-09-02 21:01:26 [restartedMain] INFO  c.q.cs.QdmCareSupervisorApplication - Starting QdmCareSupervisorApplication on LAPTOP-GBKRVFU8 with PID 7196 (C:\Users\nandh\git\QDM\qdm-care-supervisor\target\classes started by nandh in C:\Users\nandh\git\QDM\qdm-care-supervisor)
2020-09-02 21:01:26 [restartedMain] DEBUG c.q.cs.QdmCareSupervisorApplication - Running with Spring Boot v2.3.2.RELEASE, Spring v5.2.8.RELEASE
2020-09-02 21:01:26 [restartedMain] INFO  c.q.cs.QdmCareSupervisorApplication - The following profiles are active: dev
2020-09-02 21:01:27 [restartedMain] INFO  c.q.cs.QdmCareSupervisorApplication - Started QdmCareSupervisorApplication in 1.456 seconds (JVM running for 6446.849)
2020-09-02 21:01:33 [http-nio-8443-exec-3] INFO  c.q.c.u.c.CareGiverController - Get CareGiver Records By CareGiverId 1
2020-09-02 21:04:35 [restartedMain] INFO  c.q.cs.QdmCareSupervisorApplication - Starting QdmCareSupervisorApplication on LAPTOP-GBKRVFU8 with PID 7196 (C:\Users\nandh\git\QDM\qdm-care-supervisor\target\classes started by nandh in C:\Users\nandh\git\QDM\qdm-care-supervisor)
2020-09-02 21:04:35 [restartedMain] DEBUG c.q.cs.QdmCareSupervisorApplication - Running with Spring Boot v2.3.2.RELEASE, Spring v5.2.8.RELEASE
2020-09-02 21:04:35 [restartedMain] INFO  c.q.cs.QdmCareSupervisorApplication - The following profiles are active: dev
2020-09-02 21:04:37 [restartedMain] INFO  c.q.cs.QdmCareSupervisorApplication - Started QdmCareSupervisorApplication in 1.784 seconds (JVM running for 6635.962)
2020-09-02 21:04:40 [http-nio-8443-exec-2] ERROR c.q.c.u.c.CareGiverController - Error Occured At editCareGiverDetails : org.hibernate.exception.SQLGrammarException: could not extract ResultSet
2020-09-02 21:05:15 [restartedMain] INFO  c.q.cs.QdmCareSupervisorApplication - Starting QdmCareSupervisorApplication on LAPTOP-GBKRVFU8 with PID 7196 (C:\Users\nandh\git\QDM\qdm-care-supervisor\target\classes started by nandh in C:\Users\nandh\git\QDM\qdm-care-supervisor)
2020-09-02 21:05:15 [restartedMain] DEBUG c.q.cs.QdmCareSupervisorApplication - Running with Spring Boot v2.3.2.RELEASE, Spring v5.2.8.RELEASE
2020-09-02 21:05:15 [restartedMain] INFO  c.q.cs.QdmCareSupervisorApplication - The following profiles are active: dev
2020-09-02 21:05:16 [restartedMain] INFO  c.q.cs.QdmCareSupervisorApplication - Started QdmCareSupervisorApplication in 1.775 seconds (JVM running for 6675.643)
2020-09-02 21:05:20 [http-nio-8443-exec-3] ERROR c.q.c.u.c.CareGiverController - Error Occured At editCareGiverDetails : org.hibernate.MappingException: No Dialect mapping for JDBC type: 2002
2020-09-02 21:07:04 [restartedMain] INFO  c.q.cs.QdmCareSupervisorApplication - Starting QdmCareSupervisorApplication on LAPTOP-GBKRVFU8 with PID 7196 (C:\Users\nandh\git\QDM\qdm-care-supervisor\target\classes started by nandh in C:\Users\nandh\git\QDM\qdm-care-supervisor)
2020-09-02 21:07:04 [restartedMain] DEBUG c.q.cs.QdmCareSupervisorApplication - Running with Spring Boot v2.3.2.RELEASE, Spring v5.2.8.RELEASE
2020-09-02 21:07:04 [restartedMain] INFO  c.q.cs.QdmCareSupervisorApplication - The following profiles are active: dev
2020-09-02 21:07:05 [restartedMain] INFO  c.q.cs.QdmCareSupervisorApplication - Started QdmCareSupervisorApplication in 1.682 seconds (JVM running for 6784.748)
2020-09-02 21:07:11 [http-nio-8443-exec-4] ERROR c.q.c.u.c.CareGiverController - Error Occured At editCareGiverDetails : org.hibernate.MappingException: No Dialect mapping for JDBC type: 2002
2020-09-02 21:07:33 [restartedMain] INFO  c.q.cs.QdmCareSupervisorApplication - Starting QdmCareSupervisorApplication on LAPTOP-GBKRVFU8 with PID 7196 (C:\Users\nandh\git\QDM\qdm-care-supervisor\target\classes started by nandh in C:\Users\nandh\git\QDM\qdm-care-supervisor)
2020-09-02 21:07:33 [restartedMain] DEBUG c.q.cs.QdmCareSupervisorApplication - Running with Spring Boot v2.3.2.RELEASE, Spring v5.2.8.RELEASE
2020-09-02 21:07:33 [restartedMain] INFO  c.q.cs.QdmCareSupervisorApplication - The following profiles are active: dev
2020-09-02 21:07:35 [restartedMain] INFO  c.q.cs.QdmCareSupervisorApplication - Started QdmCareSupervisorApplication in 1.605 seconds (JVM running for 6813.927)
2020-09-02 21:07:39 [http-nio-8443-exec-3] INFO  c.q.c.u.c.CareGiverController - Get CareGiver Records By CareGiverId 1
2020-09-02 21:07:55 [restartedMain] INFO  c.q.cs.QdmCareSupervisorApplication - Starting QdmCareSupervisorApplication on LAPTOP-GBKRVFU8 with PID 7196 (C:\Users\nandh\git\QDM\qdm-care-supervisor\target\classes started by nandh in C:\Users\nandh\git\QDM\qdm-care-supervisor)
2020-09-02 21:07:55 [restartedMain] DEBUG c.q.cs.QdmCareSupervisorApplication - Running with Spring Boot v2.3.2.RELEASE, Spring v5.2.8.RELEASE
2020-09-02 21:07:55 [restartedMain] INFO  c.q.cs.QdmCareSupervisorApplication - The following profiles are active: dev
2020-09-02 21:07:57 [restartedMain] INFO  c.q.cs.QdmCareSupervisorApplication - Started QdmCareSupervisorApplication in 1.782 seconds (JVM running for 6835.965)
2020-09-02 21:08:02 [http-nio-8443-exec-3] INFO  c.q.c.u.c.CareGiverController - Get CareGiver Records By CareGiverId 1
2020-09-02 21:08:31 [restartedMain] INFO  c.q.cs.QdmCareSupervisorApplication - Starting QdmCareSupervisorApplication on LAPTOP-GBKRVFU8 with PID 7196 (C:\Users\nandh\git\QDM\qdm-care-supervisor\target\classes started by nandh in C:\Users\nandh\git\QDM\qdm-care-supervisor)
2020-09-02 21:08:31 [restartedMain] DEBUG c.q.cs.QdmCareSupervisorApplication - Running with Spring Boot v2.3.2.RELEASE, Spring v5.2.8.RELEASE
2020-09-02 21:08:31 [restartedMain] INFO  c.q.cs.QdmCareSupervisorApplication - The following profiles are active: dev
2020-09-02 21:08:33 [restartedMain] INFO  c.q.cs.QdmCareSupervisorApplication - Started QdmCareSupervisorApplication in 1.718 seconds (JVM running for 6872.272)
2020-09-02 21:10:50 [restartedMain] INFO  c.q.cs.QdmCareSupervisorApplication - Starting QdmCareSupervisorApplication on LAPTOP-GBKRVFU8 with PID 7196 (C:\Users\nandh\git\QDM\qdm-care-supervisor\target\classes started by nandh in C:\Users\nandh\git\QDM\qdm-care-supervisor)
2020-09-02 21:10:50 [restartedMain] DEBUG c.q.cs.QdmCareSupervisorApplication - Running with Spring Boot v2.3.2.RELEASE, Spring v5.2.8.RELEASE
2020-09-02 21:10:50 [restartedMain] INFO  c.q.cs.QdmCareSupervisorApplication - The following profiles are active: dev
2020-09-02 21:10:52 [restartedMain] INFO  c.q.cs.QdmCareSupervisorApplication - Started QdmCareSupervisorApplication in 1.549 seconds (JVM running for 7011.152)
2020-09-02 21:12:19 [restartedMain] INFO  c.q.cs.QdmCareSupervisorApplication - Starting QdmCareSupervisorApplication on LAPTOP-GBKRVFU8 with PID 7196 (C:\Users\nandh\git\QDM\qdm-care-supervisor\target\classes started by nandh in C:\Users\nandh\git\QDM\qdm-care-supervisor)
2020-09-02 21:12:19 [restartedMain] DEBUG c.q.cs.QdmCareSupervisorApplication - Running with Spring Boot v2.3.2.RELEASE, Spring v5.2.8.RELEASE
2020-09-02 21:12:19 [restartedMain] INFO  c.q.cs.QdmCareSupervisorApplication - The following profiles are active: dev
2020-09-02 21:12:20 [restartedMain] INFO  c.q.cs.QdmCareSupervisorApplication - Started QdmCareSupervisorApplication in 1.532 seconds (JVM running for 7099.695)
2020-09-02 21:15:51 [restartedMain] INFO  c.q.cs.QdmCareSupervisorApplication - Starting QdmCareSupervisorApplication on LAPTOP-GBKRVFU8 with PID 7196 (C:\Users\nandh\git\QDM\qdm-care-supervisor\target\classes started by nandh in C:\Users\nandh\git\QDM\qdm-care-supervisor)
2020-09-02 21:15:51 [restartedMain] DEBUG c.q.cs.QdmCareSupervisorApplication - Running with Spring Boot v2.3.2.RELEASE, Spring v5.2.8.RELEASE
2020-09-02 21:15:51 [restartedMain] INFO  c.q.cs.QdmCareSupervisorApplication - The following profiles are active: dev
2020-09-02 21:15:53 [restartedMain] INFO  c.q.cs.QdmCareSupervisorApplication - Started QdmCareSupervisorApplication in 1.438 seconds (JVM running for 7312.192)
2020-09-02 21:15:59 [restartedMain] INFO  c.q.cs.QdmCareSupervisorApplication - Starting QdmCareSupervisorApplication on LAPTOP-GBKRVFU8 with PID 7196 (C:\Users\nandh\git\QDM\qdm-care-supervisor\target\classes started by nandh in C:\Users\nandh\git\QDM\qdm-care-supervisor)
2020-09-02 21:15:59 [restartedMain] DEBUG c.q.cs.QdmCareSupervisorApplication - Running with Spring Boot v2.3.2.RELEASE, Spring v5.2.8.RELEASE
2020-09-02 21:15:59 [restartedMain] INFO  c.q.cs.QdmCareSupervisorApplication - The following profiles are active: dev
2020-09-02 21:16:00 [restartedMain] INFO  c.q.cs.QdmCareSupervisorApplication - Started QdmCareSupervisorApplication in 1.436 seconds (JVM running for 7319.449)
2020-09-02 21:16:09 [http-nio-8443-exec-2] INFO  c.q.c.u.c.CareGiverController - Get CareGiver Records By CareGiverId 1
2020-09-02 21:16:37 [restartedMain] INFO  c.q.cs.QdmCareSupervisorApplication - Starting QdmCareSupervisorApplication on LAPTOP-GBKRVFU8 with PID 7196 (C:\Users\nandh\git\QDM\qdm-care-supervisor\target\classes started by nandh in C:\Users\nandh\git\QDM\qdm-care-supervisor)
2020-09-02 21:16:37 [restartedMain] DEBUG c.q.cs.QdmCareSupervisorApplication - Running with Spring Boot v2.3.2.RELEASE, Spring v5.2.8.RELEASE
2020-09-02 21:16:37 [restartedMain] INFO  c.q.cs.QdmCareSupervisorApplication - The following profiles are active: dev
2020-09-02 21:16:38 [restartedMain] INFO  c.q.cs.QdmCareSupervisorApplication - Started QdmCareSupervisorApplication in 1.416 seconds (JVM running for 7357.496)
2020-09-02 21:16:44 [http-nio-8443-exec-2] INFO  c.q.c.u.c.CareGiverController - Get CareGiver Records By CareGiverId 1
2020-09-02 21:17:04 [restartedMain] INFO  c.q.cs.QdmCareSupervisorApplication - Starting QdmCareSupervisorApplication on LAPTOP-GBKRVFU8 with PID 7196 (C:\Users\nandh\git\QDM\qdm-care-supervisor\target\classes started by nandh in C:\Users\nandh\git\QDM\qdm-care-supervisor)
2020-09-02 21:17:04 [restartedMain] DEBUG c.q.cs.QdmCareSupervisorApplication - Running with Spring Boot v2.3.2.RELEASE, Spring v5.2.8.RELEASE
2020-09-02 21:17:04 [restartedMain] INFO  c.q.cs.QdmCareSupervisorApplication - The following profiles are active: dev
2020-09-02 21:17:05 [restartedMain] INFO  c.q.cs.QdmCareSupervisorApplication - Started QdmCareSupervisorApplication in 1.486 seconds (JVM running for 7384.338)
2020-09-02 21:17:09 [http-nio-8443-exec-3] INFO  c.q.c.u.c.CareGiverController - Get CareGiver Records By CareGiverId 1
2020-09-02 21:18:00 [restartedMain] INFO  c.q.cs.QdmCareSupervisorApplication - Starting QdmCareSupervisorApplication on LAPTOP-GBKRVFU8 with PID 7196 (C:\Users\nandh\git\QDM\qdm-care-supervisor\target\classes started by nandh in C:\Users\nandh\git\QDM\qdm-care-supervisor)
2020-09-02 21:18:00 [restartedMain] DEBUG c.q.cs.QdmCareSupervisorApplication - Running with Spring Boot v2.3.2.RELEASE, Spring v5.2.8.RELEASE
2020-09-02 21:18:00 [restartedMain] INFO  c.q.cs.QdmCareSupervisorApplication - The following profiles are active: dev
2020-09-02 21:18:02 [restartedMain] INFO  c.q.cs.QdmCareSupervisorApplication - Started QdmCareSupervisorApplication in 1.561 seconds (JVM running for 7441.259)
2020-09-02 21:18:06 [http-nio-8443-exec-4] INFO  c.q.c.u.c.CareGiverController - Get CareGiver Records By CareGiverId 1
2020-09-02 21:18:29 [restartedMain] INFO  c.q.cs.QdmCareSupervisorApplication - Starting QdmCareSupervisorApplication on LAPTOP-GBKRVFU8 with PID 7196 (C:\Users\nandh\git\QDM\qdm-care-supervisor\target\classes started by nandh in C:\Users\nandh\git\QDM\qdm-care-supervisor)
2020-09-02 21:18:29 [restartedMain] DEBUG c.q.cs.QdmCareSupervisorApplication - Running with Spring Boot v2.3.2.RELEASE, Spring v5.2.8.RELEASE
2020-09-02 21:18:29 [restartedMain] INFO  c.q.cs.QdmCareSupervisorApplication - The following profiles are active: dev
2020-09-02 21:18:30 [restartedMain] INFO  c.q.cs.QdmCareSupervisorApplication - Started QdmCareSupervisorApplication in 1.436 seconds (JVM running for 7469.312)
2020-09-02 21:18:34 [http-nio-8443-exec-2] INFO  c.q.c.u.c.CareGiverController - Get CareGiver Records By CareGiverId 1
2020-09-02 21:19:12 [restartedMain] INFO  c.q.cs.QdmCareSupervisorApplication - Starting QdmCareSupervisorApplication on LAPTOP-GBKRVFU8 with PID 7196 (C:\Users\nandh\git\QDM\qdm-care-supervisor\target\classes started by nandh in C:\Users\nandh\git\QDM\qdm-care-supervisor)
2020-09-02 21:19:12 [restartedMain] DEBUG c.q.cs.QdmCareSupervisorApplication - Running with Spring Boot v2.3.2.RELEASE, Spring v5.2.8.RELEASE
2020-09-02 21:19:12 [restartedMain] INFO  c.q.cs.QdmCareSupervisorApplication - The following profiles are active: dev
2020-09-02 21:19:13 [restartedMain] INFO  c.q.cs.QdmCareSupervisorApplication - Started QdmCareSupervisorApplication in 1.652 seconds (JVM running for 7512.839)
2020-09-02 21:19:18 [http-nio-8443-exec-2] INFO  c.q.c.u.c.CareGiverController - Get CareGiver Records By CareGiverId 1
2020-09-02 21:19:46 [http-nio-8443-exec-3] INFO  c.q.c.u.c.CareGiverController - Get CareGiver Records By CareGiverId 1
2020-09-02 21:20:25 [restartedMain] INFO  c.q.cs.QdmCareSupervisorApplication - Starting QdmCareSupervisorApplication on LAPTOP-GBKRVFU8 with PID 7196 (C:\Users\nandh\git\QDM\qdm-care-supervisor\target\classes started by nandh in C:\Users\nandh\git\QDM\qdm-care-supervisor)
2020-09-02 21:20:25 [restartedMain] DEBUG c.q.cs.QdmCareSupervisorApplication - Running with Spring Boot v2.3.2.RELEASE, Spring v5.2.8.RELEASE
2020-09-02 21:20:25 [restartedMain] INFO  c.q.cs.QdmCareSupervisorApplication - The following profiles are active: dev
2020-09-02 21:20:27 [restartedMain] INFO  c.q.cs.QdmCareSupervisorApplication - Started QdmCareSupervisorApplication in 1.484 seconds (JVM running for 7585.852)
2020-09-02 21:20:31 [http-nio-8443-exec-3] INFO  c.q.c.u.c.CareGiverController - Get CareGiver Records By CareGiverId 1
2020-09-02 21:22:03 [restartedMain] INFO  c.q.cs.QdmCareSupervisorApplication - Starting QdmCareSupervisorApplication on LAPTOP-GBKRVFU8 with PID 7196 (C:\Users\nandh\git\QDM\qdm-care-supervisor\target\classes started by nandh in C:\Users\nandh\git\QDM\qdm-care-supervisor)
2020-09-02 21:22:03 [restartedMain] DEBUG c.q.cs.QdmCareSupervisorApplication - Running with Spring Boot v2.3.2.RELEASE, Spring v5.2.8.RELEASE
2020-09-02 21:22:03 [restartedMain] INFO  c.q.cs.QdmCareSupervisorApplication - The following profiles are active: dev
2020-09-02 21:22:04 [restartedMain] INFO  c.q.cs.QdmCareSupervisorApplication - Started QdmCareSupervisorApplication in 1.533 seconds (JVM running for 7683.472)
2020-09-02 21:23:40 [restartedMain] INFO  c.q.cs.QdmCareSupervisorApplication - Starting QdmCareSupervisorApplication on LAPTOP-GBKRVFU8 with PID 7196 (C:\Users\nandh\git\QDM\qdm-care-supervisor\target\classes started by nandh in C:\Users\nandh\git\QDM\qdm-care-supervisor)
2020-09-02 21:23:40 [restartedMain] DEBUG c.q.cs.QdmCareSupervisorApplication - Running with Spring Boot v2.3.2.RELEASE, Spring v5.2.8.RELEASE
2020-09-02 21:23:40 [restartedMain] INFO  c.q.cs.QdmCareSupervisorApplication - The following profiles are active: dev
2020-09-02 21:23:42 [restartedMain] INFO  c.q.cs.QdmCareSupervisorApplication - Started QdmCareSupervisorApplication in 1.498 seconds (JVM running for 7781.077)
2020-09-02 21:23:49 [http-nio-8443-exec-1] INFO  c.q.c.u.c.CareProviderController - Get CareProvider Records By CareProviderId 1
2020-09-02 21:24:20 [restartedMain] INFO  c.q.cs.QdmCareSupervisorApplication - Starting QdmCareSupervisorApplication on LAPTOP-GBKRVFU8 with PID 7196 (C:\Users\nandh\git\QDM\qdm-care-supervisor\target\classes started by nandh in C:\Users\nandh\git\QDM\qdm-care-supervisor)
2020-09-02 21:24:20 [restartedMain] DEBUG c.q.cs.QdmCareSupervisorApplication - Running with Spring Boot v2.3.2.RELEASE, Spring v5.2.8.RELEASE
2020-09-02 21:24:20 [restartedMain] INFO  c.q.cs.QdmCareSupervisorApplication - The following profiles are active: dev
2020-09-02 21:24:21 [restartedMain] INFO  c.q.cs.QdmCareSupervisorApplication - Started QdmCareSupervisorApplication in 1.36 seconds (JVM running for 7820.348)
2020-09-02 21:24:27 [http-nio-8443-exec-2] INFO  c.q.c.u.c.CareProviderController - Get CareProvider Records By CareProviderId 1
2020-09-02 21:24:52 [restartedMain] INFO  c.q.cs.QdmCareSupervisorApplication - Starting QdmCareSupervisorApplication on LAPTOP-GBKRVFU8 with PID 7196 (C:\Users\nandh\git\QDM\qdm-care-supervisor\target\classes started by nandh in C:\Users\nandh\git\QDM\qdm-care-supervisor)
2020-09-02 21:24:52 [restartedMain] DEBUG c.q.cs.QdmCareSupervisorApplication - Running with Spring Boot v2.3.2.RELEASE, Spring v5.2.8.RELEASE
2020-09-02 21:24:52 [restartedMain] INFO  c.q.cs.QdmCareSupervisorApplication - The following profiles are active: dev
2020-09-02 21:24:53 [restartedMain] INFO  c.q.cs.QdmCareSupervisorApplication - Started QdmCareSupervisorApplication in 1.613 seconds (JVM running for 7852.576)
2020-09-02 21:24:58 [http-nio-8443-exec-3] INFO  c.q.c.u.c.CareProviderController - Get CareProvider Records By CareProviderId 1
2020-09-02 21:25:18 [restartedMain] INFO  c.q.cs.QdmCareSupervisorApplication - Starting QdmCareSupervisorApplication on LAPTOP-GBKRVFU8 with PID 7196 (C:\Users\nandh\git\QDM\qdm-care-supervisor\target\classes started by nandh in C:\Users\nandh\git\QDM\qdm-care-supervisor)
2020-09-02 21:25:18 [restartedMain] DEBUG c.q.cs.QdmCareSupervisorApplication - Running with Spring Boot v2.3.2.RELEASE, Spring v5.2.8.RELEASE
2020-09-02 21:25:18 [restartedMain] INFO  c.q.cs.QdmCareSupervisorApplication - The following profiles are active: dev
2020-09-02 21:25:19 [restartedMain] INFO  c.q.cs.QdmCareSupervisorApplication - Started QdmCareSupervisorApplication in 1.524 seconds (JVM running for 7878.527)
2020-09-02 21:25:24 [http-nio-8443-exec-2] INFO  c.q.c.u.c.CareProviderController - Get CareProvider Records By CareProviderId 1
2020-09-02 21:26:06 [restartedMain] INFO  c.q.cs.QdmCareSupervisorApplication - Starting QdmCareSupervisorApplication on LAPTOP-GBKRVFU8 with PID 7196 (C:\Users\nandh\git\QDM\qdm-care-supervisor\target\classes started by nandh in C:\Users\nandh\git\QDM\qdm-care-supervisor)
2020-09-02 21:26:06 [restartedMain] DEBUG c.q.cs.QdmCareSupervisorApplication - Running with Spring Boot v2.3.2.RELEASE, Spring v5.2.8.RELEASE
2020-09-02 21:26:06 [restartedMain] INFO  c.q.cs.QdmCareSupervisorApplication - The following profiles are active: dev
2020-09-02 21:26:08 [restartedMain] INFO  c.q.cs.QdmCareSupervisorApplication - Started QdmCareSupervisorApplication in 1.429 seconds (JVM running for 7926.925)
2020-09-02 21:26:11 [http-nio-8443-exec-3] INFO  c.q.c.u.c.CareProviderController - Get CareProvider Records By CareProviderId 1
2020-09-02 21:26:38 [restartedMain] INFO  c.q.cs.QdmCareSupervisorApplication - Starting QdmCareSupervisorApplication on LAPTOP-GBKRVFU8 with PID 7196 (C:\Users\nandh\git\QDM\qdm-care-supervisor\target\classes started by nandh in C:\Users\nandh\git\QDM\qdm-care-supervisor)
2020-09-02 21:26:38 [restartedMain] DEBUG c.q.cs.QdmCareSupervisorApplication - Running with Spring Boot v2.3.2.RELEASE, Spring v5.2.8.RELEASE
2020-09-02 21:26:38 [restartedMain] INFO  c.q.cs.QdmCareSupervisorApplication - The following profiles are active: dev
2020-09-02 21:26:40 [restartedMain] INFO  c.q.cs.QdmCareSupervisorApplication - Started QdmCareSupervisorApplication in 1.43 seconds (JVM running for 7958.893)
2020-09-02 21:26:53 [restartedMain] INFO  c.q.cs.QdmCareSupervisorApplication - Starting QdmCareSupervisorApplication on LAPTOP-GBKRVFU8 with PID 7196 (C:\Users\nandh\git\QDM\qdm-care-supervisor\target\classes started by nandh in C:\Users\nandh\git\QDM\qdm-care-supervisor)
2020-09-02 21:26:53 [restartedMain] DEBUG c.q.cs.QdmCareSupervisorApplication - Running with Spring Boot v2.3.2.RELEASE, Spring v5.2.8.RELEASE
2020-09-02 21:26:53 [restartedMain] INFO  c.q.cs.QdmCareSupervisorApplication - The following profiles are active: dev
2020-09-02 21:26:54 [restartedMain] INFO  c.q.cs.QdmCareSupervisorApplication - Started QdmCareSupervisorApplication in 1.477 seconds (JVM running for 7973.425)
2020-09-02 21:26:59 [http-nio-8443-exec-2] INFO  c.q.c.u.c.CareProviderController - Get CareProvider Records By CareProviderId 1
2020-09-02 21:27:30 [restartedMain] INFO  c.q.cs.QdmCareSupervisorApplication - Starting QdmCareSupervisorApplication on LAPTOP-GBKRVFU8 with PID 7196 (C:\Users\nandh\git\QDM\qdm-care-supervisor\target\classes started by nandh in C:\Users\nandh\git\QDM\qdm-care-supervisor)
2020-09-02 21:27:30 [restartedMain] DEBUG c.q.cs.QdmCareSupervisorApplication - Running with Spring Boot v2.3.2.RELEASE, Spring v5.2.8.RELEASE
2020-09-02 21:27:30 [restartedMain] INFO  c.q.cs.QdmCareSupervisorApplication - The following profiles are active: dev
2020-09-02 21:27:31 [restartedMain] INFO  c.q.cs.QdmCareSupervisorApplication - Started QdmCareSupervisorApplication in 1.425 seconds (JVM running for 8010.543)
2020-09-02 21:43:50 [restartedMain] INFO  c.q.cs.QdmCareSupervisorApplication - Starting QdmCareSupervisorApplication on LAPTOP-GBKRVFU8 with PID 7196 (C:\Users\nandh\git\QDM\qdm-care-supervisor\target\classes started by nandh in C:\Users\nandh\git\QDM\qdm-care-supervisor)
2020-09-02 21:43:50 [restartedMain] DEBUG c.q.cs.QdmCareSupervisorApplication - Running with Spring Boot v2.3.2.RELEASE, Spring v5.2.8.RELEASE
2020-09-02 21:43:50 [restartedMain] INFO  c.q.cs.QdmCareSupervisorApplication - The following profiles are active: dev
2020-09-02 21:43:52 [restartedMain] INFO  c.q.cs.QdmCareSupervisorApplication - Started QdmCareSupervisorApplication in 1.599 seconds (JVM running for 8991.097)
2020-09-02 21:43:55 [http-nio-8443-exec-1] INFO  c.q.c.u.c.CareProviderController - Get CareProvider Records By CareProviderId 1
2020-09-02 21:44:09 [restartedMain] INFO  c.q.cs.QdmCareSupervisorApplication - Starting QdmCareSupervisorApplication on LAPTOP-GBKRVFU8 with PID 7196 (C:\Users\nandh\git\QDM\qdm-care-supervisor\target\classes started by nandh in C:\Users\nandh\git\QDM\qdm-care-supervisor)
2020-09-02 21:44:09 [restartedMain] DEBUG c.q.cs.QdmCareSupervisorApplication - Running with Spring Boot v2.3.2.RELEASE, Spring v5.2.8.RELEASE
2020-09-02 21:44:09 [restartedMain] INFO  c.q.cs.QdmCareSupervisorApplication - The following profiles are active: dev
2020-09-02 21:44:10 [restartedMain] INFO  c.q.cs.QdmCareSupervisorApplication - Started QdmCareSupervisorApplication in 1.45 seconds (JVM running for 9009.767)
2020-09-02 21:46:23 [http-nio-8443-exec-3] INFO  c.q.c.u.c.CareProviderController - Get CareProvider Records By CareProviderId 1
2020-09-02 21:48:37 [http-nio-8443-exec-4] INFO  c.q.c.u.c.CareProviderController - Get CareProvider Records By CareProviderId 1
2020-09-02 21:48:55 [restartedMain] INFO  c.q.cs.QdmCareSupervisorApplication - Starting QdmCareSupervisorApplication on LAPTOP-GBKRVFU8 with PID 7196 (C:\Users\nandh\git\QDM\qdm-care-supervisor\target\classes started by nandh in C:\Users\nandh\git\QDM\qdm-care-supervisor)
2020-09-02 21:48:55 [restartedMain] DEBUG c.q.cs.QdmCareSupervisorApplication - Running with Spring Boot v2.3.2.RELEASE, Spring v5.2.8.RELEASE
2020-09-02 21:48:55 [restartedMain] INFO  c.q.cs.QdmCareSupervisorApplication - The following profiles are active: dev
2020-09-02 21:48:57 [restartedMain] INFO  c.q.cs.QdmCareSupervisorApplication - Started QdmCareSupervisorApplication in 1.442 seconds (JVM running for 9295.945)
2020-09-02 22:03:53 [restartedMain] INFO  c.q.cs.QdmCareSupervisorApplication - Starting QdmCareSupervisorApplication on LAPTOP-GBKRVFU8 with PID 7196 (C:\Users\nandh\git\QDM\qdm-care-supervisor\target\classes started by nandh in C:\Users\nandh\git\QDM\qdm-care-supervisor)
2020-09-02 22:03:53 [restartedMain] DEBUG c.q.cs.QdmCareSupervisorApplication - Running with Spring Boot v2.3.2.RELEASE, Spring v5.2.8.RELEASE
2020-09-02 22:03:53 [restartedMain] INFO  c.q.cs.QdmCareSupervisorApplication - The following profiles are active: dev
2020-09-02 22:03:54 [restartedMain] INFO  c.q.cs.QdmCareSupervisorApplication - Started QdmCareSupervisorApplication in 1.368 seconds (JVM running for 10193.694)
2020-09-02 22:04:08 [http-nio-8443-exec-2] ERROR c.q.c.u.c.CareProviderController - Error Occured At editCareProviderDetails : org.hibernate.exception.SQLGrammarException: could not extract ResultSet
2020-09-02 22:04:43 [restartedMain] INFO  c.q.cs.QdmCareSupervisorApplication - Starting QdmCareSupervisorApplication on LAPTOP-GBKRVFU8 with PID 7196 (C:\Users\nandh\git\QDM\qdm-care-supervisor\target\classes started by nandh in C:\Users\nandh\git\QDM\qdm-care-supervisor)
2020-09-02 22:04:43 [restartedMain] DEBUG c.q.cs.QdmCareSupervisorApplication - Running with Spring Boot v2.3.2.RELEASE, Spring v5.2.8.RELEASE
2020-09-02 22:04:43 [restartedMain] INFO  c.q.cs.QdmCareSupervisorApplication - The following profiles are active: dev
2020-09-02 22:04:45 [restartedMain] INFO  c.q.cs.QdmCareSupervisorApplication - Started QdmCareSupervisorApplication in 1.434 seconds (JVM running for 10243.987)
2020-09-02 22:05:13 [restartedMain] INFO  c.q.cs.QdmCareSupervisorApplication - Starting QdmCareSupervisorApplication on LAPTOP-GBKRVFU8 with PID 7196 (C:\Users\nandh\git\QDM\qdm-care-supervisor\target\classes started by nandh in C:\Users\nandh\git\QDM\qdm-care-supervisor)
2020-09-02 22:05:13 [restartedMain] DEBUG c.q.cs.QdmCareSupervisorApplication - Running with Spring Boot v2.3.2.RELEASE, Spring v5.2.8.RELEASE
2020-09-02 22:05:13 [restartedMain] INFO  c.q.cs.QdmCareSupervisorApplication - The following profiles are active: dev
2020-09-02 22:05:14 [restartedMain] INFO  c.q.cs.QdmCareSupervisorApplication - Started QdmCareSupervisorApplication in 1.528 seconds (JVM running for 10273.832)
2020-09-02 22:05:19 [http-nio-8443-exec-2] ERROR c.q.c.u.c.CareProviderController - Query Error
2020-09-02 22:05:19 [http-nio-8443-exec-2] INFO  c.q.c.u.c.CareProviderController - Get CareProvider Records By CareProviderId 1
2020-09-02 22:05:37 [restartedMain] INFO  c.q.cs.QdmCareSupervisorApplication - Starting QdmCareSupervisorApplication on LAPTOP-GBKRVFU8 with PID 7196 (C:\Users\nandh\git\QDM\qdm-care-supervisor\target\classes started by nandh in C:\Users\nandh\git\QDM\qdm-care-supervisor)
2020-09-02 22:05:37 [restartedMain] DEBUG c.q.cs.QdmCareSupervisorApplication - Running with Spring Boot v2.3.2.RELEASE, Spring v5.2.8.RELEASE
2020-09-02 22:05:37 [restartedMain] INFO  c.q.cs.QdmCareSupervisorApplication - The following profiles are active: dev
2020-09-02 22:05:38 [restartedMain] INFO  c.q.cs.QdmCareSupervisorApplication - Started QdmCareSupervisorApplication in 1.502 seconds (JVM running for 10297.582)
2020-09-02 22:05:45 [http-nio-8443-exec-2] ERROR c.q.c.u.c.CareProviderController - Query Error
2020-09-02 22:05:45 [http-nio-8443-exec-2] INFO  c.q.c.u.c.CareProviderController - Get CareProvider Records By CareProviderId 1
