2020-09-03 08:19:17 [http-nio-8443-exec-3] ERROR c.q.c.u.c.CareProviderController - Query Error
2020-09-03 08:19:17 [http-nio-8443-exec-3] INFO  c.q.c.u.c.CareProviderController - Get CareProvider Records By CareProviderId 1
2020-09-03 08:21:07 [restartedMain] INFO  c.q.cs.QdmCareSupervisorApplication - Starting QdmCareSupervisorApplication on LAPTOP-GBKRVFU8 with PID 7196 (C:\Users\nandh\git\QDM\qdm-care-supervisor\target\classes started by nandh in C:\Users\nandh\git\QDM\qdm-care-supervisor)
2020-09-03 08:21:07 [restartedMain] DEBUG c.q.cs.QdmCareSupervisorApplication - Running with Spring Boot v2.3.2.RELEASE, Spring v5.2.8.RELEASE
2020-09-03 08:21:07 [restartedMain] INFO  c.q.cs.QdmCareSupervisorApplication - The following profiles are active: dev
2020-09-03 08:21:08 [restartedMain] INFO  c.q.cs.QdmCareSupervisorApplication - Started QdmCareSupervisorApplication in 1.022 seconds (JVM running for 47234.735)
2020-09-03 08:21:39 [restartedMain] INFO  c.q.cs.QdmCareSupervisorApplication - Starting QdmCareSupervisorApplication on LAPTOP-GBKRVFU8 with PID 7196 (C:\Users\nandh\git\QDM\qdm-care-supervisor\target\classes started by nandh in C:\Users\nandh\git\QDM\qdm-care-supervisor)
2020-09-03 08:21:39 [restartedMain] DEBUG c.q.cs.QdmCareSupervisorApplication - Running with Spring Boot v2.3.2.RELEASE, Spring v5.2.8.RELEASE
2020-09-03 08:21:39 [restartedMain] INFO  c.q.cs.QdmCareSupervisorApplication - The following profiles are active: dev
2020-09-03 08:21:40 [restartedMain] INFO  c.q.cs.QdmCareSupervisorApplication - Started QdmCareSupervisorApplication in 0.967 seconds (JVM running for 47266.794)
2020-09-03 08:21:44 [http-nio-8443-exec-2] INFO  c.q.c.u.c.CareProviderController - Get CareProvider Records By CareProviderId 1
2020-09-03 08:23:16 [restartedMain] INFO  c.q.cs.QdmCareSupervisorApplication - Starting QdmCareSupervisorApplication on LAPTOP-GBKRVFU8 with PID 7196 (C:\Users\nandh\git\QDM\qdm-care-supervisor\target\classes started by nandh in C:\Users\nandh\git\QDM\qdm-care-supervisor)
2020-09-03 08:23:16 [restartedMain] DEBUG c.q.cs.QdmCareSupervisorApplication - Running with Spring Boot v2.3.2.RELEASE, Spring v5.2.8.RELEASE
2020-09-03 08:23:16 [restartedMain] INFO  c.q.cs.QdmCareSupervisorApplication - The following profiles are active: dev
2020-09-03 08:23:17 [restartedMain] INFO  c.q.cs.QdmCareSupervisorApplication - Started QdmCareSupervisorApplication in 1.119 seconds (JVM running for 47364.022)
2020-09-03 08:23:45 [restartedMain] INFO  c.q.cs.QdmCareSupervisorApplication - Starting QdmCareSupervisorApplication on LAPTOP-GBKRVFU8 with PID 7196 (C:\Users\nandh\git\QDM\qdm-care-supervisor\target\classes started by nandh in C:\Users\nandh\git\QDM\qdm-care-supervisor)
2020-09-03 08:23:45 [restartedMain] DEBUG c.q.cs.QdmCareSupervisorApplication - Running with Spring Boot v2.3.2.RELEASE, Spring v5.2.8.RELEASE
2020-09-03 08:23:45 [restartedMain] INFO  c.q.cs.QdmCareSupervisorApplication - The following profiles are active: dev
2020-09-03 08:23:46 [restartedMain] INFO  c.q.cs.QdmCareSupervisorApplication - Started QdmCareSupervisorApplication in 0.932 seconds (JVM running for 47392.93)
2020-09-03 08:24:45 [restartedMain] INFO  c.q.cs.QdmCareSupervisorApplication - Starting QdmCareSupervisorApplication on LAPTOP-GBKRVFU8 with PID 7196 (C:\Users\nandh\git\QDM\qdm-care-supervisor\target\classes started by nandh in C:\Users\nandh\git\QDM\qdm-care-supervisor)
2020-09-03 08:24:45 [restartedMain] DEBUG c.q.cs.QdmCareSupervisorApplication - Running with Spring Boot v2.3.2.RELEASE, Spring v5.2.8.RELEASE
2020-09-03 08:24:45 [restartedMain] INFO  c.q.cs.QdmCareSupervisorApplication - The following profiles are active: dev
2020-09-03 08:24:46 [restartedMain] INFO  c.q.cs.QdmCareSupervisorApplication - Started QdmCareSupervisorApplication in 0.954 seconds (JVM running for 47452.337)
2020-09-03 08:24:50 [http-nio-8443-exec-2] ERROR c.q.c.u.c.CareProviderController - Query Error
2020-09-03 08:24:50 [http-nio-8443-exec-2] INFO  c.q.c.u.c.CareProviderController - Get CareProvider Records By CareProviderId 1
2020-09-03 08:25:28 [restartedMain] INFO  c.q.cs.QdmCareSupervisorApplication - Starting QdmCareSupervisorApplication on LAPTOP-GBKRVFU8 with PID 7196 (C:\Users\nandh\git\QDM\qdm-care-supervisor\target\classes started by nandh in C:\Users\nandh\git\QDM\qdm-care-supervisor)
2020-09-03 08:25:28 [restartedMain] DEBUG c.q.cs.QdmCareSupervisorApplication - Running with Spring Boot v2.3.2.RELEASE, Spring v5.2.8.RELEASE
2020-09-03 08:25:28 [restartedMain] INFO  c.q.cs.QdmCareSupervisorApplication - The following profiles are active: dev
2020-09-03 08:25:29 [restartedMain] INFO  c.q.cs.QdmCareSupervisorApplication - Started QdmCareSupervisorApplication in 0.99 seconds (JVM running for 47495.473)
2020-09-03 08:25:32 [http-nio-8443-exec-3] INFO  c.q.c.u.c.CareProviderController - Get CareProvider Records By CareProviderId 1
2020-09-03 08:25:47 [restartedMain] INFO  c.q.cs.QdmCareSupervisorApplication - Starting QdmCareSupervisorApplication on LAPTOP-GBKRVFU8 with PID 7196 (C:\Users\nandh\git\QDM\qdm-care-supervisor\target\classes started by nandh in C:\Users\nandh\git\QDM\qdm-care-supervisor)
2020-09-03 08:25:47 [restartedMain] DEBUG c.q.cs.QdmCareSupervisorApplication - Running with Spring Boot v2.3.2.RELEASE, Spring v5.2.8.RELEASE
2020-09-03 08:25:47 [restartedMain] INFO  c.q.cs.QdmCareSupervisorApplication - The following profiles are active: dev
2020-09-03 08:25:48 [restartedMain] INFO  c.q.cs.QdmCareSupervisorApplication - Started QdmCareSupervisorApplication in 0.957 seconds (JVM running for 47514.252)
2020-09-03 08:25:51 [http-nio-8443-exec-2] INFO  c.q.c.u.c.CareProviderController - Get CareProvider Records By CareProviderId 1
2020-09-03 08:26:07 [restartedMain] INFO  c.q.cs.QdmCareSupervisorApplication - Starting QdmCareSupervisorApplication on LAPTOP-GBKRVFU8 with PID 7196 (C:\Users\nandh\git\QDM\qdm-care-supervisor\target\classes started by nandh in C:\Users\nandh\git\QDM\qdm-care-supervisor)
2020-09-03 08:26:07 [restartedMain] DEBUG c.q.cs.QdmCareSupervisorApplication - Running with Spring Boot v2.3.2.RELEASE, Spring v5.2.8.RELEASE
2020-09-03 08:26:07 [restartedMain] INFO  c.q.cs.QdmCareSupervisorApplication - The following profiles are active: dev
2020-09-03 08:26:07 [restartedMain] INFO  c.q.cs.QdmCareSupervisorApplication - Started QdmCareSupervisorApplication in 0.951 seconds (JVM running for 47534.032)
2020-09-03 08:26:10 [http-nio-8443-exec-2] INFO  c.q.c.u.c.CareProviderController - Get CareProvider Records By CareProviderId 1
2020-09-03 08:26:43 [restartedMain] INFO  c.q.cs.QdmCareSupervisorApplication - Starting QdmCareSupervisorApplication on LAPTOP-GBKRVFU8 with PID 7196 (C:\Users\nandh\git\QDM\qdm-care-supervisor\target\classes started by nandh in C:\Users\nandh\git\QDM\qdm-care-supervisor)
2020-09-03 08:26:43 [restartedMain] DEBUG c.q.cs.QdmCareSupervisorApplication - Running with Spring Boot v2.3.2.RELEASE, Spring v5.2.8.RELEASE
2020-09-03 08:26:43 [restartedMain] INFO  c.q.cs.QdmCareSupervisorApplication - The following profiles are active: dev
2020-09-03 08:26:44 [restartedMain] INFO  c.q.cs.QdmCareSupervisorApplication - Started QdmCareSupervisorApplication in 1.021 seconds (JVM running for 47570.113)
2020-09-03 08:26:47 [http-nio-8443-exec-3] ERROR c.q.c.u.c.CareProviderController - Query Error
2020-09-03 08:26:47 [http-nio-8443-exec-3] INFO  c.q.c.u.c.CareProviderController - Get CareProvider Records By CareProviderId 1
2020-09-03 08:27:28 [restartedMain] INFO  c.q.cs.QdmCareSupervisorApplication - Starting QdmCareSupervisorApplication on LAPTOP-GBKRVFU8 with PID 7196 (C:\Users\nandh\git\QDM\qdm-care-supervisor\target\classes started by nandh in C:\Users\nandh\git\QDM\qdm-care-supervisor)
2020-09-03 08:27:28 [restartedMain] DEBUG c.q.cs.QdmCareSupervisorApplication - Running with Spring Boot v2.3.2.RELEASE, Spring v5.2.8.RELEASE
2020-09-03 08:27:28 [restartedMain] INFO  c.q.cs.QdmCareSupervisorApplication - The following profiles are active: dev
2020-09-03 08:27:29 [restartedMain] INFO  c.q.cs.QdmCareSupervisorApplication - Started QdmCareSupervisorApplication in 1.0 seconds (JVM running for 47615.261)
2020-09-03 08:27:32 [http-nio-8443-exec-2] ERROR c.q.c.u.c.CareProviderController - Query Error
2020-09-03 08:27:32 [http-nio-8443-exec-2] INFO  c.q.c.u.c.CareProviderController - Get CareProvider Records By CareProviderId 1
2020-09-03 08:28:54 [restartedMain] INFO  c.q.cs.QdmCareSupervisorApplication - Starting QdmCareSupervisorApplication on LAPTOP-GBKRVFU8 with PID 7196 (C:\Users\nandh\git\QDM\qdm-care-supervisor\target\classes started by nandh in C:\Users\nandh\git\QDM\qdm-care-supervisor)
2020-09-03 08:28:54 [restartedMain] DEBUG c.q.cs.QdmCareSupervisorApplication - Running with Spring Boot v2.3.2.RELEASE, Spring v5.2.8.RELEASE
2020-09-03 08:28:54 [restartedMain] INFO  c.q.cs.QdmCareSupervisorApplication - The following profiles are active: dev
2020-09-03 08:28:55 [restartedMain] INFO  c.q.cs.QdmCareSupervisorApplication - Started QdmCareSupervisorApplication in 1.017 seconds (JVM running for 47702.054)
2020-09-03 08:28:59 [http-nio-8443-exec-3] INFO  c.q.c.u.c.CareProviderController - Get CareProvider Records By CareProviderId 1
2020-09-03 08:29:08 [restartedMain] INFO  c.q.cs.QdmCareSupervisorApplication - Starting QdmCareSupervisorApplication on LAPTOP-GBKRVFU8 with PID 7196 (C:\Users\nandh\git\QDM\qdm-care-supervisor\target\classes started by nandh in C:\Users\nandh\git\QDM\qdm-care-supervisor)
2020-09-03 08:29:08 [restartedMain] DEBUG c.q.cs.QdmCareSupervisorApplication - Running with Spring Boot v2.3.2.RELEASE, Spring v5.2.8.RELEASE
2020-09-03 08:29:08 [restartedMain] INFO  c.q.cs.QdmCareSupervisorApplication - The following profiles are active: dev
2020-09-03 08:29:09 [restartedMain] INFO  c.q.cs.QdmCareSupervisorApplication - Started QdmCareSupervisorApplication in 0.993 seconds (JVM running for 47715.852)
2020-09-03 08:41:15 [restartedMain] INFO  c.q.cs.QdmCareSupervisorApplication - Starting QdmCareSupervisorApplication on LAPTOP-GBKRVFU8 with PID 7196 (C:\Users\nandh\git\QDM\qdm-care-supervisor\target\classes started by nandh in C:\Users\nandh\git\QDM\qdm-care-supervisor)
2020-09-03 08:41:15 [restartedMain] DEBUG c.q.cs.QdmCareSupervisorApplication - Running with Spring Boot v2.3.2.RELEASE, Spring v5.2.8.RELEASE
2020-09-03 08:41:15 [restartedMain] INFO  c.q.cs.QdmCareSupervisorApplication - The following profiles are active: dev
2020-09-03 08:41:16 [restartedMain] INFO  c.q.cs.QdmCareSupervisorApplication - Started QdmCareSupervisorApplication in 1.016 seconds (JVM running for 48442.387)
2020-09-03 08:41:19 [http-nio-8443-exec-1] INFO  c.q.c.u.c.CareProviderController - Get CareProvider Records By CareProviderId 1
2020-09-03 08:41:50 [restartedMain] INFO  c.q.cs.QdmCareSupervisorApplication - Starting QdmCareSupervisorApplication on LAPTOP-GBKRVFU8 with PID 7196 (C:\Users\nandh\git\QDM\qdm-care-supervisor\target\classes started by nandh in C:\Users\nandh\git\QDM\qdm-care-supervisor)
2020-09-03 08:41:50 [restartedMain] DEBUG c.q.cs.QdmCareSupervisorApplication - Running with Spring Boot v2.3.2.RELEASE, Spring v5.2.8.RELEASE
2020-09-03 08:41:50 [restartedMain] INFO  c.q.cs.QdmCareSupervisorApplication - The following profiles are active: dev
2020-09-03 08:41:51 [restartedMain] INFO  c.q.cs.QdmCareSupervisorApplication - Started QdmCareSupervisorApplication in 1.056 seconds (JVM running for 48477.465)
2020-09-03 08:41:54 [http-nio-8443-exec-2] INFO  c.q.c.u.c.CareProviderController - Get CareProvider Records By CareProviderId 1
2020-09-03 08:42:12 [restartedMain] INFO  c.q.cs.QdmCareSupervisorApplication - Starting QdmCareSupervisorApplication on LAPTOP-GBKRVFU8 with PID 7196 (C:\Users\nandh\git\QDM\qdm-care-supervisor\target\classes started by nandh in C:\Users\nandh\git\QDM\qdm-care-supervisor)
2020-09-03 08:42:12 [restartedMain] DEBUG c.q.cs.QdmCareSupervisorApplication - Running with Spring Boot v2.3.2.RELEASE, Spring v5.2.8.RELEASE
2020-09-03 08:42:12 [restartedMain] INFO  c.q.cs.QdmCareSupervisorApplication - The following profiles are active: dev
2020-09-03 08:42:13 [restartedMain] INFO  c.q.cs.QdmCareSupervisorApplication - Started QdmCareSupervisorApplication in 1.033 seconds (JVM running for 48499.414)
2020-09-03 08:42:16 [http-nio-8443-exec-3] INFO  c.q.c.u.c.CareProviderController - Get CareProvider Records By CareProviderId 1
2020-09-03 08:42:28 [restartedMain] INFO  c.q.cs.QdmCareSupervisorApplication - Starting QdmCareSupervisorApplication on LAPTOP-GBKRVFU8 with PID 7196 (C:\Users\nandh\git\QDM\qdm-care-supervisor\target\classes started by nandh in C:\Users\nandh\git\QDM\qdm-care-supervisor)
2020-09-03 08:42:28 [restartedMain] DEBUG c.q.cs.QdmCareSupervisorApplication - Running with Spring Boot v2.3.2.RELEASE, Spring v5.2.8.RELEASE
2020-09-03 08:42:28 [restartedMain] INFO  c.q.cs.QdmCareSupervisorApplication - The following profiles are active: dev
2020-09-03 08:42:29 [restartedMain] INFO  c.q.cs.QdmCareSupervisorApplication - Started QdmCareSupervisorApplication in 1.012 seconds (JVM running for 48515.245)
2020-09-03 08:42:33 [http-nio-8443-exec-4] INFO  c.q.c.u.c.CareProviderController - Get CareProvider Records By CareProviderId 1
2020-09-03 08:50:48 [restartedMain] INFO  c.q.cs.QdmCareSupervisorApplication - Starting QdmCareSupervisorApplication on LAPTOP-GBKRVFU8 with PID 7196 (C:\Users\nandh\git\QDM\qdm-care-supervisor\target\classes started by nandh in C:\Users\nandh\git\QDM\qdm-care-supervisor)
2020-09-03 08:50:48 [restartedMain] DEBUG c.q.cs.QdmCareSupervisorApplication - Running with Spring Boot v2.3.2.RELEASE, Spring v5.2.8.RELEASE
2020-09-03 08:50:48 [restartedMain] INFO  c.q.cs.QdmCareSupervisorApplication - The following profiles are active: dev
2020-09-03 08:50:49 [restartedMain] INFO  c.q.cs.QdmCareSupervisorApplication - Started QdmCareSupervisorApplication in 1.017 seconds (JVM running for 49015.229)
2020-09-03 08:56:44 [restartedMain] INFO  c.q.cs.QdmCareSupervisorApplication - Starting QdmCareSupervisorApplication on LAPTOP-GBKRVFU8 with PID 7196 (C:\Users\nandh\git\QDM\qdm-care-supervisor\target\classes started by nandh in C:\Users\nandh\git\QDM\qdm-care-supervisor)
2020-09-03 08:56:44 [restartedMain] DEBUG c.q.cs.QdmCareSupervisorApplication - Running with Spring Boot v2.3.2.RELEASE, Spring v5.2.8.RELEASE
2020-09-03 08:56:44 [restartedMain] INFO  c.q.cs.QdmCareSupervisorApplication - The following profiles are active: dev
2020-09-03 08:56:45 [restartedMain] INFO  c.q.cs.QdmCareSupervisorApplication - Started QdmCareSupervisorApplication in 1.003 seconds (JVM running for 49371.505)
2020-09-03 08:56:49 [http-nio-8443-exec-2] INFO  c.q.c.u.c.CareProviderController - Get CareProvider Records By CareProviderId 1
2020-09-03 08:59:22 [restartedMain] INFO  c.q.cs.QdmCareSupervisorApplication - Starting QdmCareSupervisorApplication on LAPTOP-GBKRVFU8 with PID 7196 (C:\Users\nandh\git\QDM\qdm-care-supervisor\target\classes started by nandh in C:\Users\nandh\git\QDM\qdm-care-supervisor)
2020-09-03 08:59:22 [restartedMain] DEBUG c.q.cs.QdmCareSupervisorApplication - Running with Spring Boot v2.3.2.RELEASE, Spring v5.2.8.RELEASE
2020-09-03 08:59:22 [restartedMain] INFO  c.q.cs.QdmCareSupervisorApplication - The following profiles are active: dev
2020-09-03 08:59:23 [restartedMain] INFO  c.q.cs.QdmCareSupervisorApplication - Started QdmCareSupervisorApplication in 1.045 seconds (JVM running for 49529.938)
2020-09-03 08:59:57 [http-nio-8443-exec-2] ERROR c.q.c.u.c.CareProviderController - Product List Mapping Query Error
2020-09-03 08:59:57 [http-nio-8443-exec-2] INFO  c.q.c.u.c.CareProviderController - Get CareProvider Records By CareProviderId 1
2020-09-03 09:00:45 [restartedMain] INFO  c.q.cs.QdmCareSupervisorApplication - Starting QdmCareSupervisorApplication on LAPTOP-GBKRVFU8 with PID 7196 (C:\Users\nandh\git\QDM\qdm-care-supervisor\target\classes started by nandh in C:\Users\nandh\git\QDM\qdm-care-supervisor)
2020-09-03 09:00:45 [restartedMain] DEBUG c.q.cs.QdmCareSupervisorApplication - Running with Spring Boot v2.3.2.RELEASE, Spring v5.2.8.RELEASE
2020-09-03 09:00:45 [restartedMain] INFO  c.q.cs.QdmCareSupervisorApplication - The following profiles are active: dev
2020-09-03 09:00:46 [restartedMain] INFO  c.q.cs.QdmCareSupervisorApplication - Started QdmCareSupervisorApplication in 0.981 seconds (JVM running for 49612.519)
2020-09-03 09:00:49 [http-nio-8443-exec-2] ERROR c.q.c.u.c.CareProviderController - Product List Mapping Query Error
2020-09-03 09:00:49 [http-nio-8443-exec-2] INFO  c.q.c.u.c.CareProviderController - Get CareProvider Records By CareProviderId 1
2020-09-03 09:01:13 [restartedMain] INFO  c.q.cs.QdmCareSupervisorApplication - Starting QdmCareSupervisorApplication on LAPTOP-GBKRVFU8 with PID 7196 (C:\Users\nandh\git\QDM\qdm-care-supervisor\target\classes started by nandh in C:\Users\nandh\git\QDM\qdm-care-supervisor)
2020-09-03 09:01:13 [restartedMain] DEBUG c.q.cs.QdmCareSupervisorApplication - Running with Spring Boot v2.3.2.RELEASE, Spring v5.2.8.RELEASE
2020-09-03 09:01:13 [restartedMain] INFO  c.q.cs.QdmCareSupervisorApplication - The following profiles are active: dev
2020-09-03 09:01:14 [restartedMain] INFO  c.q.cs.QdmCareSupervisorApplication - Started QdmCareSupervisorApplication in 1.086 seconds (JVM running for 49640.672)
2020-09-03 09:01:19 [http-nio-8443-exec-2] INFO  c.q.c.u.c.CareProviderController - Get CareProvider Records By CareProviderId 1
2020-09-03 09:04:28 [restartedMain] INFO  c.q.cs.QdmCareSupervisorApplication - Starting QdmCareSupervisorApplication on LAPTOP-GBKRVFU8 with PID 7196 (C:\Users\nandh\git\QDM\qdm-care-supervisor\target\classes started by nandh in C:\Users\nandh\git\QDM\qdm-care-supervisor)
2020-09-03 09:04:28 [restartedMain] DEBUG c.q.cs.QdmCareSupervisorApplication - Running with Spring Boot v2.3.2.RELEASE, Spring v5.2.8.RELEASE
2020-09-03 09:04:28 [restartedMain] INFO  c.q.cs.QdmCareSupervisorApplication - The following profiles are active: dev
2020-09-03 09:04:29 [restartedMain] INFO  c.q.cs.QdmCareSupervisorApplication - Started QdmCareSupervisorApplication in 1.214 seconds (JVM running for 49835.862)
2020-09-03 09:04:33 [http-nio-8443-exec-2] ERROR c.q.c.u.c.CareProviderController - Product List Mapping Query Error
2020-09-03 09:04:33 [http-nio-8443-exec-2] INFO  c.q.c.u.c.CareProviderController - Get CareProvider Records By CareProviderId 1
2020-09-03 09:06:07 [restartedMain] INFO  c.q.cs.QdmCareSupervisorApplication - Starting QdmCareSupervisorApplication on LAPTOP-GBKRVFU8 with PID 7196 (C:\Users\nandh\git\QDM\qdm-care-supervisor\target\classes started by nandh in C:\Users\nandh\git\QDM\qdm-care-supervisor)
2020-09-03 09:06:07 [restartedMain] DEBUG c.q.cs.QdmCareSupervisorApplication - Running with Spring Boot v2.3.2.RELEASE, Spring v5.2.8.RELEASE
2020-09-03 09:06:07 [restartedMain] INFO  c.q.cs.QdmCareSupervisorApplication - The following profiles are active: dev
2020-09-03 09:06:08 [restartedMain] INFO  c.q.cs.QdmCareSupervisorApplication - Started QdmCareSupervisorApplication in 0.974 seconds (JVM running for 49934.768)
2020-09-03 09:06:11 [http-nio-8443-exec-2] ERROR c.q.c.u.c.CareProviderController - Product List Mapping Query Error
2020-09-03 09:06:11 [http-nio-8443-exec-2] INFO  c.q.c.u.c.CareProviderController - Get CareProvider Records By CareProviderId 1
2020-09-03 09:06:34 [restartedMain] INFO  c.q.cs.QdmCareSupervisorApplication - Starting QdmCareSupervisorApplication on LAPTOP-GBKRVFU8 with PID 7196 (C:\Users\nandh\git\QDM\qdm-care-supervisor\target\classes started by nandh in C:\Users\nandh\git\QDM\qdm-care-supervisor)
2020-09-03 09:06:34 [restartedMain] DEBUG c.q.cs.QdmCareSupervisorApplication - Running with Spring Boot v2.3.2.RELEASE, Spring v5.2.8.RELEASE
2020-09-03 09:06:34 [restartedMain] INFO  c.q.cs.QdmCareSupervisorApplication - The following profiles are active: dev
2020-09-03 09:06:35 [restartedMain] INFO  c.q.cs.QdmCareSupervisorApplication - Started QdmCareSupervisorApplication in 1.395 seconds (JVM running for 49962.064)
2020-09-03 09:06:45 [http-nio-8443-exec-9] ERROR c.q.c.u.c.CareProviderController - Product List Mapping Query Error
2020-09-03 09:06:45 [http-nio-8443-exec-9] INFO  c.q.c.u.c.CareProviderController - Get CareProvider Records By CareProviderId 1
2020-09-03 09:07:23 [restartedMain] INFO  c.q.cs.QdmCareSupervisorApplication - Starting QdmCareSupervisorApplication on LAPTOP-GBKRVFU8 with PID 7196 (C:\Users\nandh\git\QDM\qdm-care-supervisor\target\classes started by nandh in C:\Users\nandh\git\QDM\qdm-care-supervisor)
2020-09-03 09:07:23 [restartedMain] DEBUG c.q.cs.QdmCareSupervisorApplication - Running with Spring Boot v2.3.2.RELEASE, Spring v5.2.8.RELEASE
2020-09-03 09:07:23 [restartedMain] INFO  c.q.cs.QdmCareSupervisorApplication - The following profiles are active: dev
2020-09-03 09:07:24 [restartedMain] INFO  c.q.cs.QdmCareSupervisorApplication - Started QdmCareSupervisorApplication in 1.047 seconds (JVM running for 50010.388)
2020-09-03 09:07:28 [http-nio-8443-exec-2] INFO  c.q.c.u.c.CareProviderController - Get CareProvider Records By CareProviderId 1
2020-09-03 09:08:20 [http-nio-8443-exec-3] INFO  c.q.c.u.c.CareProviderController - Get CareProvider Records By CareProviderId 1
2020-09-03 09:08:36 [http-nio-8443-exec-4] INFO  c.q.c.u.c.CareProviderController - Get CareProvider Records By CareProviderId 1
2020-09-03 09:10:29 [restartedMain] INFO  c.q.cs.QdmCareSupervisorApplication - Starting QdmCareSupervisorApplication on LAPTOP-GBKRVFU8 with PID 7196 (C:\Users\nandh\git\QDM\qdm-care-supervisor\target\classes started by nandh in C:\Users\nandh\git\QDM\qdm-care-supervisor)
2020-09-03 09:10:29 [restartedMain] DEBUG c.q.cs.QdmCareSupervisorApplication - Running with Spring Boot v2.3.2.RELEASE, Spring v5.2.8.RELEASE
2020-09-03 09:10:29 [restartedMain] INFO  c.q.cs.QdmCareSupervisorApplication - The following profiles are active: dev
2020-09-03 09:10:30 [restartedMain] INFO  c.q.cs.QdmCareSupervisorApplication - Started QdmCareSupervisorApplication in 1.039 seconds (JVM running for 50196.131)
2020-09-03 09:41:37 [restartedMain] INFO  c.q.cs.QdmCareSupervisorApplication - Starting QdmCareSupervisorApplication on LAPTOP-GBKRVFU8 with PID 7196 (C:\Users\nandh\git\QDM\qdm-care-supervisor\target\classes started by nandh in C:\Users\nandh\git\QDM\qdm-care-supervisor)
2020-09-03 09:41:37 [restartedMain] DEBUG c.q.cs.QdmCareSupervisorApplication - Running with Spring Boot v2.3.2.RELEASE, Spring v5.2.8.RELEASE
2020-09-03 09:41:37 [restartedMain] INFO  c.q.cs.QdmCareSupervisorApplication - The following profiles are active: dev
2020-09-03 09:41:38 [restartedMain] INFO  c.q.cs.QdmCareSupervisorApplication - Started QdmCareSupervisorApplication in 1.237 seconds (JVM running for 52064.849)
2020-09-03 09:41:39 [http-nio-8443-exec-3] INFO  c.q.c.u.c.CareProviderController - Get CareProvider Records By CareProviderId 1
2020-09-03 09:41:46 [restartedMain] INFO  c.q.cs.QdmCareSupervisorApplication - Starting QdmCareSupervisorApplication on LAPTOP-GBKRVFU8 with PID 7196 (C:\Users\nandh\git\QDM\qdm-care-supervisor\target\classes started by nandh in C:\Users\nandh\git\QDM\qdm-care-supervisor)
2020-09-03 09:41:46 [restartedMain] DEBUG c.q.cs.QdmCareSupervisorApplication - Running with Spring Boot v2.3.2.RELEASE, Spring v5.2.8.RELEASE
2020-09-03 09:41:46 [restartedMain] INFO  c.q.cs.QdmCareSupervisorApplication - The following profiles are active: dev
2020-09-03 09:41:47 [restartedMain] INFO  c.q.cs.QdmCareSupervisorApplication - Started QdmCareSupervisorApplication in 1.131 seconds (JVM running for 52073.706)
2020-09-03 09:41:50 [http-nio-8443-exec-2] INFO  c.q.c.u.c.CareProviderController - Get CareProvider Records By CareProviderId 1
2020-09-03 09:42:03 [restartedMain] INFO  c.q.cs.QdmCareSupervisorApplication - Starting QdmCareSupervisorApplication on LAPTOP-GBKRVFU8 with PID 7196 (C:\Users\nandh\git\QDM\qdm-care-supervisor\target\classes started by nandh in C:\Users\nandh\git\QDM\qdm-care-supervisor)
2020-09-03 09:42:03 [restartedMain] DEBUG c.q.cs.QdmCareSupervisorApplication - Running with Spring Boot v2.3.2.RELEASE, Spring v5.2.8.RELEASE
2020-09-03 09:42:03 [restartedMain] INFO  c.q.cs.QdmCareSupervisorApplication - The following profiles are active: dev
2020-09-03 09:42:04 [restartedMain] INFO  c.q.cs.QdmCareSupervisorApplication - Started QdmCareSupervisorApplication in 1.175 seconds (JVM running for 52090.689)
2020-09-03 09:42:04 [http-nio-8443-exec-1] INFO  c.q.c.u.c.CareProviderController - Get CareProvider Records By CareProviderId 1
2020-09-03 09:42:11 [restartedMain] INFO  c.q.cs.QdmCareSupervisorApplication - Starting QdmCareSupervisorApplication on LAPTOP-GBKRVFU8 with PID 7196 (C:\Users\nandh\git\QDM\qdm-care-supervisor\target\classes started by nandh in C:\Users\nandh\git\QDM\qdm-care-supervisor)
2020-09-03 09:42:11 [restartedMain] DEBUG c.q.cs.QdmCareSupervisorApplication - Running with Spring Boot v2.3.2.RELEASE, Spring v5.2.8.RELEASE
2020-09-03 09:42:11 [restartedMain] INFO  c.q.cs.QdmCareSupervisorApplication - The following profiles are active: dev
2020-09-03 09:42:12 [restartedMain] INFO  c.q.cs.QdmCareSupervisorApplication - Started QdmCareSupervisorApplication in 1.026 seconds (JVM running for 52098.393)
2020-09-03 09:42:15 [http-nio-8443-exec-3] INFO  c.q.c.u.c.CareProviderController - Get CareProvider Records By CareProviderId 1
2020-09-03 13:40:03 [restartedMain] INFO  c.q.cs.QdmCareSupervisorApplication - Starting QdmCareSupervisorApplication on LAPTOP-GBKRVFU8 with PID 18912 (C:\Users\nandh\git\QDM\qdm-care-supervisor\target\classes started by nandh in C:\Users\nandh\git\QDM\qdm-care-supervisor)
2020-09-03 13:40:03 [restartedMain] DEBUG c.q.cs.QdmCareSupervisorApplication - Running with Spring Boot v2.3.2.RELEASE, Spring v5.2.8.RELEASE
2020-09-03 13:40:03 [restartedMain] INFO  c.q.cs.QdmCareSupervisorApplication - The following profiles are active: dev
2020-09-03 13:40:09 [restartedMain] INFO  c.q.cs.QdmCareSupervisorApplication - Started QdmCareSupervisorApplication in 6.405 seconds (JVM running for 7.261)
2020-09-03 13:40:47 [http-nio-8443-exec-1] INFO  c.q.c.u.c.CareProviderController - Get CareProvider Records By CareProviderId 1
2020-09-03 13:41:56 [restartedMain] INFO  c.q.cs.QdmCareSupervisorApplication - Starting QdmCareSupervisorApplication on LAPTOP-GBKRVFU8 with PID 18912 (C:\Users\nandh\git\QDM\qdm-care-supervisor\target\classes started by nandh in C:\Users\nandh\git\QDM\qdm-care-supervisor)
2020-09-03 13:41:56 [restartedMain] DEBUG c.q.cs.QdmCareSupervisorApplication - Running with Spring Boot v2.3.2.RELEASE, Spring v5.2.8.RELEASE
2020-09-03 13:41:56 [restartedMain] INFO  c.q.cs.QdmCareSupervisorApplication - The following profiles are active: dev
2020-09-03 13:41:57 [restartedMain] INFO  c.q.cs.QdmCareSupervisorApplication - Started QdmCareSupervisorApplication in 1.661 seconds (JVM running for 115.469)
2020-09-03 13:42:01 [http-nio-8443-exec-2] ERROR c.q.c.u.c.CareProviderController - Product List Mapping Query Error
2020-09-03 13:42:01 [http-nio-8443-exec-2] INFO  c.q.c.u.c.CareProviderController - Get CareProvider Records By CareProviderId 1
2020-09-03 13:43:04 [restartedMain] INFO  c.q.cs.QdmCareSupervisorApplication - Starting QdmCareSupervisorApplication on LAPTOP-GBKRVFU8 with PID 18912 (C:\Users\nandh\git\QDM\qdm-care-supervisor\target\classes started by nandh in C:\Users\nandh\git\QDM\qdm-care-supervisor)
2020-09-03 13:43:04 [restartedMain] DEBUG c.q.cs.QdmCareSupervisorApplication - Running with Spring Boot v2.3.2.RELEASE, Spring v5.2.8.RELEASE
2020-09-03 13:43:04 [restartedMain] INFO  c.q.cs.QdmCareSupervisorApplication - The following profiles are active: dev
2020-09-03 13:43:24 [restartedMain] INFO  c.q.cs.QdmCareSupervisorApplication - Starting QdmCareSupervisorApplication on LAPTOP-GBKRVFU8 with PID 18912 (C:\Users\nandh\git\QDM\qdm-care-supervisor\target\classes started by nandh in C:\Users\nandh\git\QDM\qdm-care-supervisor)
2020-09-03 13:43:24 [restartedMain] DEBUG c.q.cs.QdmCareSupervisorApplication - Running with Spring Boot v2.3.2.RELEASE, Spring v5.2.8.RELEASE
2020-09-03 13:43:24 [restartedMain] INFO  c.q.cs.QdmCareSupervisorApplication - The following profiles are active: dev
