2020-08-31 21:34:03 [restartedMain] INFO  c.q.cs.QdmCareSupervisorApplication - Starting QdmCareSupervisorApplication on LAPTOP-GBKRVFU8 with PID 1792 (C:\Users\nandh\git\QDM\qdm-care-supervisor\target\classes started by nandh in C:\Users\nandh\git\QDM\qdm-care-supervisor)
2020-08-31 21:34:03 [restartedMain] DEBUG c.q.cs.QdmCareSupervisorApplication - Running with Spring Boot v2.3.2.RELEASE, Spring v5.2.8.RELEASE
2020-08-31 21:34:03 [restartedMain] INFO  c.q.cs.QdmCareSupervisorApplication - The following profiles are active: dev
2020-08-31 21:34:07 [restartedMain] INFO  c.q.cs.QdmCareSupervisorApplication - Started QdmCareSupervisorApplication in 5.151 seconds (JVM running for 6.179)
2020-08-31 21:34:41 [http-nio-8443-exec-1] INFO  c.q.c.u.c.CareGiverController - Care Givers List {offset=0, total_count=3, list=[{service=, isactive=Active, name=Nelson, profile_pic=http://localhost:8443/careSupervisor/management/careGiver/downloadFile/1, orderList=[{"count":0,"name":"Clients"}], care_provider=[CareProviderList(id=1, name=aaa, category=null), CareProviderList(id=2, name=aaa, category=null)], id=1, category=[]}, {service=, isactive=Active, name=Nelson, profile_pic=http://localhost:8443/careSupervisor/management/careGiver/downloadFile/2, orderList=[{"count":0,"name":"Clients"}], care_provider=[CareProviderList(id=1, name=aaa, category=null), CareProviderList(id=2, name=aaa, category=null)], id=2, category=[]}, {service=, isactive=Active, name=Nelson, profile_pic=http://localhost:8443/careSupervisor/management/careGiver/downloadFile/3, orderList=[{"count":0,"name":"Clients"}], care_provider=[CareProviderList(id=1, name=aaa, category=null), CareProviderList(id=2, name=aaa, category=null)], id=3, category=[]}]}
2020-08-31 21:35:04 [http-nio-8443-exec-4] INFO  c.q.c.u.c.CareGiverController - Care Giver Created Successfully With CareGiver_Id : 4
2020-08-31 21:35:13 [http-nio-8443-exec-3] INFO  c.q.c.u.c.CareGiverController - Care Givers List {offset=0, total_count=4, list=[{service=, isactive=Active, name=Nelson, profile_pic=http://localhost:8443/careSupervisor/management/careGiver/downloadFile/1, orderList=[{"count":0,"name":"Clients"}], care_provider=[CareProviderList(id=1, name=aaa, category=null), CareProviderList(id=2, name=aaa, category=null)], id=1, category=[]}, {service=, isactive=Active, name=Nelson, profile_pic=http://localhost:8443/careSupervisor/management/careGiver/downloadFile/2, orderList=[{"count":0,"name":"Clients"}], care_provider=[CareProviderList(id=1, name=aaa, category=null), CareProviderList(id=2, name=aaa, category=null)], id=2, category=[]}, {service=, isactive=Active, name=Nelson, profile_pic=http://localhost:8443/careSupervisor/management/careGiver/downloadFile/3, orderList=[{"count":0,"name":"Clients"}], care_provider=[CareProviderList(id=1, name=aaa, category=null), CareProviderList(id=2, name=aaa, category=null)], id=3, category=[]}, {service=, isactive=Active, name=Nelson, profile_pic=http://localhost:8443/careSupervisor/management/careGiver/downloadFile/4, orderList=[{"count":0,"name":"Clients"}], care_provider=[CareProviderList(id=1, name=aaa, category=null), CareProviderList(id=2, name=aaa, category=null)], id=4, category=[]}]}
2020-08-31 21:35:59 [restartedMain] INFO  c.q.cs.QdmCareSupervisorApplication - Starting QdmCareSupervisorApplication on LAPTOP-GBKRVFU8 with PID 1792 (C:\Users\nandh\git\QDM\qdm-care-supervisor\target\classes started by nandh in C:\Users\nandh\git\QDM\qdm-care-supervisor)
2020-08-31 21:35:59 [restartedMain] DEBUG c.q.cs.QdmCareSupervisorApplication - Running with Spring Boot v2.3.2.RELEASE, Spring v5.2.8.RELEASE
2020-08-31 21:35:59 [restartedMain] INFO  c.q.cs.QdmCareSupervisorApplication - The following profiles are active: dev
2020-08-31 21:36:00 [restartedMain] INFO  c.q.cs.QdmCareSupervisorApplication - Started QdmCareSupervisorApplication in 1.32 seconds (JVM running for 118.903)
2020-08-31 21:36:06 [http-nio-8443-exec-2] INFO  c.q.c.u.c.CareGiverController - Care Givers List {}
2020-08-31 21:36:22 [http-nio-8443-exec-3] INFO  c.q.c.u.c.CareGiverController - No CareGiver Found with Id : 4
2020-08-31 21:36:33 [http-nio-8443-exec-5] INFO  c.q.c.u.c.CareGiverController - Care Giver Created Successfully With CareGiver_Id : 1
2020-08-31 21:36:41 [http-nio-8443-exec-4] INFO  c.q.c.u.c.CareGiverController - Get CareGiver Records By CareGiverId 1
2020-08-31 21:36:58 [http-nio-8443-exec-6] INFO  c.q.c.u.c.CareGiverController - Care Givers List {offset=0, total_count=1, list=[{service=, isactive=Active, name=Nelson, profile_pic=http://localhost:8443/careSupervisor/management/careGiver/downloadFile/1, orderList=[{"count":0,"name":"Clients"}], care_provider=[], id=1, category=[]}]}
2020-08-31 21:37:19 [http-nio-8443-exec-7] INFO  c.q.c.u.c.CareGiverController - CareGiver Updated Successfully with Id 1
2020-08-31 21:37:26 [http-nio-8443-exec-8] INFO  c.q.c.u.c.CareGiverController - Get CareGiver Records By CareGiverId 1
2020-08-31 21:37:32 [http-nio-8443-exec-9] INFO  c.q.c.u.c.CareGiverController - Care Givers List {offset=0, total_count=1, list=[{service=, isactive=Active, name=Nelson, profile_pic=http://localhost:8443/careSupervisor/management/careGiver/downloadFile/1, orderList=[{"count":0,"name":"Clients"}], care_provider=[], id=1, category=[]}]}
2020-08-31 22:26:41 [http-nio-8443-exec-2] INFO  c.q.c.u.c.CareGiverController - Get CareGiver Records By CareGiverId 1
2020-08-31 22:39:05 [http-nio-8443-exec-4] INFO  c.q.c.u.c.CareGiverController - Get CareGiver Records By CareGiverId 1
