2020-09-13 18:13:13 [restartedMain] INFO  c.q.cs.QdmCareSupervisorApplication - Starting QdmCareSupervisorApplication on LAPTOP-GBKRVFU8 with PID 9556 (C:\Users\nandh\git\repository10\qdm-care-supervisor\target\classes started by nandh in C:\Users\nandh\git\repository10\qdm-care-supervisor)
2020-09-13 18:13:13 [restartedMain] DEBUG c.q.cs.QdmCareSupervisorApplication - Running with Spring Boot v2.3.2.RELEASE, Spring v5.2.8.RELEASE
2020-09-13 18:13:13 [restartedMain] INFO  c.q.cs.QdmCareSupervisorApplication - The following profiles are active: dev
2020-09-13 18:13:16 [restartedMain] INFO  c.q.cs.QdmCareSupervisorApplication - Started QdmCareSupervisorApplication in 2.673 seconds (JVM running for 4391.055)
2020-09-13 18:15:51 [restartedMain] INFO  c.q.cs.QdmCareSupervisorApplication - Starting QdmCareSupervisorApplication on LAPTOP-GBKRVFU8 with PID 9556 (C:\Users\nandh\git\repository10\qdm-care-supervisor\target\classes started by nandh in C:\Users\nandh\git\repository10\qdm-care-supervisor)
2020-09-13 18:15:51 [restartedMain] DEBUG c.q.cs.QdmCareSupervisorApplication - Running with Spring Boot v2.3.2.RELEASE, Spring v5.2.8.RELEASE
2020-09-13 18:15:51 [restartedMain] INFO  c.q.cs.QdmCareSupervisorApplication - The following profiles are active: dev
2020-09-13 18:15:53 [restartedMain] INFO  c.q.cs.QdmCareSupervisorApplication - Started QdmCareSupervisorApplication in 2.322 seconds (JVM running for 4548.469)
2020-09-13 18:16:09 [http-nio-8443-exec-2] INFO  c.q.c.u.c.CareProviderController - Created Care Provider Successfully With ID : 1
2020-09-13 18:16:12 [http-nio-8443-exec-3] INFO  c.q.c.u.c.CareGiverController - Care Giver Created Successfully With CareGiver_Id : 1
2020-09-13 18:16:16 [http-nio-8443-exec-4] ERROR c.q.c.u.s.CareGiverServiceImpl - Product List Mapping Query Error
2020-09-13 18:16:16 [http-nio-8443-exec-4] ERROR c.q.c.u.c.CareGiverController - Error Occured At careGiver deleteExperience : Transaction silently rolled back because it has been marked as rollback-only
2020-09-13 18:16:58 [restartedMain] INFO  c.q.cs.QdmCareSupervisorApplication - Starting QdmCareSupervisorApplication on LAPTOP-GBKRVFU8 with PID 9556 (C:\Users\nandh\git\repository10\qdm-care-supervisor\target\classes started by nandh in C:\Users\nandh\git\repository10\qdm-care-supervisor)
2020-09-13 18:16:58 [restartedMain] DEBUG c.q.cs.QdmCareSupervisorApplication - Running with Spring Boot v2.3.2.RELEASE, Spring v5.2.8.RELEASE
2020-09-13 18:16:58 [restartedMain] INFO  c.q.cs.QdmCareSupervisorApplication - The following profiles are active: dev
2020-09-13 18:17:00 [restartedMain] INFO  c.q.cs.QdmCareSupervisorApplication - Started QdmCareSupervisorApplication in 2.067 seconds (JVM running for 4614.941)
2020-09-13 18:17:06 [http-nio-8443-exec-1] INFO  c.q.c.u.c.CareProviderController - Created Care Provider Successfully With ID : 1
2020-09-13 18:17:09 [http-nio-8443-exec-3] INFO  c.q.c.u.c.CareGiverController - Care Giver Created Successfully With CareGiver_Id : 1
2020-09-13 18:17:13 [http-nio-8443-exec-4] INFO  c.q.c.u.c.CareGiverController - Care Giver Experience Deleted Successfully for Experience_Id : 2
2020-09-13 18:17:18 [http-nio-8443-exec-5] INFO  c.q.c.u.c.CareGiverController - Get CareGiver Records By CareGiverId 1
2020-09-13 18:18:49 [restartedMain] INFO  c.q.cs.QdmCareSupervisorApplication - Starting QdmCareSupervisorApplication on LAPTOP-GBKRVFU8 with PID 9556 (C:\Users\nandh\git\repository10\qdm-care-supervisor\target\classes started by nandh in C:\Users\nandh\git\repository10\qdm-care-supervisor)
2020-09-13 18:18:49 [restartedMain] DEBUG c.q.cs.QdmCareSupervisorApplication - Running with Spring Boot v2.3.2.RELEASE, Spring v5.2.8.RELEASE
2020-09-13 18:18:49 [restartedMain] INFO  c.q.cs.QdmCareSupervisorApplication - The following profiles are active: dev
2020-09-13 18:18:51 [restartedMain] INFO  c.q.cs.QdmCareSupervisorApplication - Started QdmCareSupervisorApplication in 2.483 seconds (JVM running for 4726.456)
2020-09-13 18:18:58 [restartedMain] INFO  c.q.cs.QdmCareSupervisorApplication - Starting QdmCareSupervisorApplication on LAPTOP-GBKRVFU8 with PID 9556 (C:\Users\nandh\git\repository10\qdm-care-supervisor\target\classes started by nandh in C:\Users\nandh\git\repository10\qdm-care-supervisor)
2020-09-13 18:18:58 [restartedMain] DEBUG c.q.cs.QdmCareSupervisorApplication - Running with Spring Boot v2.3.2.RELEASE, Spring v5.2.8.RELEASE
2020-09-13 18:18:58 [restartedMain] INFO  c.q.cs.QdmCareSupervisorApplication - The following profiles are active: dev
2020-09-13 18:19:01 [restartedMain] INFO  c.q.cs.QdmCareSupervisorApplication - Started QdmCareSupervisorApplication in 2.211 seconds (JVM running for 4735.923)
2020-09-13 18:19:07 [restartedMain] INFO  c.q.cs.QdmCareSupervisorApplication - Starting QdmCareSupervisorApplication on LAPTOP-GBKRVFU8 with PID 9556 (C:\Users\nandh\git\repository10\qdm-care-supervisor\target\classes started by nandh in C:\Users\nandh\git\repository10\qdm-care-supervisor)
2020-09-13 18:19:07 [restartedMain] DEBUG c.q.cs.QdmCareSupervisorApplication - Running with Spring Boot v2.3.2.RELEASE, Spring v5.2.8.RELEASE
2020-09-13 18:19:07 [restartedMain] INFO  c.q.cs.QdmCareSupervisorApplication - The following profiles are active: dev
2020-09-13 18:19:09 [restartedMain] INFO  c.q.cs.QdmCareSupervisorApplication - Started QdmCareSupervisorApplication in 2.336 seconds (JVM running for 4744.494)
2020-09-13 18:22:27 [restartedMain] INFO  c.q.cs.QdmCareSupervisorApplication - Starting QdmCareSupervisorApplication on LAPTOP-GBKRVFU8 with PID 9556 (C:\Users\nandh\git\repository10\qdm-care-supervisor\target\classes started by nandh in C:\Users\nandh\git\repository10\qdm-care-supervisor)
2020-09-13 18:22:27 [restartedMain] DEBUG c.q.cs.QdmCareSupervisorApplication - Running with Spring Boot v2.3.2.RELEASE, Spring v5.2.8.RELEASE
2020-09-13 18:22:27 [restartedMain] INFO  c.q.cs.QdmCareSupervisorApplication - The following profiles are active: dev
2020-09-13 18:22:29 [restartedMain] INFO  c.q.cs.QdmCareSupervisorApplication - Started QdmCareSupervisorApplication in 2.069 seconds (JVM running for 4944.705)
2020-09-13 18:22:43 [restartedMain] INFO  c.q.cs.QdmCareSupervisorApplication - Starting QdmCareSupervisorApplication on LAPTOP-GBKRVFU8 with PID 9556 (C:\Users\nandh\git\repository10\qdm-care-supervisor\target\classes started by nandh in C:\Users\nandh\git\repository10\qdm-care-supervisor)
2020-09-13 18:22:43 [restartedMain] DEBUG c.q.cs.QdmCareSupervisorApplication - Running with Spring Boot v2.3.2.RELEASE, Spring v5.2.8.RELEASE
2020-09-13 18:22:43 [restartedMain] INFO  c.q.cs.QdmCareSupervisorApplication - The following profiles are active: dev
2020-09-13 18:22:46 [restartedMain] INFO  c.q.cs.QdmCareSupervisorApplication - Started QdmCareSupervisorApplication in 2.192 seconds (JVM running for 4960.829)
2020-09-13 18:22:54 [http-nio-8443-exec-2] INFO  c.q.c.u.c.CareProviderController - Created Care Provider Successfully With ID : 1
2020-09-13 18:22:59 [http-nio-8443-exec-3] INFO  c.q.c.u.c.CareGiverController - Care Giver Created Successfully With CareGiver_Id : 1
2020-09-13 18:23:03 [http-nio-8443-exec-4] INFO  c.q.c.u.c.CareGiverController - Care Giver Experience Deleted Successfully for Experience_Id : 2
2020-09-13 18:23:08 [http-nio-8443-exec-5] INFO  c.q.c.u.c.CareGiverController - Get CareGiver Records By CareGiverId 1
2020-09-13 18:23:54 [http-nio-8443-exec-6] INFO  c.q.c.u.c.CareGiverController - Get CareGiver Records By CareGiverId 1
2020-09-13 18:24:48 [http-nio-8443-exec-7] INFO  c.q.c.u.c.CareGiverController - Care Giver Certificate Deleted Successfully for Certificate_Id : 1
2020-09-13 18:24:54 [http-nio-8443-exec-8] INFO  c.q.c.u.c.CareGiverController - Get CareGiver Records By CareGiverId 1
2020-09-13 18:27:26 [restartedMain] INFO  c.q.cs.QdmCareSupervisorApplication - Starting QdmCareSupervisorApplication on LAPTOP-GBKRVFU8 with PID 9556 (C:\Users\nandh\git\repository10\qdm-care-supervisor\target\classes started by nandh in C:\Users\nandh\git\repository10\qdm-care-supervisor)
2020-09-13 18:27:26 [restartedMain] DEBUG c.q.cs.QdmCareSupervisorApplication - Running with Spring Boot v2.3.2.RELEASE, Spring v5.2.8.RELEASE
2020-09-13 18:27:26 [restartedMain] INFO  c.q.cs.QdmCareSupervisorApplication - The following profiles are active: dev
2020-09-13 18:27:28 [restartedMain] INFO  c.q.cs.QdmCareSupervisorApplication - Started QdmCareSupervisorApplication in 2.136 seconds (JVM running for 5243.644)
2020-09-13 18:28:24 [restartedMain] INFO  c.q.cs.QdmCareSupervisorApplication - Starting QdmCareSupervisorApplication on LAPTOP-GBKRVFU8 with PID 9556 (C:\Users\nandh\git\repository10\qdm-care-supervisor\target\classes started by nandh in C:\Users\nandh\git\repository10\qdm-care-supervisor)
2020-09-13 18:28:24 [restartedMain] DEBUG c.q.cs.QdmCareSupervisorApplication - Running with Spring Boot v2.3.2.RELEASE, Spring v5.2.8.RELEASE
2020-09-13 18:28:24 [restartedMain] INFO  c.q.cs.QdmCareSupervisorApplication - The following profiles are active: dev
2020-09-13 18:28:26 [restartedMain] INFO  c.q.cs.QdmCareSupervisorApplication - Started QdmCareSupervisorApplication in 2.141 seconds (JVM running for 5301.546)
2020-09-13 18:30:39 [restartedMain] INFO  c.q.cs.QdmCareSupervisorApplication - Starting QdmCareSupervisorApplication on LAPTOP-GBKRVFU8 with PID 9556 (C:\Users\nandh\git\repository10\qdm-care-supervisor\target\classes started by nandh in C:\Users\nandh\git\repository10\qdm-care-supervisor)
2020-09-13 18:30:39 [restartedMain] DEBUG c.q.cs.QdmCareSupervisorApplication - Running with Spring Boot v2.3.2.RELEASE, Spring v5.2.8.RELEASE
2020-09-13 18:30:39 [restartedMain] INFO  c.q.cs.QdmCareSupervisorApplication - The following profiles are active: dev
2020-09-13 18:30:41 [restartedMain] INFO  c.q.cs.QdmCareSupervisorApplication - Started QdmCareSupervisorApplication in 2.226 seconds (JVM running for 5436.078)
