2020-09-07 17:34:17 [restartedMain] INFO  c.q.cs.QdmCareSupervisorApplication - Starting QdmCareSupervisorApplication on LAPTOP-GBKRVFU8 with PID 9916 (C:\Users\nandh\git\QDM\qdm-care-supervisor\target\classes started by nandh in C:\Users\nandh\git\QDM\qdm-care-supervisor)
2020-09-07 17:34:17 [restartedMain] DEBUG c.q.cs.QdmCareSupervisorApplication - Running with Spring Boot v2.3.2.RELEASE, Spring v5.2.8.RELEASE
2020-09-07 17:34:17 [restartedMain] INFO  c.q.cs.QdmCareSupervisorApplication - The following profiles are active: dev
2020-09-07 17:34:22 [restartedMain] INFO  c.q.cs.QdmCareSupervisorApplication - Started QdmCareSupervisorApplication in 5.904 seconds (JVM running for 7.97)
2020-09-07 17:35:39 [http-nio-8443-exec-2] INFO  c.q.c.u.c.CareGiverController - Care Giver Created Successfully With CareGiver_Id : 6
2020-09-07 17:37:12 [restartedMain] INFO  c.q.cs.QdmCareSupervisorApplication - Starting QdmCareSupervisorApplication on LAPTOP-GBKRVFU8 with PID 9916 (C:\Users\nandh\git\QDM\qdm-care-supervisor\target\classes started by nandh in C:\Users\nandh\git\QDM\qdm-care-supervisor)
2020-09-07 17:37:12 [restartedMain] DEBUG c.q.cs.QdmCareSupervisorApplication - Running with Spring Boot v2.3.2.RELEASE, Spring v5.2.8.RELEASE
2020-09-07 17:37:12 [restartedMain] INFO  c.q.cs.QdmCareSupervisorApplication - The following profiles are active: dev
2020-09-07 17:37:14 [restartedMain] INFO  c.q.cs.QdmCareSupervisorApplication - Started QdmCareSupervisorApplication in 1.342 seconds (JVM running for 179.807)
2020-09-07 17:37:19 [restartedMain] INFO  c.q.cs.QdmCareSupervisorApplication - Starting QdmCareSupervisorApplication on LAPTOP-GBKRVFU8 with PID 9916 (C:\Users\nandh\git\QDM\qdm-care-supervisor\target\classes started by nandh in C:\Users\nandh\git\QDM\qdm-care-supervisor)
2020-09-07 17:37:19 [restartedMain] DEBUG c.q.cs.QdmCareSupervisorApplication - Running with Spring Boot v2.3.2.RELEASE, Spring v5.2.8.RELEASE
2020-09-07 17:37:19 [restartedMain] INFO  c.q.cs.QdmCareSupervisorApplication - The following profiles are active: dev
2020-09-07 17:37:20 [restartedMain] INFO  c.q.cs.QdmCareSupervisorApplication - Started QdmCareSupervisorApplication in 1.128 seconds (JVM running for 185.633)
2020-09-07 17:38:06 [restartedMain] INFO  c.q.cs.QdmCareSupervisorApplication - Starting QdmCareSupervisorApplication on LAPTOP-GBKRVFU8 with PID 9916 (C:\Users\nandh\git\QDM\qdm-care-supervisor\target\classes started by nandh in C:\Users\nandh\git\QDM\qdm-care-supervisor)
2020-09-07 17:38:06 [restartedMain] DEBUG c.q.cs.QdmCareSupervisorApplication - Running with Spring Boot v2.3.2.RELEASE, Spring v5.2.8.RELEASE
2020-09-07 17:38:06 [restartedMain] INFO  c.q.cs.QdmCareSupervisorApplication - The following profiles are active: dev
2020-09-07 17:38:07 [restartedMain] INFO  c.q.cs.QdmCareSupervisorApplication - Started QdmCareSupervisorApplication in 1.152 seconds (JVM running for 233.191)
2020-09-07 17:39:15 [restartedMain] INFO  c.q.cs.QdmCareSupervisorApplication - Starting QdmCareSupervisorApplication on LAPTOP-GBKRVFU8 with PID 9916 (C:\Users\nandh\git\QDM\qdm-care-supervisor\target\classes started by nandh in C:\Users\nandh\git\QDM\qdm-care-supervisor)
2020-09-07 17:39:15 [restartedMain] DEBUG c.q.cs.QdmCareSupervisorApplication - Running with Spring Boot v2.3.2.RELEASE, Spring v5.2.8.RELEASE
2020-09-07 17:39:15 [restartedMain] INFO  c.q.cs.QdmCareSupervisorApplication - The following profiles are active: dev
2020-09-07 17:39:16 [restartedMain] INFO  c.q.cs.QdmCareSupervisorApplication - Started QdmCareSupervisorApplication in 1.092 seconds (JVM running for 301.935)
2020-09-07 17:39:35 [restartedMain] INFO  c.q.cs.QdmCareSupervisorApplication - Starting QdmCareSupervisorApplication on LAPTOP-GBKRVFU8 with PID 9916 (C:\Users\nandh\git\QDM\qdm-care-supervisor\target\classes started by nandh in C:\Users\nandh\git\QDM\qdm-care-supervisor)
2020-09-07 17:39:35 [restartedMain] DEBUG c.q.cs.QdmCareSupervisorApplication - Running with Spring Boot v2.3.2.RELEASE, Spring v5.2.8.RELEASE
2020-09-07 17:39:35 [restartedMain] INFO  c.q.cs.QdmCareSupervisorApplication - The following profiles are active: dev
2020-09-07 17:39:36 [restartedMain] INFO  c.q.cs.QdmCareSupervisorApplication - Started QdmCareSupervisorApplication in 1.088 seconds (JVM running for 322.023)
2020-09-07 17:40:28 [restartedMain] INFO  c.q.cs.QdmCareSupervisorApplication - Starting QdmCareSupervisorApplication on LAPTOP-GBKRVFU8 with PID 9916 (C:\Users\nandh\git\QDM\qdm-care-supervisor\target\classes started by nandh in C:\Users\nandh\git\QDM\qdm-care-supervisor)
2020-09-07 17:40:28 [restartedMain] DEBUG c.q.cs.QdmCareSupervisorApplication - Running with Spring Boot v2.3.2.RELEASE, Spring v5.2.8.RELEASE
2020-09-07 17:40:28 [restartedMain] INFO  c.q.cs.QdmCareSupervisorApplication - The following profiles are active: dev
2020-09-07 17:40:30 [restartedMain] INFO  c.q.cs.QdmCareSupervisorApplication - Started QdmCareSupervisorApplication in 1.138 seconds (JVM running for 375.588)
2020-09-07 17:40:34 [http-nio-8443-exec-2] INFO  c.q.c.u.c.CareGiverController - Care Giver Created Successfully With CareGiver_Id : 7
2020-09-07 17:41:24 [restartedMain] INFO  c.q.cs.QdmCareSupervisorApplication - Starting QdmCareSupervisorApplication on LAPTOP-GBKRVFU8 with PID 9916 (C:\Users\nandh\git\QDM\qdm-care-supervisor\target\classes started by nandh in C:\Users\nandh\git\QDM\qdm-care-supervisor)
2020-09-07 17:41:24 [restartedMain] DEBUG c.q.cs.QdmCareSupervisorApplication - Running with Spring Boot v2.3.2.RELEASE, Spring v5.2.8.RELEASE
2020-09-07 17:41:24 [restartedMain] INFO  c.q.cs.QdmCareSupervisorApplication - The following profiles are active: dev
2020-09-07 17:41:25 [restartedMain] INFO  c.q.cs.QdmCareSupervisorApplication - Started QdmCareSupervisorApplication in 1.079 seconds (JVM running for 431.174)
2020-09-07 17:42:45 [restartedMain] INFO  c.q.cs.QdmCareSupervisorApplication - Starting QdmCareSupervisorApplication on LAPTOP-GBKRVFU8 with PID 9916 (C:\Users\nandh\git\QDM\qdm-care-supervisor\target\classes started by nandh in C:\Users\nandh\git\QDM\qdm-care-supervisor)
2020-09-07 17:42:45 [restartedMain] DEBUG c.q.cs.QdmCareSupervisorApplication - Running with Spring Boot v2.3.2.RELEASE, Spring v5.2.8.RELEASE
2020-09-07 17:42:45 [restartedMain] INFO  c.q.cs.QdmCareSupervisorApplication - The following profiles are active: dev
2020-09-07 17:42:47 [restartedMain] INFO  c.q.cs.QdmCareSupervisorApplication - Started QdmCareSupervisorApplication in 1.829 seconds (JVM running for 512.697)
2020-09-07 20:34:09 [restartedMain] INFO  c.q.cs.QdmCareSupervisorApplication - Starting QdmCareSupervisorApplication on LAPTOP-GBKRVFU8 with PID 10700 (C:\Users\nandh\git\QDM\qdm-care-supervisor\target\classes started by nandh in C:\Users\nandh\git\QDM\qdm-care-supervisor)
2020-09-07 20:34:09 [restartedMain] DEBUG c.q.cs.QdmCareSupervisorApplication - Running with Spring Boot v2.3.2.RELEASE, Spring v5.2.8.RELEASE
2020-09-07 20:34:09 [restartedMain] INFO  c.q.cs.QdmCareSupervisorApplication - The following profiles are active: dev
2020-09-07 20:34:13 [restartedMain] INFO  c.q.cs.QdmCareSupervisorApplication - Started QdmCareSupervisorApplication in 4.223 seconds (JVM running for 4.898)
2020-09-07 20:34:24 [http-nio-8443-exec-2] INFO  c.q.c.u.c.CareGiverController - Care Giver Created Successfully With CareGiver_Id : 8
2020-09-07 20:34:31 [http-nio-8443-exec-3] INFO  c.q.c.u.c.CareGiverController - Get CareGiver Records By CareGiverId 1
2020-09-07 20:35:48 [restartedMain] INFO  c.q.cs.QdmCareSupervisorApplication - Starting QdmCareSupervisorApplication on LAPTOP-GBKRVFU8 with PID 10700 (C:\Users\nandh\git\QDM\qdm-care-supervisor\target\classes started by nandh in C:\Users\nandh\git\QDM\qdm-care-supervisor)
2020-09-07 20:35:48 [restartedMain] DEBUG c.q.cs.QdmCareSupervisorApplication - Running with Spring Boot v2.3.2.RELEASE, Spring v5.2.8.RELEASE
2020-09-07 20:35:48 [restartedMain] INFO  c.q.cs.QdmCareSupervisorApplication - The following profiles are active: dev
2020-09-07 20:35:49 [restartedMain] INFO  c.q.cs.QdmCareSupervisorApplication - Started QdmCareSupervisorApplication in 1.39 seconds (JVM running for 100.365)
2020-09-07 20:35:51 [restartedMain] INFO  c.q.cs.QdmCareSupervisorApplication - Starting QdmCareSupervisorApplication on LAPTOP-GBKRVFU8 with PID 10700 (C:\Users\nandh\git\QDM\qdm-care-supervisor\target\classes started by nandh in C:\Users\nandh\git\QDM\qdm-care-supervisor)
2020-09-07 20:35:51 [restartedMain] DEBUG c.q.cs.QdmCareSupervisorApplication - Running with Spring Boot v2.3.2.RELEASE, Spring v5.2.8.RELEASE
2020-09-07 20:35:51 [restartedMain] INFO  c.q.cs.QdmCareSupervisorApplication - The following profiles are active: dev
2020-09-07 20:35:52 [restartedMain] INFO  c.q.cs.QdmCareSupervisorApplication - Started QdmCareSupervisorApplication in 1.255 seconds (JVM running for 103.306)
2020-09-07 20:36:10 [restartedMain] INFO  c.q.cs.QdmCareSupervisorApplication - Starting QdmCareSupervisorApplication on LAPTOP-GBKRVFU8 with PID 10700 (C:\Users\nandh\git\QDM\qdm-care-supervisor\target\classes started by nandh in C:\Users\nandh\git\QDM\qdm-care-supervisor)
2020-09-07 20:36:10 [restartedMain] DEBUG c.q.cs.QdmCareSupervisorApplication - Running with Spring Boot v2.3.2.RELEASE, Spring v5.2.8.RELEASE
2020-09-07 20:36:10 [restartedMain] INFO  c.q.cs.QdmCareSupervisorApplication - The following profiles are active: dev
2020-09-07 20:36:11 [restartedMain] INFO  c.q.cs.QdmCareSupervisorApplication - Started QdmCareSupervisorApplication in 1.165 seconds (JVM running for 122.477)
2020-09-07 20:36:29 [restartedMain] INFO  c.q.cs.QdmCareSupervisorApplication - Starting QdmCareSupervisorApplication on LAPTOP-GBKRVFU8 with PID 10700 (C:\Users\nandh\git\QDM\qdm-care-supervisor\target\classes started by nandh in C:\Users\nandh\git\QDM\qdm-care-supervisor)
2020-09-07 20:36:29 [restartedMain] DEBUG c.q.cs.QdmCareSupervisorApplication - Running with Spring Boot v2.3.2.RELEASE, Spring v5.2.8.RELEASE
2020-09-07 20:36:29 [restartedMain] INFO  c.q.cs.QdmCareSupervisorApplication - The following profiles are active: dev
2020-09-07 20:36:30 [restartedMain] INFO  c.q.cs.QdmCareSupervisorApplication - Started QdmCareSupervisorApplication in 1.1 seconds (JVM running for 141.467)
2020-09-07 20:36:34 [http-nio-8443-exec-2] INFO  c.q.c.u.c.CareGiverController - Get CareGiver Records By CareGiverId 1
2020-09-07 20:37:22 [http-nio-8443-exec-3] INFO  c.q.c.u.c.CareProviderController - Created Care Provider Successfully With ID : 1
2020-09-07 20:37:33 [http-nio-8443-exec-4] INFO  c.q.c.u.c.CareGiverController - Care Giver Created Successfully With CareGiver_Id : 9
2020-09-07 20:37:38 [http-nio-8443-exec-5] INFO  c.q.c.u.c.CareGiverController - Get CareGiver Records By CareGiverId 1
2020-09-07 20:38:49 [restartedMain] INFO  c.q.cs.QdmCareSupervisorApplication - Starting QdmCareSupervisorApplication on LAPTOP-GBKRVFU8 with PID 10700 (C:\Users\nandh\git\QDM\qdm-care-supervisor\target\classes started by nandh in C:\Users\nandh\git\QDM\qdm-care-supervisor)
2020-09-07 20:38:49 [restartedMain] DEBUG c.q.cs.QdmCareSupervisorApplication - Running with Spring Boot v2.3.2.RELEASE, Spring v5.2.8.RELEASE
2020-09-07 20:38:49 [restartedMain] INFO  c.q.cs.QdmCareSupervisorApplication - The following profiles are active: dev
2020-09-07 20:38:50 [restartedMain] INFO  c.q.cs.QdmCareSupervisorApplication - Started QdmCareSupervisorApplication in 1.083 seconds (JVM running for 281.342)
2020-09-07 20:39:06 [http-nio-8443-exec-2] INFO  c.q.c.u.c.CareProviderController - Created Care Provider Successfully With ID : 1
2020-09-07 20:39:19 [http-nio-8443-exec-3] INFO  c.q.c.u.c.CareGiverController - Care Giver Created Successfully With CareGiver_Id : 1
2020-09-07 20:39:23 [http-nio-8443-exec-4] INFO  c.q.c.u.c.CareGiverController - Get CareGiver Records By CareGiverId 1
2020-09-07 20:40:58 [restartedMain] INFO  c.q.cs.QdmCareSupervisorApplication - Starting QdmCareSupervisorApplication on LAPTOP-GBKRVFU8 with PID 10700 (C:\Users\nandh\git\QDM\qdm-care-supervisor\target\classes started by nandh in C:\Users\nandh\git\QDM\qdm-care-supervisor)
2020-09-07 20:40:58 [restartedMain] DEBUG c.q.cs.QdmCareSupervisorApplication - Running with Spring Boot v2.3.2.RELEASE, Spring v5.2.8.RELEASE
2020-09-07 20:40:58 [restartedMain] INFO  c.q.cs.QdmCareSupervisorApplication - The following profiles are active: dev
2020-09-07 20:40:59 [restartedMain] INFO  c.q.cs.QdmCareSupervisorApplication - Started QdmCareSupervisorApplication in 1.14 seconds (JVM running for 410.395)
