2020-09-09 12:25:30 [restartedMain] INFO  c.q.cs.QdmCareSupervisorApplication - Starting QdmCareSupervisorApplication on LAPTOP-GBKRVFU8 with PID 4328 (C:\Users\nandh\git\QDM\qdm-care-supervisor\target\classes started by nandh in C:\Users\nandh\git\QDM\qdm-care-supervisor)
2020-09-09 12:25:30 [restartedMain] DEBUG c.q.cs.QdmCareSupervisorApplication - Running with Spring Boot v2.3.2.RELEASE, Spring v5.2.8.RELEASE
2020-09-09 12:25:30 [restartedMain] INFO  c.q.cs.QdmCareSupervisorApplication - The following profiles are active: dev
2020-09-09 12:25:31 [restartedMain] INFO  c.q.cs.QdmCareSupervisorApplication - Started QdmCareSupervisorApplication in 1.209 seconds (JVM running for 1181.975)
2020-09-09 12:26:04 [restartedMain] INFO  c.q.cs.QdmCareSupervisorApplication - Starting QdmCareSupervisorApplication on LAPTOP-GBKRVFU8 with PID 4328 (C:\Users\nandh\git\QDM\qdm-care-supervisor\target\classes started by nandh in C:\Users\nandh\git\QDM\qdm-care-supervisor)
2020-09-09 12:26:04 [restartedMain] DEBUG c.q.cs.QdmCareSupervisorApplication - Running with Spring Boot v2.3.2.RELEASE, Spring v5.2.8.RELEASE
2020-09-09 12:26:04 [restartedMain] INFO  c.q.cs.QdmCareSupervisorApplication - The following profiles are active: dev
2020-09-09 12:26:05 [restartedMain] INFO  c.q.cs.QdmCareSupervisorApplication - Started QdmCareSupervisorApplication in 1.15 seconds (JVM running for 1216.303)
2020-09-09 12:29:03 [http-nio-8443-exec-7] INFO  c.q.c.u.c.CareGiverController - Care Giver Created Successfully With CareGiver_Id : 2
2020-09-09 12:29:50 [http-nio-8443-exec-8] INFO  c.q.c.u.c.CareGiverController - Care Givers List {offset=0, total_count=2, list=[{service=, isactive=Active, name=Marry, profile_pic=http://localhost:8443/careSupervisor/management/careGiver/downloadFile/1, orderList=[{"count":0,"name":"Clients"}], care_provider=[CareProviderList(id=1, name=bbb, category=null)], id=1, category=[]}, {service=, isactive=Active, name=Marry, profile_pic=http://localhost:8443/careSupervisor/management/careGiver/downloadFile/2, orderList=[{"count":0,"name":"Clients"}], care_provider=[CareProviderList(id=1, name=bbb, category=null)], id=2, category=[]}]}
2020-09-09 12:30:04 [http-nio-8443-exec-9] INFO  c.q.c.u.c.CareGiverController - Get CareGiver Records By CareGiverId 2
2020-09-09 12:30:45 [http-nio-8443-exec-1] INFO  c.q.c.u.c.CareGiverController - Get CareGiver Records By CareGiverId 2
2020-09-09 13:30:27 [restartedMain] INFO  c.q.cs.QdmCareSupervisorApplication - Starting QdmCareSupervisorApplication on LAPTOP-GBKRVFU8 with PID 4328 (C:\Users\nandh\git\QDM\qdm-care-supervisor\target\classes started by nandh in C:\Users\nandh\git\QDM\qdm-care-supervisor)
2020-09-09 13:30:27 [restartedMain] DEBUG c.q.cs.QdmCareSupervisorApplication - Running with Spring Boot v2.3.2.RELEASE, Spring v5.2.8.RELEASE
2020-09-09 13:30:27 [restartedMain] INFO  c.q.cs.QdmCareSupervisorApplication - The following profiles are active: dev
2020-09-09 13:30:28 [restartedMain] INFO  c.q.cs.QdmCareSupervisorApplication - Started QdmCareSupervisorApplication in 1.206 seconds (JVM running for 5078.628)
2020-09-09 16:38:41 [http-nio-8443-exec-2] INFO  c.q.c.u.c.CareProviderController - Get CareProvider Records By CareProviderId 1
2020-09-09 16:39:25 [http-nio-8443-exec-3] INFO  c.q.c.u.c.CareProviderController - No CareProvider Found with Id : 2
2020-09-09 16:39:31 [http-nio-8443-exec-4] INFO  c.q.c.u.c.CareProviderController - Get CareProvider Records By CareProviderId 1
2020-09-09 19:52:36 [http-nio-8443-exec-6] INFO  c.q.c.u.c.CareProviderController - Get CareProvider Records By CareProviderId 1
