2020-09-01 15:48:09 [restartedMain] INFO  c.q.cs.QdmCareSupervisorApplication - Starting QdmCareSupervisorApplication on LAPTOP-GBKRVFU8 with PID 11744 (C:\Users\nandh\git\QDM\qdm-care-supervisor\target\classes started by nandh in C:\Users\nandh\git\QDM\qdm-care-supervisor)
2020-09-01 15:48:09 [restartedMain] DEBUG c.q.cs.QdmCareSupervisorApplication - Running with Spring Boot v2.3.2.RELEASE, Spring v5.2.8.RELEASE
2020-09-01 15:48:09 [restartedMain] INFO  c.q.cs.QdmCareSupervisorApplication - The following profiles are active: dev
2020-09-01 15:48:14 [restartedMain] INFO  c.q.cs.QdmCareSupervisorApplication - Started QdmCareSupervisorApplication in 5.977 seconds (JVM running for 6.785)
2020-09-01 15:49:33 [http-nio-8443-exec-1] INFO  c.q.c.u.c.CareProviderController - Get All CareProviders Records
2020-09-01 15:49:53 [http-nio-8443-exec-3] INFO  c.q.c.u.c.CareProviderController - Created Care Provider Successfully With ID : 1
2020-09-01 15:50:07 [http-nio-8443-exec-4] INFO  c.q.c.u.c.CareGiverController - No CareGiver Found with Id : 1
2020-09-01 15:50:23 [http-nio-8443-exec-5] INFO  c.q.c.u.c.CareGiverController - Care Giver Created Successfully With CareGiver_Id : 1
2020-09-01 15:50:29 [http-nio-8443-exec-6] INFO  c.q.c.u.c.CareGiverController - Get CareGiver Records By CareGiverId 1
2020-09-01 15:50:45 [http-nio-8443-exec-7] INFO  c.q.c.u.c.CareProviderController - Get CareProvider Records By CareProviderId 1
2020-09-01 15:51:13 [http-nio-8443-exec-8] INFO  c.q.c.u.c.CareProviderController - Created Care Provider Successfully With ID : 2
2020-09-01 15:51:39 [http-nio-8443-exec-9] INFO  c.q.c.u.c.CareGiverController - Care Giver Created Successfully With CareGiver_Id : 2
2020-09-01 15:51:49 [http-nio-8443-exec-10] INFO  c.q.c.u.c.CareProviderController - Get CareProvider Records By CareProviderId 1
2020-09-01 15:51:58 [http-nio-8443-exec-2] INFO  c.q.c.u.c.CareProviderController - Get CareProvider Records By CareProviderId 2
2020-09-01 15:56:39 [restartedMain] INFO  c.q.cs.QdmCareSupervisorApplication - Starting QdmCareSupervisorApplication on LAPTOP-GBKRVFU8 with PID 11744 (C:\Users\nandh\git\QDM\qdm-care-supervisor\target\classes started by nandh in C:\Users\nandh\git\QDM\qdm-care-supervisor)
2020-09-01 15:56:39 [restartedMain] DEBUG c.q.cs.QdmCareSupervisorApplication - Running with Spring Boot v2.3.2.RELEASE, Spring v5.2.8.RELEASE
2020-09-01 15:56:39 [restartedMain] INFO  c.q.cs.QdmCareSupervisorApplication - The following profiles are active: dev
2020-09-01 15:56:40 [restartedMain] INFO  c.q.cs.QdmCareSupervisorApplication - Started QdmCareSupervisorApplication in 1.455 seconds (JVM running for 512.583)
2020-09-01 15:56:44 [restartedMain] INFO  c.q.cs.QdmCareSupervisorApplication - Starting QdmCareSupervisorApplication on LAPTOP-GBKRVFU8 with PID 11744 (C:\Users\nandh\git\QDM\qdm-care-supervisor\target\classes started by nandh in C:\Users\nandh\git\QDM\qdm-care-supervisor)
2020-09-01 15:56:44 [restartedMain] DEBUG c.q.cs.QdmCareSupervisorApplication - Running with Spring Boot v2.3.2.RELEASE, Spring v5.2.8.RELEASE
2020-09-01 15:56:44 [restartedMain] INFO  c.q.cs.QdmCareSupervisorApplication - The following profiles are active: dev
2020-09-01 15:56:45 [restartedMain] INFO  c.q.cs.QdmCareSupervisorApplication - Started QdmCareSupervisorApplication in 1.218 seconds (JVM running for 517.604)
2020-09-01 15:56:57 [restartedMain] INFO  c.q.cs.QdmCareSupervisorApplication - Starting QdmCareSupervisorApplication on LAPTOP-GBKRVFU8 with PID 11744 (C:\Users\nandh\git\QDM\qdm-care-supervisor\target\classes started by nandh in C:\Users\nandh\git\QDM\qdm-care-supervisor)
2020-09-01 15:56:57 [restartedMain] DEBUG c.q.cs.QdmCareSupervisorApplication - Running with Spring Boot v2.3.2.RELEASE, Spring v5.2.8.RELEASE
2020-09-01 15:56:57 [restartedMain] INFO  c.q.cs.QdmCareSupervisorApplication - The following profiles are active: dev
2020-09-01 15:56:58 [restartedMain] INFO  c.q.cs.QdmCareSupervisorApplication - Started QdmCareSupervisorApplication in 1.132 seconds (JVM running for 530.282)
2020-09-01 15:57:00 [restartedMain] INFO  c.q.cs.QdmCareSupervisorApplication - Starting QdmCareSupervisorApplication on LAPTOP-GBKRVFU8 with PID 11744 (C:\Users\nandh\git\QDM\qdm-care-supervisor\target\classes started by nandh in C:\Users\nandh\git\QDM\qdm-care-supervisor)
2020-09-01 15:57:00 [restartedMain] DEBUG c.q.cs.QdmCareSupervisorApplication - Running with Spring Boot v2.3.2.RELEASE, Spring v5.2.8.RELEASE
2020-09-01 15:57:00 [restartedMain] INFO  c.q.cs.QdmCareSupervisorApplication - The following profiles are active: dev
2020-09-01 15:57:01 [restartedMain] INFO  c.q.cs.QdmCareSupervisorApplication - Started QdmCareSupervisorApplication in 1.2 seconds (JVM running for 533.216)
2020-09-01 15:57:49 [restartedMain] INFO  c.q.cs.QdmCareSupervisorApplication - Starting QdmCareSupervisorApplication on LAPTOP-GBKRVFU8 with PID 11744 (C:\Users\nandh\git\QDM\qdm-care-supervisor\target\classes started by nandh in C:\Users\nandh\git\QDM\qdm-care-supervisor)
2020-09-01 15:57:49 [restartedMain] DEBUG c.q.cs.QdmCareSupervisorApplication - Running with Spring Boot v2.3.2.RELEASE, Spring v5.2.8.RELEASE
2020-09-01 15:57:49 [restartedMain] INFO  c.q.cs.QdmCareSupervisorApplication - The following profiles are active: dev
2020-09-01 15:57:50 [restartedMain] INFO  c.q.cs.QdmCareSupervisorApplication - Started QdmCareSupervisorApplication in 1.269 seconds (JVM running for 582.377)
2020-09-01 15:57:58 [restartedMain] INFO  c.q.cs.QdmCareSupervisorApplication - Starting QdmCareSupervisorApplication on LAPTOP-GBKRVFU8 with PID 11744 (C:\Users\nandh\git\QDM\qdm-care-supervisor\target\classes started by nandh in C:\Users\nandh\git\QDM\qdm-care-supervisor)
2020-09-01 15:57:58 [restartedMain] DEBUG c.q.cs.QdmCareSupervisorApplication - Running with Spring Boot v2.3.2.RELEASE, Spring v5.2.8.RELEASE
2020-09-01 15:57:58 [restartedMain] INFO  c.q.cs.QdmCareSupervisorApplication - The following profiles are active: dev
2020-09-01 15:57:59 [restartedMain] INFO  c.q.cs.QdmCareSupervisorApplication - Started QdmCareSupervisorApplication in 1.217 seconds (JVM running for 591.49)
2020-09-01 15:58:18 [restartedMain] INFO  c.q.cs.QdmCareSupervisorApplication - Starting QdmCareSupervisorApplication on LAPTOP-GBKRVFU8 with PID 11744 (C:\Users\nandh\git\QDM\qdm-care-supervisor\target\classes started by nandh in C:\Users\nandh\git\QDM\qdm-care-supervisor)
2020-09-01 15:58:18 [restartedMain] DEBUG c.q.cs.QdmCareSupervisorApplication - Running with Spring Boot v2.3.2.RELEASE, Spring v5.2.8.RELEASE
2020-09-01 15:58:18 [restartedMain] INFO  c.q.cs.QdmCareSupervisorApplication - The following profiles are active: dev
2020-09-01 15:58:19 [restartedMain] INFO  c.q.cs.QdmCareSupervisorApplication - Started QdmCareSupervisorApplication in 1.1 seconds (JVM running for 611.791)
2020-09-01 16:00:32 [restartedMain] INFO  c.q.cs.QdmCareSupervisorApplication - Starting QdmCareSupervisorApplication on LAPTOP-GBKRVFU8 with PID 11744 (C:\Users\nandh\git\QDM\qdm-care-supervisor\target\classes started by nandh in C:\Users\nandh\git\QDM\qdm-care-supervisor)
2020-09-01 16:00:32 [restartedMain] DEBUG c.q.cs.QdmCareSupervisorApplication - Running with Spring Boot v2.3.2.RELEASE, Spring v5.2.8.RELEASE
2020-09-01 16:00:32 [restartedMain] INFO  c.q.cs.QdmCareSupervisorApplication - The following profiles are active: dev
2020-09-01 16:00:33 [restartedMain] INFO  c.q.cs.QdmCareSupervisorApplication - Started QdmCareSupervisorApplication in 1.109 seconds (JVM running for 745.08)
2020-09-01 16:01:08 [restartedMain] INFO  c.q.cs.QdmCareSupervisorApplication - Starting QdmCareSupervisorApplication on LAPTOP-GBKRVFU8 with PID 11744 (C:\Users\nandh\git\QDM\qdm-care-supervisor\target\classes started by nandh in C:\Users\nandh\git\QDM\qdm-care-supervisor)
2020-09-01 16:01:08 [restartedMain] DEBUG c.q.cs.QdmCareSupervisorApplication - Running with Spring Boot v2.3.2.RELEASE, Spring v5.2.8.RELEASE
2020-09-01 16:01:08 [restartedMain] INFO  c.q.cs.QdmCareSupervisorApplication - The following profiles are active: dev
2020-09-01 16:01:09 [restartedMain] INFO  c.q.cs.QdmCareSupervisorApplication - Started QdmCareSupervisorApplication in 1.156 seconds (JVM running for 781.79)
2020-09-01 16:01:23 [restartedMain] INFO  c.q.cs.QdmCareSupervisorApplication - Starting QdmCareSupervisorApplication on LAPTOP-GBKRVFU8 with PID 11744 (C:\Users\nandh\git\QDM\qdm-care-supervisor\target\classes started by nandh in C:\Users\nandh\git\QDM\qdm-care-supervisor)
2020-09-01 16:01:23 [restartedMain] DEBUG c.q.cs.QdmCareSupervisorApplication - Running with Spring Boot v2.3.2.RELEASE, Spring v5.2.8.RELEASE
2020-09-01 16:01:23 [restartedMain] INFO  c.q.cs.QdmCareSupervisorApplication - The following profiles are active: dev
2020-09-01 16:01:24 [restartedMain] INFO  c.q.cs.QdmCareSupervisorApplication - Started QdmCareSupervisorApplication in 1.048 seconds (JVM running for 796.33)
2020-09-01 16:01:31 [restartedMain] INFO  c.q.cs.QdmCareSupervisorApplication - Starting QdmCareSupervisorApplication on LAPTOP-GBKRVFU8 with PID 11744 (C:\Users\nandh\git\QDM\qdm-care-supervisor\target\classes started by nandh in C:\Users\nandh\git\QDM\qdm-care-supervisor)
2020-09-01 16:01:31 [restartedMain] DEBUG c.q.cs.QdmCareSupervisorApplication - Running with Spring Boot v2.3.2.RELEASE, Spring v5.2.8.RELEASE
2020-09-01 16:01:31 [restartedMain] INFO  c.q.cs.QdmCareSupervisorApplication - The following profiles are active: dev
2020-09-01 16:01:32 [restartedMain] INFO  c.q.cs.QdmCareSupervisorApplication - Started QdmCareSupervisorApplication in 0.993 seconds (JVM running for 804.321)
2020-09-01 16:01:39 [restartedMain] INFO  c.q.cs.QdmCareSupervisorApplication - Starting QdmCareSupervisorApplication on LAPTOP-GBKRVFU8 with PID 11744 (C:\Users\nandh\git\QDM\qdm-care-supervisor\target\classes started by nandh in C:\Users\nandh\git\QDM\qdm-care-supervisor)
2020-09-01 16:01:39 [restartedMain] DEBUG c.q.cs.QdmCareSupervisorApplication - Running with Spring Boot v2.3.2.RELEASE, Spring v5.2.8.RELEASE
2020-09-01 16:01:39 [restartedMain] INFO  c.q.cs.QdmCareSupervisorApplication - The following profiles are active: dev
2020-09-01 16:01:40 [restartedMain] INFO  c.q.cs.QdmCareSupervisorApplication - Started QdmCareSupervisorApplication in 1.28 seconds (JVM running for 812.913)
2020-09-01 16:12:30 [restartedMain] INFO  c.q.cs.QdmCareSupervisorApplication - Starting QdmCareSupervisorApplication on LAPTOP-GBKRVFU8 with PID 11744 (C:\Users\nandh\git\QDM\qdm-care-supervisor\target\classes started by nandh in C:\Users\nandh\git\QDM\qdm-care-supervisor)
2020-09-01 16:12:30 [restartedMain] DEBUG c.q.cs.QdmCareSupervisorApplication - Running with Spring Boot v2.3.2.RELEASE, Spring v5.2.8.RELEASE
2020-09-01 16:12:30 [restartedMain] INFO  c.q.cs.QdmCareSupervisorApplication - The following profiles are active: dev
2020-09-01 16:12:31 [restartedMain] INFO  c.q.cs.QdmCareSupervisorApplication - Started QdmCareSupervisorApplication in 1.59 seconds (JVM running for 1463.598)
2020-09-01 16:18:02 [restartedMain] INFO  c.q.cs.QdmCareSupervisorApplication - Starting QdmCareSupervisorApplication on LAPTOP-GBKRVFU8 with PID 11744 (C:\Users\nandh\git\QDM\qdm-care-supervisor\target\classes started by nandh in C:\Users\nandh\git\QDM\qdm-care-supervisor)
2020-09-01 16:18:02 [restartedMain] DEBUG c.q.cs.QdmCareSupervisorApplication - Running with Spring Boot v2.3.2.RELEASE, Spring v5.2.8.RELEASE
2020-09-01 16:18:02 [restartedMain] INFO  c.q.cs.QdmCareSupervisorApplication - The following profiles are active: dev
2020-09-01 16:18:29 [restartedMain] INFO  c.q.cs.QdmCareSupervisorApplication - Starting QdmCareSupervisorApplication on LAPTOP-GBKRVFU8 with PID 11744 (C:\Users\nandh\git\QDM\qdm-care-supervisor\target\classes started by nandh in C:\Users\nandh\git\QDM\qdm-care-supervisor)
2020-09-01 16:18:29 [restartedMain] DEBUG c.q.cs.QdmCareSupervisorApplication - Running with Spring Boot v2.3.2.RELEASE, Spring v5.2.8.RELEASE
2020-09-01 16:18:29 [restartedMain] INFO  c.q.cs.QdmCareSupervisorApplication - The following profiles are active: dev
2020-09-01 16:19:02 [restartedMain] INFO  c.q.cs.QdmCareSupervisorApplication - Starting QdmCareSupervisorApplication on LAPTOP-GBKRVFU8 with PID 11744 (C:\Users\nandh\git\QDM\qdm-care-supervisor\target\classes started by nandh in C:\Users\nandh\git\QDM\qdm-care-supervisor)
2020-09-01 16:19:02 [restartedMain] DEBUG c.q.cs.QdmCareSupervisorApplication - Running with Spring Boot v2.3.2.RELEASE, Spring v5.2.8.RELEASE
2020-09-01 16:19:02 [restartedMain] INFO  c.q.cs.QdmCareSupervisorApplication - The following profiles are active: dev
2020-09-01 16:19:13 [restartedMain] INFO  c.q.cs.QdmCareSupervisorApplication - Starting QdmCareSupervisorApplication on LAPTOP-GBKRVFU8 with PID 11744 (C:\Users\nandh\git\QDM\qdm-care-supervisor\target\classes started by nandh in C:\Users\nandh\git\QDM\qdm-care-supervisor)
2020-09-01 16:19:13 [restartedMain] DEBUG c.q.cs.QdmCareSupervisorApplication - Running with Spring Boot v2.3.2.RELEASE, Spring v5.2.8.RELEASE
2020-09-01 16:19:13 [restartedMain] INFO  c.q.cs.QdmCareSupervisorApplication - The following profiles are active: dev
2020-09-01 16:19:18 [restartedMain] INFO  c.q.cs.QdmCareSupervisorApplication - Starting QdmCareSupervisorApplication on LAPTOP-GBKRVFU8 with PID 11744 (C:\Users\nandh\git\QDM\qdm-care-supervisor\target\classes started by nandh in C:\Users\nandh\git\QDM\qdm-care-supervisor)
2020-09-01 16:19:18 [restartedMain] DEBUG c.q.cs.QdmCareSupervisorApplication - Running with Spring Boot v2.3.2.RELEASE, Spring v5.2.8.RELEASE
2020-09-01 16:19:18 [restartedMain] INFO  c.q.cs.QdmCareSupervisorApplication - The following profiles are active: dev
2020-09-01 16:19:26 [restartedMain] INFO  c.q.cs.QdmCareSupervisorApplication - Starting QdmCareSupervisorApplication on LAPTOP-GBKRVFU8 with PID 11744 (C:\Users\nandh\git\QDM\qdm-care-supervisor\target\classes started by nandh in C:\Users\nandh\git\QDM\qdm-care-supervisor)
2020-09-01 16:19:26 [restartedMain] DEBUG c.q.cs.QdmCareSupervisorApplication - Running with Spring Boot v2.3.2.RELEASE, Spring v5.2.8.RELEASE
2020-09-01 16:19:26 [restartedMain] INFO  c.q.cs.QdmCareSupervisorApplication - The following profiles are active: dev
2020-09-01 16:19:37 [restartedMain] INFO  c.q.cs.QdmCareSupervisorApplication - Starting QdmCareSupervisorApplication on LAPTOP-GBKRVFU8 with PID 11744 (C:\Users\nandh\git\QDM\qdm-care-supervisor\target\classes started by nandh in C:\Users\nandh\git\QDM\qdm-care-supervisor)
2020-09-01 16:19:37 [restartedMain] DEBUG c.q.cs.QdmCareSupervisorApplication - Running with Spring Boot v2.3.2.RELEASE, Spring v5.2.8.RELEASE
2020-09-01 16:19:37 [restartedMain] INFO  c.q.cs.QdmCareSupervisorApplication - The following profiles are active: dev
2020-09-01 16:21:18 [restartedMain] INFO  c.q.cs.QdmCareSupervisorApplication - Starting QdmCareSupervisorApplication on LAPTOP-GBKRVFU8 with PID 11744 (C:\Users\nandh\git\QDM\qdm-care-supervisor\target\classes started by nandh in C:\Users\nandh\git\QDM\qdm-care-supervisor)
2020-09-01 16:21:18 [restartedMain] DEBUG c.q.cs.QdmCareSupervisorApplication - Running with Spring Boot v2.3.2.RELEASE, Spring v5.2.8.RELEASE
2020-09-01 16:21:18 [restartedMain] INFO  c.q.cs.QdmCareSupervisorApplication - The following profiles are active: dev
2020-09-01 16:21:46 [restartedMain] INFO  c.q.cs.QdmCareSupervisorApplication - Starting QdmCareSupervisorApplication on LAPTOP-GBKRVFU8 with PID 11744 (C:\Users\nandh\git\QDM\qdm-care-supervisor\target\classes started by nandh in C:\Users\nandh\git\QDM\qdm-care-supervisor)
2020-09-01 16:21:46 [restartedMain] DEBUG c.q.cs.QdmCareSupervisorApplication - Running with Spring Boot v2.3.2.RELEASE, Spring v5.2.8.RELEASE
2020-09-01 16:21:46 [restartedMain] INFO  c.q.cs.QdmCareSupervisorApplication - The following profiles are active: dev
2020-09-01 16:22:14 [restartedMain] INFO  c.q.cs.QdmCareSupervisorApplication - Starting QdmCareSupervisorApplication on LAPTOP-GBKRVFU8 with PID 11744 (C:\Users\nandh\git\QDM\qdm-care-supervisor\target\classes started by nandh in C:\Users\nandh\git\QDM\qdm-care-supervisor)
2020-09-01 16:22:14 [restartedMain] DEBUG c.q.cs.QdmCareSupervisorApplication - Running with Spring Boot v2.3.2.RELEASE, Spring v5.2.8.RELEASE
2020-09-01 16:22:14 [restartedMain] INFO  c.q.cs.QdmCareSupervisorApplication - The following profiles are active: dev
2020-09-01 16:25:01 [restartedMain] INFO  c.q.cs.QdmCareSupervisorApplication - Starting QdmCareSupervisorApplication on LAPTOP-GBKRVFU8 with PID 11744 (C:\Users\nandh\git\QDM\qdm-care-supervisor\target\classes started by nandh in C:\Users\nandh\git\QDM\qdm-care-supervisor)
2020-09-01 16:25:01 [restartedMain] DEBUG c.q.cs.QdmCareSupervisorApplication - Running with Spring Boot v2.3.2.RELEASE, Spring v5.2.8.RELEASE
2020-09-01 16:25:01 [restartedMain] INFO  c.q.cs.QdmCareSupervisorApplication - The following profiles are active: dev
2020-09-01 16:25:26 [restartedMain] INFO  c.q.cs.QdmCareSupervisorApplication - Starting QdmCareSupervisorApplication on LAPTOP-GBKRVFU8 with PID 11744 (C:\Users\nandh\git\QDM\qdm-care-supervisor\target\classes started by nandh in C:\Users\nandh\git\QDM\qdm-care-supervisor)
2020-09-01 16:25:26 [restartedMain] DEBUG c.q.cs.QdmCareSupervisorApplication - Running with Spring Boot v2.3.2.RELEASE, Spring v5.2.8.RELEASE
2020-09-01 16:25:26 [restartedMain] INFO  c.q.cs.QdmCareSupervisorApplication - The following profiles are active: dev
2020-09-01 16:25:28 [restartedMain] INFO  c.q.cs.QdmCareSupervisorApplication - Started QdmCareSupervisorApplication in 1.642 seconds (JVM running for 2240.326)
2020-09-01 16:25:30 [restartedMain] INFO  c.q.cs.QdmCareSupervisorApplication - Starting QdmCareSupervisorApplication on LAPTOP-GBKRVFU8 with PID 11744 (C:\Users\nandh\git\QDM\qdm-care-supervisor\target\classes started by nandh in C:\Users\nandh\git\QDM\qdm-care-supervisor)
2020-09-01 16:25:30 [restartedMain] DEBUG c.q.cs.QdmCareSupervisorApplication - Running with Spring Boot v2.3.2.RELEASE, Spring v5.2.8.RELEASE
2020-09-01 16:25:30 [restartedMain] INFO  c.q.cs.QdmCareSupervisorApplication - The following profiles are active: dev
2020-09-01 16:25:31 [restartedMain] INFO  c.q.cs.QdmCareSupervisorApplication - Started QdmCareSupervisorApplication in 1.56 seconds (JVM running for 2243.793)
2020-09-01 16:27:48 [restartedMain] INFO  c.q.cs.QdmCareSupervisorApplication - Starting QdmCareSupervisorApplication on LAPTOP-GBKRVFU8 with PID 11744 (C:\Users\nandh\git\QDM\qdm-care-supervisor\target\classes started by nandh in C:\Users\nandh\git\QDM\qdm-care-supervisor)
2020-09-01 16:27:48 [restartedMain] DEBUG c.q.cs.QdmCareSupervisorApplication - Running with Spring Boot v2.3.2.RELEASE, Spring v5.2.8.RELEASE
2020-09-01 16:27:48 [restartedMain] INFO  c.q.cs.QdmCareSupervisorApplication - The following profiles are active: dev
2020-09-01 16:27:50 [restartedMain] INFO  c.q.cs.QdmCareSupervisorApplication - Started QdmCareSupervisorApplication in 1.626 seconds (JVM running for 2382.546)
2020-09-01 16:28:02 [http-nio-8443-exec-1] INFO  c.q.c.u.c.CareProviderController - Created Care Provider Successfully With ID : 1
2020-09-01 16:28:12 [http-nio-8443-exec-3] INFO  c.q.c.u.c.CareGiverController - Care Giver Created Successfully With CareGiver_Id : 1
2020-09-01 16:28:17 [http-nio-8443-exec-4] INFO  c.q.c.u.c.CareGiverController - Get CareGiver Records By CareGiverId 1
2020-09-01 16:30:10 [restartedMain] INFO  c.q.cs.QdmCareSupervisorApplication - Starting QdmCareSupervisorApplication on LAPTOP-GBKRVFU8 with PID 11744 (C:\Users\nandh\git\QDM\qdm-care-supervisor\target\classes started by nandh in C:\Users\nandh\git\QDM\qdm-care-supervisor)
2020-09-01 16:30:10 [restartedMain] DEBUG c.q.cs.QdmCareSupervisorApplication - Running with Spring Boot v2.3.2.RELEASE, Spring v5.2.8.RELEASE
2020-09-01 16:30:10 [restartedMain] INFO  c.q.cs.QdmCareSupervisorApplication - The following profiles are active: dev
2020-09-01 16:30:12 [restartedMain] INFO  c.q.cs.QdmCareSupervisorApplication - Started QdmCareSupervisorApplication in 1.733 seconds (JVM running for 2524.218)
2020-09-01 16:30:21 [http-nio-8443-exec-4] INFO  c.q.c.u.c.CareProviderController - Created Care Provider Successfully With ID : 1
2020-09-01 16:30:26 [http-nio-8443-exec-2] INFO  c.q.c.u.c.CareGiverController - Care Giver Created Successfully With CareGiver_Id : 1
2020-09-01 16:30:38 [http-nio-8443-exec-3] ERROR c.q.c.u.c.CareGiverController - Error Occured At careGiverdetach : null
2020-09-01 16:31:05 [restartedMain] INFO  c.q.cs.QdmCareSupervisorApplication - Starting QdmCareSupervisorApplication on LAPTOP-GBKRVFU8 with PID 11744 (C:\Users\nandh\git\QDM\qdm-care-supervisor\target\classes started by nandh in C:\Users\nandh\git\QDM\qdm-care-supervisor)
2020-09-01 16:31:05 [restartedMain] DEBUG c.q.cs.QdmCareSupervisorApplication - Running with Spring Boot v2.3.2.RELEASE, Spring v5.2.8.RELEASE
2020-09-01 16:31:05 [restartedMain] INFO  c.q.cs.QdmCareSupervisorApplication - The following profiles are active: dev
2020-09-01 16:31:07 [restartedMain] INFO  c.q.cs.QdmCareSupervisorApplication - Started QdmCareSupervisorApplication in 2.133 seconds (JVM running for 2579.275)
2020-09-01 16:31:34 [restartedMain] INFO  c.q.cs.QdmCareSupervisorApplication - Starting QdmCareSupervisorApplication on LAPTOP-GBKRVFU8 with PID 2708 (C:\Users\nandh\git\QDM\qdm-care-supervisor\target\classes started by nandh in C:\Users\nandh\git\QDM\qdm-care-supervisor)
2020-09-01 16:31:34 [restartedMain] DEBUG c.q.cs.QdmCareSupervisorApplication - Running with Spring Boot v2.3.2.RELEASE, Spring v5.2.8.RELEASE
2020-09-01 16:31:34 [restartedMain] INFO  c.q.cs.QdmCareSupervisorApplication - The following profiles are active: dev
2020-09-01 16:31:46 [restartedMain] INFO  c.q.cs.QdmCareSupervisorApplication - Started QdmCareSupervisorApplication in 12.686 seconds (JVM running for 17.971)
2020-09-01 16:38:51 [restartedMain] INFO  c.q.cs.QdmCareSupervisorApplication - Starting QdmCareSupervisorApplication on LAPTOP-GBKRVFU8 with PID 6156 (C:\Users\nandh\git\QDM\qdm-care-supervisor\target\classes started by nandh in C:\Users\nandh\git\QDM\qdm-care-supervisor)
2020-09-01 16:38:51 [restartedMain] DEBUG c.q.cs.QdmCareSupervisorApplication - Running with Spring Boot v2.3.2.RELEASE, Spring v5.2.8.RELEASE
2020-09-01 16:38:51 [restartedMain] INFO  c.q.cs.QdmCareSupervisorApplication - The following profiles are active: dev
2020-09-01 16:38:54 [restartedMain] INFO  c.q.cs.QdmCareSupervisorApplication - Started QdmCareSupervisorApplication in 3.431 seconds (JVM running for 4.119)
2020-09-01 16:39:05 [http-nio-8443-exec-3] ERROR c.q.c.u.c.CareGiverController - Error Occured At careGiverdetach : null
2020-09-01 16:40:02 [restartedMain] INFO  c.q.cs.QdmCareSupervisorApplication - Starting QdmCareSupervisorApplication on LAPTOP-GBKRVFU8 with PID 13048 (C:\Users\nandh\git\QDM\qdm-care-supervisor\target\classes started by nandh in C:\Users\nandh\git\QDM\qdm-care-supervisor)
2020-09-01 16:40:02 [restartedMain] DEBUG c.q.cs.QdmCareSupervisorApplication - Running with Spring Boot v2.3.2.RELEASE, Spring v5.2.8.RELEASE
2020-09-01 16:40:02 [restartedMain] INFO  c.q.cs.QdmCareSupervisorApplication - The following profiles are active: dev
2020-09-01 16:40:08 [restartedMain] INFO  c.q.cs.QdmCareSupervisorApplication - Started QdmCareSupervisorApplication in 6.463 seconds (JVM running for 7.414)
2020-09-01 16:42:30 [restartedMain] INFO  c.q.cs.QdmCareSupervisorApplication - Starting QdmCareSupervisorApplication on LAPTOP-GBKRVFU8 with PID 13048 (C:\Users\nandh\git\QDM\qdm-care-supervisor\target\classes started by nandh in C:\Users\nandh\git\QDM\qdm-care-supervisor)
2020-09-01 16:42:30 [restartedMain] DEBUG c.q.cs.QdmCareSupervisorApplication - Running with Spring Boot v2.3.2.RELEASE, Spring v5.2.8.RELEASE
2020-09-01 16:42:30 [restartedMain] INFO  c.q.cs.QdmCareSupervisorApplication - The following profiles are active: dev
2020-09-01 16:42:34 [restartedMain] INFO  c.q.cs.QdmCareSupervisorApplication - Started QdmCareSupervisorApplication in 4.007 seconds (JVM running for 153.952)
2020-09-01 16:42:53 [restartedMain] INFO  c.q.cs.QdmCareSupervisorApplication - Starting QdmCareSupervisorApplication on LAPTOP-GBKRVFU8 with PID 13048 (C:\Users\nandh\git\QDM\qdm-care-supervisor\target\classes started by nandh in C:\Users\nandh\git\QDM\qdm-care-supervisor)
2020-09-01 16:42:53 [restartedMain] DEBUG c.q.cs.QdmCareSupervisorApplication - Running with Spring Boot v2.3.2.RELEASE, Spring v5.2.8.RELEASE
2020-09-01 16:42:53 [restartedMain] INFO  c.q.cs.QdmCareSupervisorApplication - The following profiles are active: dev
2020-09-01 16:45:21 [restartedMain] INFO  c.q.cs.QdmCareSupervisorApplication - Starting QdmCareSupervisorApplication on LAPTOP-GBKRVFU8 with PID 14856 (C:\Users\nandh\git\QDM\qdm-care-supervisor\target\classes started by nandh in C:\Users\nandh\git\QDM\qdm-care-supervisor)
2020-09-01 16:45:21 [restartedMain] DEBUG c.q.cs.QdmCareSupervisorApplication - Running with Spring Boot v2.3.2.RELEASE, Spring v5.2.8.RELEASE
2020-09-01 16:45:21 [restartedMain] INFO  c.q.cs.QdmCareSupervisorApplication - The following profiles are active: dev
2020-09-01 16:45:24 [restartedMain] INFO  c.q.cs.QdmCareSupervisorApplication - Started QdmCareSupervisorApplication in 3.319 seconds (JVM running for 4.045)
2020-09-01 16:45:28 [http-nio-8443-exec-2] INFO  c.q.c.u.c.CareGiverController - Care Provider Deleted Successfully for CareGiver_Id : 1
2020-09-01 16:45:40 [http-nio-8443-exec-3] INFO  c.q.c.u.c.CareGiverController - Get CareGiver Records By CareGiverId 1
2020-09-01 16:46:05 [http-nio-8443-exec-4] INFO  c.q.c.u.c.CareGiverController - CareGiver Updated Successfully with Id 1
2020-09-01 16:46:10 [http-nio-8443-exec-5] INFO  c.q.c.u.c.CareGiverController - Get CareGiver Records By CareGiverId 1
2020-09-01 16:46:31 [http-nio-8443-exec-6] INFO  c.q.c.u.c.CareProviderController - Created Care Provider Successfully With ID : 2
2020-09-01 16:46:42 [http-nio-8443-exec-7] INFO  c.q.c.u.c.CareGiverController - CareGiver Updated Successfully with Id 1
2020-09-01 16:46:47 [http-nio-8443-exec-8] INFO  c.q.c.u.c.CareGiverController - Get CareGiver Records By CareGiverId 1
2020-09-01 16:47:03 [http-nio-8443-exec-9] INFO  c.q.c.u.c.CareGiverController - Care Provider Deleted Successfully for CareGiver_Id : 1
2020-09-01 16:47:07 [http-nio-8443-exec-10] INFO  c.q.c.u.c.CareGiverController - Get CareGiver Records By CareGiverId 1
2020-09-01 16:47:35 [http-nio-8443-exec-1] INFO  c.q.c.u.c.CareProviderController - Get All CareProviders Records
2020-09-01 16:48:07 [restartedMain] INFO  c.q.cs.QdmCareSupervisorApplication - Starting QdmCareSupervisorApplication on LAPTOP-GBKRVFU8 with PID 14856 (C:\Users\nandh\git\QDM\qdm-care-supervisor\target\classes started by nandh in C:\Users\nandh\git\QDM\qdm-care-supervisor)
2020-09-01 16:48:07 [restartedMain] DEBUG c.q.cs.QdmCareSupervisorApplication - Running with Spring Boot v2.3.2.RELEASE, Spring v5.2.8.RELEASE
2020-09-01 16:48:07 [restartedMain] INFO  c.q.cs.QdmCareSupervisorApplication - The following profiles are active: dev
2020-09-01 16:48:08 [restartedMain] INFO  c.q.cs.QdmCareSupervisorApplication - Started QdmCareSupervisorApplication in 1.031 seconds (JVM running for 167.72)
2020-09-01 16:48:13 [restartedMain] INFO  c.q.cs.QdmCareSupervisorApplication - Starting QdmCareSupervisorApplication on LAPTOP-GBKRVFU8 with PID 14856 (C:\Users\nandh\git\QDM\qdm-care-supervisor\target\classes started by nandh in C:\Users\nandh\git\QDM\qdm-care-supervisor)
2020-09-01 16:48:13 [restartedMain] DEBUG c.q.cs.QdmCareSupervisorApplication - Running with Spring Boot v2.3.2.RELEASE, Spring v5.2.8.RELEASE
2020-09-01 16:48:13 [restartedMain] INFO  c.q.cs.QdmCareSupervisorApplication - The following profiles are active: dev
2020-09-01 16:48:14 [restartedMain] INFO  c.q.cs.QdmCareSupervisorApplication - Started QdmCareSupervisorApplication in 1.087 seconds (JVM running for 173.513)
2020-09-01 16:48:22 [http-nio-8443-exec-2] INFO  c.q.c.u.c.CareProviderController - Created Care Provider Successfully With ID : 1
2020-09-01 16:48:25 [http-nio-8443-exec-3] INFO  c.q.c.u.c.CareProviderController - Created Care Provider Successfully With ID : 2
2020-09-01 16:48:50 [http-nio-8443-exec-4] INFO  c.q.c.u.c.CareGiverController - Care Giver Created Successfully With CareGiver_Id : 1
2020-09-01 16:48:57 [http-nio-8443-exec-5] INFO  c.q.c.u.c.CareProviderController - Get CareProvider Records By CareProviderId 2
2020-09-01 16:49:04 [http-nio-8443-exec-6] INFO  c.q.c.u.c.CareProviderController - Get CareProvider Records By CareProviderId 1
2020-09-01 16:53:25 [restartedMain] INFO  c.q.cs.QdmCareSupervisorApplication - Starting QdmCareSupervisorApplication on LAPTOP-GBKRVFU8 with PID 14856 (C:\Users\nandh\git\QDM\qdm-care-supervisor\target\classes started by nandh in C:\Users\nandh\git\QDM\qdm-care-supervisor)
2020-09-01 16:53:25 [restartedMain] DEBUG c.q.cs.QdmCareSupervisorApplication - Running with Spring Boot v2.3.2.RELEASE, Spring v5.2.8.RELEASE
2020-09-01 16:53:25 [restartedMain] INFO  c.q.cs.QdmCareSupervisorApplication - The following profiles are active: dev
2020-09-01 16:53:26 [restartedMain] INFO  c.q.cs.QdmCareSupervisorApplication - Started QdmCareSupervisorApplication in 1.054 seconds (JVM running for 485.549)
2020-09-01 16:53:45 [restartedMain] INFO  c.q.cs.QdmCareSupervisorApplication - Starting QdmCareSupervisorApplication on LAPTOP-GBKRVFU8 with PID 14856 (C:\Users\nandh\git\QDM\qdm-care-supervisor\target\classes started by nandh in C:\Users\nandh\git\QDM\qdm-care-supervisor)
2020-09-01 16:53:45 [restartedMain] DEBUG c.q.cs.QdmCareSupervisorApplication - Running with Spring Boot v2.3.2.RELEASE, Spring v5.2.8.RELEASE
2020-09-01 16:53:45 [restartedMain] INFO  c.q.cs.QdmCareSupervisorApplication - The following profiles are active: dev
2020-09-01 16:53:46 [restartedMain] INFO  c.q.cs.QdmCareSupervisorApplication - Started QdmCareSupervisorApplication in 1.019 seconds (JVM running for 505.444)
2020-09-01 16:53:49 [restartedMain] INFO  c.q.cs.QdmCareSupervisorApplication - Starting QdmCareSupervisorApplication on LAPTOP-GBKRVFU8 with PID 14856 (C:\Users\nandh\git\QDM\qdm-care-supervisor\target\classes started by nandh in C:\Users\nandh\git\QDM\qdm-care-supervisor)
2020-09-01 16:53:49 [restartedMain] DEBUG c.q.cs.QdmCareSupervisorApplication - Running with Spring Boot v2.3.2.RELEASE, Spring v5.2.8.RELEASE
2020-09-01 16:53:49 [restartedMain] INFO  c.q.cs.QdmCareSupervisorApplication - The following profiles are active: dev
2020-09-01 16:53:50 [restartedMain] INFO  c.q.cs.QdmCareSupervisorApplication - Started QdmCareSupervisorApplication in 1.011 seconds (JVM running for 510.193)
2020-09-01 16:53:57 [http-nio-8443-exec-2] INFO  c.q.c.u.c.CareProviderController - Created Care Provider Successfully With ID : 1
2020-09-01 16:54:05 [http-nio-8443-exec-3] INFO  c.q.c.u.c.CareGiverController - Care Giver Created Successfully With CareGiver_Id : 1
2020-09-01 16:54:10 [http-nio-8443-exec-4] INFO  c.q.c.u.c.CareGiverController - Get CareGiver Records By CareGiverId 1
2020-09-01 16:54:17 [http-nio-8443-exec-5] INFO  c.q.c.u.c.CareProviderController - Get CareProvider Records By CareProviderId 1
2020-09-01 16:54:39 [http-nio-8443-exec-6] INFO  c.q.c.u.c.CareGiverController - Care Provider Deleted Successfully for CareGiver_Id : 1
2020-09-01 16:54:44 [http-nio-8443-exec-7] INFO  c.q.c.u.c.CareProviderController - Get CareProvider Records By CareProviderId 1
2020-09-01 16:54:54 [http-nio-8443-exec-8] INFO  c.q.c.u.c.CareGiverController - CareGiver Updated Successfully with Id 1
2020-09-01 16:55:01 [http-nio-8443-exec-9] INFO  c.q.c.u.c.CareProviderController - Get CareProvider Records By CareProviderId 1
2020-09-01 16:58:13 [restartedMain] INFO  c.q.cs.QdmCareSupervisorApplication - Starting QdmCareSupervisorApplication on LAPTOP-GBKRVFU8 with PID 14856 (C:\Users\nandh\git\QDM\qdm-care-supervisor\target\classes started by nandh in C:\Users\nandh\git\QDM\qdm-care-supervisor)
2020-09-01 16:58:13 [restartedMain] DEBUG c.q.cs.QdmCareSupervisorApplication - Running with Spring Boot v2.3.2.RELEASE, Spring v5.2.8.RELEASE
2020-09-01 16:58:13 [restartedMain] INFO  c.q.cs.QdmCareSupervisorApplication - The following profiles are active: dev
2020-09-01 16:58:14 [restartedMain] INFO  c.q.cs.QdmCareSupervisorApplication - Started QdmCareSupervisorApplication in 0.97 seconds (JVM running for 774.097)
2020-09-01 17:00:54 [restartedMain] INFO  c.q.cs.QdmCareSupervisorApplication - Starting QdmCareSupervisorApplication on LAPTOP-GBKRVFU8 with PID 14856 (C:\Users\nandh\git\QDM\qdm-care-supervisor\target\classes started by nandh in C:\Users\nandh\git\QDM\qdm-care-supervisor)
2020-09-01 17:00:54 [restartedMain] DEBUG c.q.cs.QdmCareSupervisorApplication - Running with Spring Boot v2.3.2.RELEASE, Spring v5.2.8.RELEASE
2020-09-01 17:00:54 [restartedMain] INFO  c.q.cs.QdmCareSupervisorApplication - The following profiles are active: dev
2020-09-01 17:00:55 [restartedMain] INFO  c.q.cs.QdmCareSupervisorApplication - Started QdmCareSupervisorApplication in 1.015 seconds (JVM running for 934.842)
2020-09-01 17:01:20 [restartedMain] INFO  c.q.cs.QdmCareSupervisorApplication - Starting QdmCareSupervisorApplication on LAPTOP-GBKRVFU8 with PID 14856 (C:\Users\nandh\git\QDM\qdm-care-supervisor\target\classes started by nandh in C:\Users\nandh\git\QDM\qdm-care-supervisor)
2020-09-01 17:01:20 [restartedMain] DEBUG c.q.cs.QdmCareSupervisorApplication - Running with Spring Boot v2.3.2.RELEASE, Spring v5.2.8.RELEASE
2020-09-01 17:01:20 [restartedMain] INFO  c.q.cs.QdmCareSupervisorApplication - The following profiles are active: dev
2020-09-01 17:01:21 [restartedMain] INFO  c.q.cs.QdmCareSupervisorApplication - Started QdmCareSupervisorApplication in 0.843 seconds (JVM running for 960.749)
2020-09-01 17:01:25 [restartedMain] INFO  c.q.cs.QdmCareSupervisorApplication - Starting QdmCareSupervisorApplication on LAPTOP-GBKRVFU8 with PID 14856 (C:\Users\nandh\git\QDM\qdm-care-supervisor\target\classes started by nandh in C:\Users\nandh\git\QDM\qdm-care-supervisor)
2020-09-01 17:01:25 [restartedMain] DEBUG c.q.cs.QdmCareSupervisorApplication - Running with Spring Boot v2.3.2.RELEASE, Spring v5.2.8.RELEASE
2020-09-01 17:01:25 [restartedMain] INFO  c.q.cs.QdmCareSupervisorApplication - The following profiles are active: dev
2020-09-01 17:01:25 [restartedMain] INFO  c.q.cs.QdmCareSupervisorApplication - Started QdmCareSupervisorApplication in 0.986 seconds (JVM running for 965.395)
2020-09-01 17:01:31 [http-nio-8443-exec-2] INFO  c.q.c.u.c.CareProviderController - Created Care Provider Successfully With ID : 1
2020-09-01 17:01:36 [http-nio-8443-exec-3] INFO  c.q.c.u.c.CareGiverController - Care Giver Created Successfully With CareGiver_Id : 1
2020-09-01 17:01:42 [http-nio-8443-exec-4] INFO  c.q.c.u.c.CareProviderController - Get CareProvider Records By CareProviderId 1
2020-09-01 17:01:47 [http-nio-8443-exec-5] INFO  c.q.c.u.c.CareGiverController - Get CareGiver Records By CareGiverId 1
2020-09-01 17:02:01 [http-nio-8443-exec-6] INFO  c.q.c.u.c.CareGiverController - CareGiver Updated Successfully with Id 1
2020-09-01 17:02:05 [http-nio-8443-exec-7] INFO  c.q.c.u.c.CareGiverController - Get CareGiver Records By CareGiverId 1
2020-09-01 17:02:26 [http-nio-8443-exec-8] INFO  c.q.c.u.c.CareGiverController - Get CareGiver Records By CareGiverId 1
2020-09-01 17:03:09 [restartedMain] INFO  c.q.cs.QdmCareSupervisorApplication - Starting QdmCareSupervisorApplication on LAPTOP-GBKRVFU8 with PID 14856 (C:\Users\nandh\git\QDM\qdm-care-supervisor\target\classes started by nandh in C:\Users\nandh\git\QDM\qdm-care-supervisor)
2020-09-01 17:03:09 [restartedMain] DEBUG c.q.cs.QdmCareSupervisorApplication - Running with Spring Boot v2.3.2.RELEASE, Spring v5.2.8.RELEASE
2020-09-01 17:03:09 [restartedMain] INFO  c.q.cs.QdmCareSupervisorApplication - The following profiles are active: dev
2020-09-01 17:03:10 [restartedMain] INFO  c.q.cs.QdmCareSupervisorApplication - Started QdmCareSupervisorApplication in 0.948 seconds (JVM running for 1070.236)
2020-09-01 17:03:15 [http-nio-8443-exec-2] INFO  c.q.c.u.c.CareGiverController - CareGiver Updated Successfully with Id 1
2020-09-01 17:03:18 [http-nio-8443-exec-3] INFO  c.q.c.u.c.CareGiverController - Get CareGiver Records By CareGiverId 1
2020-09-01 17:03:51 [restartedMain] INFO  c.q.cs.QdmCareSupervisorApplication - Starting QdmCareSupervisorApplication on LAPTOP-GBKRVFU8 with PID 14856 (C:\Users\nandh\git\QDM\qdm-care-supervisor\target\classes started by nandh in C:\Users\nandh\git\QDM\qdm-care-supervisor)
2020-09-01 17:03:51 [restartedMain] DEBUG c.q.cs.QdmCareSupervisorApplication - Running with Spring Boot v2.3.2.RELEASE, Spring v5.2.8.RELEASE
2020-09-01 17:03:51 [restartedMain] INFO  c.q.cs.QdmCareSupervisorApplication - The following profiles are active: dev
2020-09-01 17:03:52 [restartedMain] INFO  c.q.cs.QdmCareSupervisorApplication - Started QdmCareSupervisorApplication in 1.033 seconds (JVM running for 1111.458)
2020-09-01 17:03:59 [http-nio-8443-exec-2] INFO  c.q.c.u.c.CareGiverController - CareGiver Updated Successfully with Id 1
2020-09-01 17:04:02 [http-nio-8443-exec-3] INFO  c.q.c.u.c.CareGiverController - Get CareGiver Records By CareGiverId 1
2020-09-01 17:04:51 [restartedMain] INFO  c.q.cs.QdmCareSupervisorApplication - Starting QdmCareSupervisorApplication on LAPTOP-GBKRVFU8 with PID 13552 (C:\Users\nandh\git\QDM\qdm-care-supervisor\target\classes started by nandh in C:\Users\nandh\git\QDM\qdm-care-supervisor)
2020-09-01 17:04:51 [restartedMain] DEBUG c.q.cs.QdmCareSupervisorApplication - Running with Spring Boot v2.3.2.RELEASE, Spring v5.2.8.RELEASE
2020-09-01 17:04:51 [restartedMain] INFO  c.q.cs.QdmCareSupervisorApplication - The following profiles are active: dev
2020-09-01 17:04:54 [restartedMain] INFO  c.q.cs.QdmCareSupervisorApplication - Started QdmCareSupervisorApplication in 3.343 seconds (JVM running for 4.026)
2020-09-01 17:05:01 [http-nio-8443-exec-1] INFO  c.q.c.u.c.CareProviderController - Created Care Provider Successfully With ID : 1
2020-09-01 17:05:04 [http-nio-8443-exec-2] INFO  c.q.c.u.c.CareProviderController - Created Care Provider Successfully With ID : 2
2020-09-01 17:05:09 [http-nio-8443-exec-5] INFO  c.q.c.u.c.CareGiverController - Care Giver Created Successfully With CareGiver_Id : 1
2020-09-01 17:05:12 [http-nio-8443-exec-4] INFO  c.q.c.u.c.CareGiverController - Get CareGiver Records By CareGiverId 1
2020-09-01 17:05:18 [http-nio-8443-exec-6] INFO  c.q.c.u.c.CareProviderController - Get CareProvider Records By CareProviderId 1
2020-09-01 17:05:25 [http-nio-8443-exec-7] INFO  c.q.c.u.c.CareGiverController - CareGiver Updated Successfully with Id 1
2020-09-01 17:05:31 [http-nio-8443-exec-8] INFO  c.q.c.u.c.CareGiverController - Get CareGiver Records By CareGiverId 1
2020-09-01 17:05:58 [restartedMain] INFO  c.q.cs.QdmCareSupervisorApplication - Starting QdmCareSupervisorApplication on LAPTOP-GBKRVFU8 with PID 13552 (C:\Users\nandh\git\QDM\qdm-care-supervisor\target\classes started by nandh in C:\Users\nandh\git\QDM\qdm-care-supervisor)
2020-09-01 17:05:58 [restartedMain] DEBUG c.q.cs.QdmCareSupervisorApplication - Running with Spring Boot v2.3.2.RELEASE, Spring v5.2.8.RELEASE
2020-09-01 17:05:58 [restartedMain] INFO  c.q.cs.QdmCareSupervisorApplication - The following profiles are active: dev
2020-09-01 17:05:59 [restartedMain] INFO  c.q.cs.QdmCareSupervisorApplication - Started QdmCareSupervisorApplication in 1.068 seconds (JVM running for 69.537)
2020-09-01 17:06:07 [http-nio-8443-exec-2] INFO  c.q.c.u.c.CareProviderController - Created Care Provider Successfully With ID : 1
2020-09-01 17:06:08 [http-nio-8443-exec-3] INFO  c.q.c.u.c.CareProviderController - Created Care Provider Successfully With ID : 2
2020-09-01 17:06:16 [http-nio-8443-exec-4] INFO  c.q.c.u.c.CareGiverController - Care Giver Created Successfully With CareGiver_Id : 1
2020-09-01 17:06:21 [http-nio-8443-exec-5] INFO  c.q.c.u.c.CareProviderController - Get CareProvider Records By CareProviderId 1
2020-09-01 17:06:26 [http-nio-8443-exec-6] INFO  c.q.c.u.c.CareGiverController - Get CareGiver Records By CareGiverId 1
2020-09-01 17:06:31 [http-nio-8443-exec-7] INFO  c.q.c.u.c.CareGiverController - CareGiver Updated Successfully with Id 1
2020-09-01 17:06:34 [http-nio-8443-exec-8] INFO  c.q.c.u.c.CareGiverController - Get CareGiver Records By CareGiverId 1
2020-09-01 17:06:51 [http-nio-8443-exec-9] INFO  c.q.c.u.c.CareProviderController - Get CareProvider Records By CareProviderId 1
2020-09-01 17:10:57 [restartedMain] INFO  c.q.cs.QdmCareSupervisorApplication - Starting QdmCareSupervisorApplication on LAPTOP-GBKRVFU8 with PID 13552 (C:\Users\nandh\git\QDM\qdm-care-supervisor\target\classes started by nandh in C:\Users\nandh\git\QDM\qdm-care-supervisor)
2020-09-01 17:10:57 [restartedMain] DEBUG c.q.cs.QdmCareSupervisorApplication - Running with Spring Boot v2.3.2.RELEASE, Spring v5.2.8.RELEASE
2020-09-01 17:10:57 [restartedMain] INFO  c.q.cs.QdmCareSupervisorApplication - The following profiles are active: dev
2020-09-01 17:10:58 [restartedMain] INFO  c.q.cs.QdmCareSupervisorApplication - Started QdmCareSupervisorApplication in 0.973 seconds (JVM running for 368.238)
2020-09-01 17:11:09 [restartedMain] INFO  c.q.cs.QdmCareSupervisorApplication - Starting QdmCareSupervisorApplication on LAPTOP-GBKRVFU8 with PID 13552 (C:\Users\nandh\git\QDM\qdm-care-supervisor\target\classes started by nandh in C:\Users\nandh\git\QDM\qdm-care-supervisor)
2020-09-01 17:11:09 [restartedMain] DEBUG c.q.cs.QdmCareSupervisorApplication - Running with Spring Boot v2.3.2.RELEASE, Spring v5.2.8.RELEASE
2020-09-01 17:11:09 [restartedMain] INFO  c.q.cs.QdmCareSupervisorApplication - The following profiles are active: dev
2020-09-01 17:11:10 [restartedMain] INFO  c.q.cs.QdmCareSupervisorApplication - Started QdmCareSupervisorApplication in 0.905 seconds (JVM running for 379.954)
2020-09-01 17:11:16 [restartedMain] INFO  c.q.cs.QdmCareSupervisorApplication - Starting QdmCareSupervisorApplication on LAPTOP-GBKRVFU8 with PID 13552 (C:\Users\nandh\git\QDM\qdm-care-supervisor\target\classes started by nandh in C:\Users\nandh\git\QDM\qdm-care-supervisor)
2020-09-01 17:11:16 [restartedMain] DEBUG c.q.cs.QdmCareSupervisorApplication - Running with Spring Boot v2.3.2.RELEASE, Spring v5.2.8.RELEASE
2020-09-01 17:11:16 [restartedMain] INFO  c.q.cs.QdmCareSupervisorApplication - The following profiles are active: dev
2020-09-01 17:11:17 [restartedMain] INFO  c.q.cs.QdmCareSupervisorApplication - Started QdmCareSupervisorApplication in 0.934 seconds (JVM running for 386.627)
2020-09-01 17:11:33 [http-nio-8443-exec-2] INFO  c.q.c.u.c.CareProviderController - Created Care Provider Successfully With ID : 1
2020-09-01 17:11:39 [http-nio-8443-exec-3] INFO  c.q.c.u.c.CareGiverController - Care Giver Created Successfully With CareGiver_Id : 1
2020-09-01 17:11:42 [http-nio-8443-exec-4] INFO  c.q.c.u.c.CareProviderController - Created Care Provider Successfully With ID : 2
2020-09-01 17:11:48 [http-nio-8443-exec-5] INFO  c.q.c.u.c.CareGiverController - CareGiver Updated Successfully with Id 1
2020-09-01 17:11:54 [http-nio-8443-exec-6] INFO  c.q.c.u.c.CareProviderController - Get CareProvider Records By CareProviderId 1
2020-09-01 17:12:12 [restartedMain] INFO  c.q.cs.QdmCareSupervisorApplication - Starting QdmCareSupervisorApplication on LAPTOP-GBKRVFU8 with PID 13552 (C:\Users\nandh\git\QDM\qdm-care-supervisor\target\classes started by nandh in C:\Users\nandh\git\QDM\qdm-care-supervisor)
2020-09-01 17:12:12 [restartedMain] DEBUG c.q.cs.QdmCareSupervisorApplication - Running with Spring Boot v2.3.2.RELEASE, Spring v5.2.8.RELEASE
2020-09-01 17:12:12 [restartedMain] INFO  c.q.cs.QdmCareSupervisorApplication - The following profiles are active: dev
2020-09-01 17:12:13 [restartedMain] INFO  c.q.cs.QdmCareSupervisorApplication - Started QdmCareSupervisorApplication in 0.923 seconds (JVM running for 442.776)
2020-09-01 17:12:14 [restartedMain] INFO  c.q.cs.QdmCareSupervisorApplication - Starting QdmCareSupervisorApplication on LAPTOP-GBKRVFU8 with PID 13552 (C:\Users\nandh\git\QDM\qdm-care-supervisor\target\classes started by nandh in C:\Users\nandh\git\QDM\qdm-care-supervisor)
2020-09-01 17:12:14 [restartedMain] DEBUG c.q.cs.QdmCareSupervisorApplication - Running with Spring Boot v2.3.2.RELEASE, Spring v5.2.8.RELEASE
2020-09-01 17:12:14 [restartedMain] INFO  c.q.cs.QdmCareSupervisorApplication - The following profiles are active: dev
2020-09-01 17:12:15 [restartedMain] INFO  c.q.cs.QdmCareSupervisorApplication - Started QdmCareSupervisorApplication in 0.888 seconds (JVM running for 445.363)
2020-09-01 17:12:22 [http-nio-8443-exec-2] INFO  c.q.c.u.c.CareProviderController - No CareProvider Found with Id : 1
2020-09-01 17:12:26 [http-nio-8443-exec-3] INFO  c.q.c.u.c.CareProviderController - Created Care Provider Successfully With ID : 1
2020-09-01 17:12:29 [http-nio-8443-exec-4] INFO  c.q.c.u.c.CareGiverController - Care Giver Created Successfully With CareGiver_Id : 1
2020-09-01 17:12:35 [http-nio-8443-exec-5] INFO  c.q.c.u.c.CareProviderController - Get CareProvider Records By CareProviderId 1
2020-09-01 17:13:34 [http-nio-8443-exec-6] INFO  c.q.c.u.c.CareGiverController - CareGiver Updated Successfully with Id 1
2020-09-01 17:13:40 [http-nio-8443-exec-7] INFO  c.q.c.u.c.CareProviderController - Get CareProvider Records By CareProviderId 1
2020-09-01 17:14:04 [http-nio-8443-exec-8] INFO  c.q.c.u.c.CareGiverController - CareGiver Updated Successfully with Id 1
2020-09-01 17:14:10 [http-nio-8443-exec-9] INFO  c.q.c.u.c.CareProviderController - Get CareProvider Records By CareProviderId 1
2020-09-01 17:21:27 [restartedMain] INFO  c.q.cs.QdmCareSupervisorApplication - Starting QdmCareSupervisorApplication on LAPTOP-GBKRVFU8 with PID 13552 (C:\Users\nandh\git\QDM\qdm-care-supervisor\target\classes started by nandh in C:\Users\nandh\git\QDM\qdm-care-supervisor)
2020-09-01 17:21:27 [restartedMain] DEBUG c.q.cs.QdmCareSupervisorApplication - Running with Spring Boot v2.3.2.RELEASE, Spring v5.2.8.RELEASE
2020-09-01 17:21:27 [restartedMain] INFO  c.q.cs.QdmCareSupervisorApplication - The following profiles are active: dev
2020-09-01 17:21:29 [restartedMain] INFO  c.q.cs.QdmCareSupervisorApplication - Started QdmCareSupervisorApplication in 1.374 seconds (JVM running for 998.811)
2020-09-01 17:21:35 [http-nio-8443-exec-2] INFO  c.q.c.u.c.CareProviderController - Created Care Provider Successfully With ID : 1
2020-09-01 17:21:39 [http-nio-8443-exec-3] INFO  c.q.c.u.c.CareGiverController - Care Giver Created Successfully With CareGiver_Id : 1
2020-09-01 17:21:44 [http-nio-8443-exec-4] INFO  c.q.c.u.c.CareProviderController - Get CareProvider Records By CareProviderId 1
2020-09-01 17:21:54 [http-nio-8443-exec-5] INFO  c.q.c.u.c.CareGiverController - CareGiver Updated Successfully with Id 1
2020-09-01 17:22:01 [http-nio-8443-exec-6] INFO  c.q.c.u.c.CareProviderController - Get CareProvider Records By CareProviderId 1
2020-09-01 17:22:16 [http-nio-8443-exec-7] INFO  c.q.c.u.c.CareGiverController - CareGiver Updated Successfully with Id 1
2020-09-01 17:22:24 [http-nio-8443-exec-8] INFO  c.q.c.u.c.CareProviderController - Get CareProvider Records By CareProviderId 1
2020-09-01 17:22:34 [http-nio-8443-exec-10] INFO  c.q.c.u.c.CareProviderController - No CareProvider Found with Id : 2
2020-09-01 17:22:42 [http-nio-8443-exec-9] INFO  c.q.c.u.c.CareProviderController - Created Care Provider Successfully With ID : 2
2020-09-01 17:22:47 [http-nio-8443-exec-1] INFO  c.q.c.u.c.CareProviderController - Get CareProvider Records By CareProviderId 2
2020-09-01 17:22:55 [http-nio-8443-exec-2] INFO  c.q.c.u.c.CareGiverController - CareGiver Updated Successfully with Id 1
2020-09-01 17:23:01 [http-nio-8443-exec-3] INFO  c.q.c.u.c.CareProviderController - Get CareProvider Records By CareProviderId 2
2020-09-01 17:23:07 [http-nio-8443-exec-4] INFO  c.q.c.u.c.CareProviderController - Get CareProvider Records By CareProviderId 1
2020-09-01 17:23:41 [http-nio-8443-exec-5] ERROR c.q.c.u.c.CareGiverController - Error Occured At UpdateCareGiver : No value present
2020-09-01 17:23:47 [http-nio-8443-exec-7] INFO  c.q.c.u.c.CareGiverController - Care Giver Created Successfully With CareGiver_Id : 2
2020-09-01 17:23:54 [http-nio-8443-exec-8] INFO  c.q.c.u.c.CareGiverController - CareGiver Updated Successfully with Id 2
2020-09-01 17:23:59 [http-nio-8443-exec-10] INFO  c.q.c.u.c.CareProviderController - Get CareProvider Records By CareProviderId 1
2020-09-01 17:24:06 [http-nio-8443-exec-9] INFO  c.q.c.u.c.CareProviderController - Get CareProvider Records By CareProviderId 2
2020-09-01 17:24:18 [http-nio-8443-exec-1] INFO  c.q.c.u.c.CareGiverController - CareGiver Updated Successfully with Id 2
2020-09-01 17:24:23 [http-nio-8443-exec-2] INFO  c.q.c.u.c.CareProviderController - Get CareProvider Records By CareProviderId 2
2020-09-01 17:24:58 [restartedMain] INFO  c.q.cs.QdmCareSupervisorApplication - Starting QdmCareSupervisorApplication on LAPTOP-GBKRVFU8 with PID 13632 (C:\Users\nandh\git\QDM\qdm-care-supervisor\target\classes started by nandh in C:\Users\nandh\git\QDM\qdm-care-supervisor)
2020-09-01 17:24:58 [restartedMain] DEBUG c.q.cs.QdmCareSupervisorApplication - Running with Spring Boot v2.3.2.RELEASE, Spring v5.2.8.RELEASE
2020-09-01 17:24:58 [restartedMain] INFO  c.q.cs.QdmCareSupervisorApplication - The following profiles are active: dev
2020-09-01 17:25:06 [restartedMain] INFO  c.q.cs.QdmCareSupervisorApplication - Started QdmCareSupervisorApplication in 8.681 seconds (JVM running for 9.569)
2020-09-01 17:25:33 [http-nio-8443-exec-2] INFO  c.q.c.u.c.CareProviderController - Created Care Provider Successfully With ID : 1
2020-09-01 17:25:42 [http-nio-8443-exec-4] INFO  c.q.c.u.c.CareGiverController - Care Giver Created Successfully With CareGiver_Id : 1
2020-09-01 17:25:55 [http-nio-8443-exec-3] INFO  c.q.c.u.c.CareProviderController - Get CareProvider Records By CareProviderId 1
2020-09-01 17:35:07 [restartedMain] INFO  c.q.cs.QdmCareSupervisorApplication - Starting QdmCareSupervisorApplication on LAPTOP-GBKRVFU8 with PID 11556 (C:\Users\nandh\git\QDM\qdm-care-supervisor\target\classes started by nandh in C:\Users\nandh\git\QDM\qdm-care-supervisor)
2020-09-01 17:35:07 [restartedMain] DEBUG c.q.cs.QdmCareSupervisorApplication - Running with Spring Boot v2.3.2.RELEASE, Spring v5.2.8.RELEASE
2020-09-01 17:35:07 [restartedMain] INFO  c.q.cs.QdmCareSupervisorApplication - The following profiles are active: dev
2020-09-01 17:35:11 [restartedMain] INFO  c.q.cs.QdmCareSupervisorApplication - Started QdmCareSupervisorApplication in 3.896 seconds (JVM running for 4.614)
2020-09-01 17:35:20 [http-nio-8443-exec-2] INFO  c.q.c.u.c.CareProviderController - Created Care Provider Successfully With ID : 1
2020-09-01 17:35:25 [http-nio-8443-exec-3] INFO  c.q.c.u.c.CareGiverController - Care Giver Created Successfully With CareGiver_Id : 1
2020-09-01 17:35:29 [http-nio-8443-exec-4] INFO  c.q.c.u.c.CareProviderController - Get CareProvider Records By CareProviderId 1
2020-09-01 17:35:35 [http-nio-8443-exec-5] INFO  c.q.c.u.c.CareGiverController - CareGiver Updated Successfully with Id 1
2020-09-01 17:35:39 [http-nio-8443-exec-6] INFO  c.q.c.u.c.CareProviderController - Get CareProvider Records By CareProviderId 1
2020-09-01 17:35:44 [http-nio-8443-exec-7] INFO  c.q.c.u.c.CareProviderController - Created Care Provider Successfully With ID : 2
2020-09-01 17:35:50 [http-nio-8443-exec-8] INFO  c.q.c.u.c.CareGiverController - CareGiver Updated Successfully with Id 1
2020-09-01 17:35:55 [http-nio-8443-exec-9] INFO  c.q.c.u.c.CareProviderController - Get CareProvider Records By CareProviderId 1
2020-09-01 17:36:08 [http-nio-8443-exec-10] INFO  c.q.c.u.c.CareProviderController - Get CareProvider Records By CareProviderId 2
2020-09-01 17:36:28 [restartedMain] INFO  c.q.cs.QdmCareSupervisorApplication - Starting QdmCareSupervisorApplication on LAPTOP-GBKRVFU8 with PID 11556 (C:\Users\nandh\git\QDM\qdm-care-supervisor\target\classes started by nandh in C:\Users\nandh\git\QDM\qdm-care-supervisor)
2020-09-01 17:36:28 [restartedMain] DEBUG c.q.cs.QdmCareSupervisorApplication - Running with Spring Boot v2.3.2.RELEASE, Spring v5.2.8.RELEASE
2020-09-01 17:36:28 [restartedMain] INFO  c.q.cs.QdmCareSupervisorApplication - The following profiles are active: dev
2020-09-01 17:36:29 [restartedMain] INFO  c.q.cs.QdmCareSupervisorApplication - Started QdmCareSupervisorApplication in 1.08 seconds (JVM running for 83.386)
2020-09-01 17:36:37 [http-nio-8443-exec-2] INFO  c.q.c.u.c.CareProviderController - Created Care Provider Successfully With ID : 1
2020-09-01 17:36:38 [http-nio-8443-exec-3] INFO  c.q.c.u.c.CareProviderController - Created Care Provider Successfully With ID : 2
2020-09-01 17:36:42 [http-nio-8443-exec-4] INFO  c.q.c.u.c.CareGiverController - Care Giver Created Successfully With CareGiver_Id : 1
2020-09-01 17:36:48 [http-nio-8443-exec-5] INFO  c.q.c.u.c.CareGiverController - CareGiver Updated Successfully with Id 1
2020-09-01 17:36:54 [http-nio-8443-exec-6] INFO  c.q.c.u.c.CareProviderController - Get CareProvider Records By CareProviderId 2
2020-09-01 17:36:59 [http-nio-8443-exec-7] INFO  c.q.c.u.c.CareProviderController - Get CareProvider Records By CareProviderId 1
2020-09-01 17:37:08 [http-nio-8443-exec-8] INFO  c.q.c.u.c.CareGiverController - CareGiver Updated Successfully with Id 1
2020-09-01 17:37:16 [http-nio-8443-exec-9] INFO  c.q.c.u.c.CareProviderController - Get CareProvider Records By CareProviderId 1
2020-09-01 17:37:22 [http-nio-8443-exec-10] INFO  c.q.c.u.c.CareProviderController - Get CareProvider Records By CareProviderId 2
2020-09-01 17:37:32 [http-nio-8443-exec-1] INFO  c.q.c.u.c.CareGiverController - CareGiver Updated Successfully with Id 1
2020-09-01 17:37:36 [http-nio-8443-exec-2] INFO  c.q.c.u.c.CareProviderController - Get CareProvider Records By CareProviderId 2
2020-09-01 17:37:44 [http-nio-8443-exec-3] INFO  c.q.c.u.c.CareProviderController - Get CareProvider Records By CareProviderId 1
2020-09-01 17:37:58 [http-nio-8443-exec-4] INFO  c.q.c.u.c.CareGiverController - CareGiver Updated Successfully with Id 1
2020-09-01 17:38:06 [http-nio-8443-exec-5] INFO  c.q.c.u.c.CareProviderController - Get CareProvider Records By CareProviderId 1
2020-09-01 17:38:15 [http-nio-8443-exec-6] INFO  c.q.c.u.c.CareProviderController - Get CareProvider Records By CareProviderId 2
2020-09-01 17:38:24 [http-nio-8443-exec-7] INFO  c.q.c.u.c.CareGiverController - Get CareGiver Records By CareGiverId 1
2020-09-01 17:54:08 [restartedMain] INFO  c.q.cs.QdmCareSupervisorApplication - Starting QdmCareSupervisorApplication on LAPTOP-GBKRVFU8 with PID 11556 (C:\Users\nandh\git\QDM\qdm-care-supervisor\target\classes started by nandh in C:\Users\nandh\git\QDM\qdm-care-supervisor)
2020-09-01 17:54:08 [restartedMain] DEBUG c.q.cs.QdmCareSupervisorApplication - Running with Spring Boot v2.3.2.RELEASE, Spring v5.2.8.RELEASE
2020-09-01 17:54:08 [restartedMain] INFO  c.q.cs.QdmCareSupervisorApplication - The following profiles are active: dev
2020-09-01 17:54:09 [restartedMain] INFO  c.q.cs.QdmCareSupervisorApplication - Started QdmCareSupervisorApplication in 0.987 seconds (JVM running for 1143.052)
2020-09-01 17:54:14 [http-nio-8443-exec-2] INFO  c.q.c.u.c.CareProviderController - Created Care Provider Successfully With ID : 1
2020-09-01 17:54:18 [http-nio-8443-exec-3] INFO  c.q.c.u.c.CareGiverController - Care Giver Created Successfully With CareGiver_Id : 1
2020-09-01 17:54:23 [http-nio-8443-exec-4] INFO  c.q.c.u.c.CareGiverController - CareGiver Updated Successfully with Id 1
2020-09-01 17:54:32 [http-nio-8443-exec-5] INFO  c.q.c.u.c.CareProviderController - Get CareProvider Records By CareProviderId 1
2020-09-01 17:54:40 [http-nio-8443-exec-6] INFO  c.q.c.u.c.CareProviderController - Created Care Provider Successfully With ID : 2
2020-09-01 17:54:51 [http-nio-8443-exec-7] INFO  c.q.c.u.c.CareGiverController - CareGiver Updated Successfully with Id 1
2020-09-01 17:54:56 [http-nio-8443-exec-8] INFO  c.q.c.u.c.CareGiverController - Get CareGiver Records By CareGiverId 1
2020-09-01 17:55:03 [http-nio-8443-exec-9] INFO  c.q.c.u.c.CareProviderController - Get CareProvider Records By CareProviderId 1
2020-09-01 17:55:09 [http-nio-8443-exec-10] INFO  c.q.c.u.c.CareProviderController - Get CareProvider Records By CareProviderId 2
2020-09-01 17:55:18 [http-nio-8443-exec-1] INFO  c.q.c.u.c.CareGiverController - CareGiver Updated Successfully with Id 1
2020-09-01 17:55:23 [http-nio-8443-exec-2] INFO  c.q.c.u.c.CareProviderController - Get CareProvider Records By CareProviderId 2
2020-09-01 17:55:51 [http-nio-8443-exec-3] INFO  c.q.c.u.c.CareGiverController - Get CareGiver Records By CareGiverId 1
2020-09-01 17:58:48 [restartedMain] INFO  c.q.cs.QdmCareSupervisorApplication - Starting QdmCareSupervisorApplication on LAPTOP-GBKRVFU8 with PID 11556 (C:\Users\nandh\git\QDM\qdm-care-supervisor\target\classes started by nandh in C:\Users\nandh\git\QDM\qdm-care-supervisor)
2020-09-01 17:58:48 [restartedMain] DEBUG c.q.cs.QdmCareSupervisorApplication - Running with Spring Boot v2.3.2.RELEASE, Spring v5.2.8.RELEASE
2020-09-01 17:58:48 [restartedMain] INFO  c.q.cs.QdmCareSupervisorApplication - The following profiles are active: dev
2020-09-01 17:58:49 [restartedMain] INFO  c.q.cs.QdmCareSupervisorApplication - Started QdmCareSupervisorApplication in 0.897 seconds (JVM running for 1422.918)
2020-09-01 18:02:37 [restartedMain] INFO  c.q.cs.QdmCareSupervisorApplication - Starting QdmCareSupervisorApplication on LAPTOP-GBKRVFU8 with PID 11556 (C:\Users\nandh\git\QDM\qdm-care-supervisor\target\classes started by nandh in C:\Users\nandh\git\QDM\qdm-care-supervisor)
2020-09-01 18:02:37 [restartedMain] DEBUG c.q.cs.QdmCareSupervisorApplication - Running with Spring Boot v2.3.2.RELEASE, Spring v5.2.8.RELEASE
2020-09-01 18:02:37 [restartedMain] INFO  c.q.cs.QdmCareSupervisorApplication - The following profiles are active: dev
2020-09-01 18:02:55 [restartedMain] INFO  c.q.cs.QdmCareSupervisorApplication - Starting QdmCareSupervisorApplication on LAPTOP-GBKRVFU8 with PID 11556 (C:\Users\nandh\git\QDM\qdm-care-supervisor\target\classes started by nandh in C:\Users\nandh\git\QDM\qdm-care-supervisor)
2020-09-01 18:02:55 [restartedMain] DEBUG c.q.cs.QdmCareSupervisorApplication - Running with Spring Boot v2.3.2.RELEASE, Spring v5.2.8.RELEASE
2020-09-01 18:02:55 [restartedMain] INFO  c.q.cs.QdmCareSupervisorApplication - The following profiles are active: dev
2020-09-01 18:02:56 [restartedMain] INFO  c.q.cs.QdmCareSupervisorApplication - Started QdmCareSupervisorApplication in 0.927 seconds (JVM running for 1670.08)
2020-09-01 18:03:01 [restartedMain] INFO  c.q.cs.QdmCareSupervisorApplication - Starting QdmCareSupervisorApplication on LAPTOP-GBKRVFU8 with PID 11556 (C:\Users\nandh\git\QDM\qdm-care-supervisor\target\classes started by nandh in C:\Users\nandh\git\QDM\qdm-care-supervisor)
2020-09-01 18:03:01 [restartedMain] DEBUG c.q.cs.QdmCareSupervisorApplication - Running with Spring Boot v2.3.2.RELEASE, Spring v5.2.8.RELEASE
2020-09-01 18:03:01 [restartedMain] INFO  c.q.cs.QdmCareSupervisorApplication - The following profiles are active: dev
2020-09-01 18:03:02 [restartedMain] INFO  c.q.cs.QdmCareSupervisorApplication - Started QdmCareSupervisorApplication in 0.871 seconds (JVM running for 1675.702)
2020-09-01 18:04:55 [restartedMain] INFO  c.q.cs.QdmCareSupervisorApplication - Starting QdmCareSupervisorApplication on LAPTOP-GBKRVFU8 with PID 11556 (C:\Users\nandh\git\QDM\qdm-care-supervisor\target\classes started by nandh in C:\Users\nandh\git\QDM\qdm-care-supervisor)
2020-09-01 18:04:55 [restartedMain] DEBUG c.q.cs.QdmCareSupervisorApplication - Running with Spring Boot v2.3.2.RELEASE, Spring v5.2.8.RELEASE
2020-09-01 18:04:55 [restartedMain] INFO  c.q.cs.QdmCareSupervisorApplication - The following profiles are active: dev
2020-09-01 18:04:56 [restartedMain] INFO  c.q.cs.QdmCareSupervisorApplication - Started QdmCareSupervisorApplication in 0.891 seconds (JVM running for 1789.773)
2020-09-01 18:05:27 [restartedMain] INFO  c.q.cs.QdmCareSupervisorApplication - Starting QdmCareSupervisorApplication on LAPTOP-GBKRVFU8 with PID 11556 (C:\Users\nandh\git\QDM\qdm-care-supervisor\target\classes started by nandh in C:\Users\nandh\git\QDM\qdm-care-supervisor)
2020-09-01 18:05:27 [restartedMain] DEBUG c.q.cs.QdmCareSupervisorApplication - Running with Spring Boot v2.3.2.RELEASE, Spring v5.2.8.RELEASE
2020-09-01 18:05:27 [restartedMain] INFO  c.q.cs.QdmCareSupervisorApplication - The following profiles are active: dev
2020-09-01 18:05:28 [restartedMain] INFO  c.q.cs.QdmCareSupervisorApplication - Started QdmCareSupervisorApplication in 0.929 seconds (JVM running for 1821.865)
2020-09-01 18:05:35 [http-nio-8443-exec-2] INFO  c.q.c.u.c.CareProviderController - Created Care Provider Successfully With ID : 1
2020-09-01 18:05:40 [http-nio-8443-exec-3] INFO  c.q.c.u.c.CareGiverController - Care Giver Created Successfully With CareGiver_Id : 1
2020-09-01 18:05:50 [http-nio-8443-exec-5] INFO  c.q.c.u.c.CareProviderController - Get CareProvider Records By CareProviderId 1
2020-09-01 18:05:58 [http-nio-8443-exec-6] INFO  c.q.c.u.c.CareGiverController - CareGiver Updated Successfully with Id 1
2020-09-01 18:06:02 [http-nio-8443-exec-4] INFO  c.q.c.u.c.CareProviderController - Get CareProvider Records By CareProviderId 1
2020-09-01 18:06:25 [restartedMain] INFO  c.q.cs.QdmCareSupervisorApplication - Starting QdmCareSupervisorApplication on LAPTOP-GBKRVFU8 with PID 11556 (C:\Users\nandh\git\QDM\qdm-care-supervisor\target\classes started by nandh in C:\Users\nandh\git\QDM\qdm-care-supervisor)
2020-09-01 18:06:25 [restartedMain] DEBUG c.q.cs.QdmCareSupervisorApplication - Running with Spring Boot v2.3.2.RELEASE, Spring v5.2.8.RELEASE
2020-09-01 18:06:25 [restartedMain] INFO  c.q.cs.QdmCareSupervisorApplication - The following profiles are active: dev
2020-09-01 18:06:26 [restartedMain] INFO  c.q.cs.QdmCareSupervisorApplication - Started QdmCareSupervisorApplication in 0.901 seconds (JVM running for 1880.148)
2020-09-01 18:06:57 [http-nio-8443-exec-2] INFO  c.q.c.u.c.CareProviderController - Created Care Provider Successfully With ID : 1
2020-09-01 18:06:59 [http-nio-8443-exec-3] INFO  c.q.c.u.c.CareProviderController - Created Care Provider Successfully With ID : 2
2020-09-01 18:07:02 [http-nio-8443-exec-4] INFO  c.q.c.u.c.CareGiverController - Care Giver Created Successfully With CareGiver_Id : 1
2020-09-01 18:07:09 [http-nio-8443-exec-5] INFO  c.q.c.u.c.CareProviderController - Get CareProvider Records By CareProviderId 1
2020-09-01 18:07:18 [http-nio-8443-exec-6] INFO  c.q.c.u.c.CareGiverController - CareGiver Updated Successfully with Id 1
2020-09-01 18:07:29 [http-nio-8443-exec-7] INFO  c.q.c.u.c.CareProviderController - Get CareProvider Records By CareProviderId 1
2020-09-01 18:07:43 [http-nio-8443-exec-8] INFO  c.q.c.u.c.CareGiverController - CareGiver Updated Successfully with Id 1
2020-09-01 18:08:00 [http-nio-8443-exec-9] INFO  c.q.c.u.c.CareProviderController - Get CareProvider Records By CareProviderId 1
2020-09-01 18:08:07 [http-nio-8443-exec-10] INFO  c.q.c.u.c.CareProviderController - Get CareProvider Records By CareProviderId 2
2020-09-01 18:14:09 [restartedMain] INFO  c.q.cs.QdmCareSupervisorApplication - Starting QdmCareSupervisorApplication on LAPTOP-GBKRVFU8 with PID 11556 (C:\Users\nandh\git\QDM\qdm-care-supervisor\target\classes started by nandh in C:\Users\nandh\git\QDM\qdm-care-supervisor)
2020-09-01 18:14:09 [restartedMain] DEBUG c.q.cs.QdmCareSupervisorApplication - Running with Spring Boot v2.3.2.RELEASE, Spring v5.2.8.RELEASE
2020-09-01 18:14:09 [restartedMain] INFO  c.q.cs.QdmCareSupervisorApplication - The following profiles are active: dev
2020-09-01 18:14:10 [restartedMain] INFO  c.q.cs.QdmCareSupervisorApplication - Started QdmCareSupervisorApplication in 1.086 seconds (JVM running for 2344.37)
2020-09-01 18:22:06 [restartedMain] INFO  c.q.cs.QdmCareSupervisorApplication - Starting QdmCareSupervisorApplication on LAPTOP-GBKRVFU8 with PID 11556 (C:\Users\nandh\git\QDM\qdm-care-supervisor\target\classes started by nandh in C:\Users\nandh\git\QDM\qdm-care-supervisor)
2020-09-01 18:22:06 [restartedMain] DEBUG c.q.cs.QdmCareSupervisorApplication - Running with Spring Boot v2.3.2.RELEASE, Spring v5.2.8.RELEASE
2020-09-01 18:22:06 [restartedMain] INFO  c.q.cs.QdmCareSupervisorApplication - The following profiles are active: dev
2020-09-01 18:22:07 [restartedMain] INFO  c.q.cs.QdmCareSupervisorApplication - Started QdmCareSupervisorApplication in 0.87 seconds (JVM running for 2820.941)
2020-09-01 18:22:17 [http-nio-8443-exec-2] INFO  c.q.c.u.c.CareProviderController - Created Care Provider Successfully With ID : 1
2020-09-01 18:22:20 [http-nio-8443-exec-3] INFO  c.q.c.u.c.CareGiverController - Care Giver Created Successfully With CareGiver_Id : 1
2020-09-01 18:22:27 [http-nio-8443-exec-5] INFO  c.q.c.u.c.CareProviderController - Get CareProvider Records By CareProviderId 1
2020-09-01 18:22:38 [http-nio-8443-exec-6] INFO  c.q.c.u.c.CareGiverController - CareGiver Updated Successfully with Id 1
2020-09-01 18:22:42 [http-nio-8443-exec-4] INFO  c.q.c.u.c.CareProviderController - Get CareProvider Records By CareProviderId 1
2020-09-01 18:22:54 [http-nio-8443-exec-7] INFO  c.q.c.u.c.CareProviderController - Created Care Provider Successfully With ID : 2
2020-09-01 18:23:04 [http-nio-8443-exec-8] INFO  c.q.c.u.c.CareGiverController - CareGiver Updated Successfully with Id 1
2020-09-01 18:23:08 [http-nio-8443-exec-9] INFO  c.q.c.u.c.CareProviderController - Get CareProvider Records By CareProviderId 1
2020-09-01 18:23:14 [http-nio-8443-exec-10] INFO  c.q.c.u.c.CareProviderController - Get CareProvider Records By CareProviderId 2
2020-09-01 18:24:16 [restartedMain] INFO  c.q.cs.QdmCareSupervisorApplication - Starting QdmCareSupervisorApplication on LAPTOP-GBKRVFU8 with PID 11556 (C:\Users\nandh\git\QDM\qdm-care-supervisor\target\classes started by nandh in C:\Users\nandh\git\QDM\qdm-care-supervisor)
2020-09-01 18:24:16 [restartedMain] DEBUG c.q.cs.QdmCareSupervisorApplication - Running with Spring Boot v2.3.2.RELEASE, Spring v5.2.8.RELEASE
2020-09-01 18:24:16 [restartedMain] INFO  c.q.cs.QdmCareSupervisorApplication - The following profiles are active: dev
2020-09-01 18:24:17 [restartedMain] INFO  c.q.cs.QdmCareSupervisorApplication - Started QdmCareSupervisorApplication in 0.917 seconds (JVM running for 2951.118)
2020-09-01 18:24:24 [http-nio-8443-exec-2] INFO  c.q.c.u.c.CareProviderController - Created Care Provider Successfully With ID : 1
2020-09-01 18:24:25 [http-nio-8443-exec-3] INFO  c.q.c.u.c.CareProviderController - Created Care Provider Successfully With ID : 2
2020-09-01 18:24:28 [http-nio-8443-exec-4] INFO  c.q.c.u.c.CareGiverController - Care Giver Created Successfully With CareGiver_Id : 1
2020-09-01 18:24:37 [http-nio-8443-exec-5] INFO  c.q.c.u.c.CareProviderController - Get CareProvider Records By CareProviderId 1
2020-09-01 18:24:43 [http-nio-8443-exec-6] INFO  c.q.c.u.c.CareProviderController - Get CareProvider Records By CareProviderId 2
2020-09-01 18:24:54 [http-nio-8443-exec-7] INFO  c.q.c.u.c.CareGiverController - CareGiver Updated Successfully with Id 1
2020-09-01 18:24:57 [http-nio-8443-exec-8] INFO  c.q.c.u.c.CareProviderController - Get CareProvider Records By CareProviderId 2
2020-09-01 18:25:02 [http-nio-8443-exec-10] INFO  c.q.c.u.c.CareProviderController - Get CareProvider Records By CareProviderId 1
2020-09-01 18:25:13 [http-nio-8443-exec-9] INFO  c.q.c.u.c.CareGiverController - CareGiver Updated Successfully with Id 1
2020-09-01 18:25:19 [http-nio-8443-exec-1] INFO  c.q.c.u.c.CareProviderController - Get CareProvider Records By CareProviderId 1
2020-09-01 18:25:44 [http-nio-8443-exec-2] INFO  c.q.c.u.c.CareProviderController - Get CareProvider Records By CareProviderId 2
2020-09-01 18:25:54 [http-nio-8443-exec-3] INFO  c.q.c.u.c.CareGiverController - CareGiver Updated Successfully with Id 1
2020-09-01 18:26:02 [http-nio-8443-exec-4] INFO  c.q.c.u.c.CareProviderController - Get CareProvider Records By CareProviderId 1
2020-09-01 18:26:50 [restartedMain] INFO  c.q.cs.QdmCareSupervisorApplication - Starting QdmCareSupervisorApplication on LAPTOP-GBKRVFU8 with PID 11556 (C:\Users\nandh\git\QDM\qdm-care-supervisor\target\classes started by nandh in C:\Users\nandh\git\QDM\qdm-care-supervisor)
2020-09-01 18:26:50 [restartedMain] DEBUG c.q.cs.QdmCareSupervisorApplication - Running with Spring Boot v2.3.2.RELEASE, Spring v5.2.8.RELEASE
2020-09-01 18:26:50 [restartedMain] INFO  c.q.cs.QdmCareSupervisorApplication - The following profiles are active: dev
2020-09-01 18:26:50 [restartedMain] INFO  c.q.cs.QdmCareSupervisorApplication - Started QdmCareSupervisorApplication in 0.901 seconds (JVM running for 3104.488)
2020-09-01 18:37:27 [restartedMain] INFO  c.q.cs.QdmCareSupervisorApplication - Starting QdmCareSupervisorApplication on LAPTOP-GBKRVFU8 with PID 11556 (C:\Users\nandh\git\QDM\qdm-care-supervisor\target\classes started by nandh in C:\Users\nandh\git\QDM\qdm-care-supervisor)
2020-09-01 18:37:27 [restartedMain] DEBUG c.q.cs.QdmCareSupervisorApplication - Running with Spring Boot v2.3.2.RELEASE, Spring v5.2.8.RELEASE
2020-09-01 18:37:27 [restartedMain] INFO  c.q.cs.QdmCareSupervisorApplication - The following profiles are active: dev
2020-09-01 18:37:28 [restartedMain] INFO  c.q.cs.QdmCareSupervisorApplication - Started QdmCareSupervisorApplication in 0.92 seconds (JVM running for 3741.631)
2020-09-01 18:37:35 [http-nio-8443-exec-2] INFO  c.q.c.u.c.CareProviderController - Created Care Provider Successfully With ID : 1
2020-09-01 18:37:39 [http-nio-8443-exec-3] INFO  c.q.c.u.c.CareGiverController - Care Giver Created Successfully With CareGiver_Id : 1
2020-09-01 18:37:46 [http-nio-8443-exec-4] INFO  c.q.c.u.c.CareProviderController - Get CareProvider Records By CareProviderId 1
2020-09-01 18:37:53 [http-nio-8443-exec-5] INFO  c.q.c.u.c.CareProviderController - Created Care Provider Successfully With ID : 2
2020-09-01 18:38:00 [http-nio-8443-exec-6] INFO  c.q.c.u.c.CareGiverController - CareGiver Updated Successfully with Id 1
2020-09-01 18:38:07 [http-nio-8443-exec-7] INFO  c.q.c.u.c.CareProviderController - Get CareProvider Records By CareProviderId 1
2020-09-01 18:38:13 [http-nio-8443-exec-8] INFO  c.q.c.u.c.CareProviderController - Get CareProvider Records By CareProviderId 2
2020-09-01 18:38:37 [restartedMain] INFO  c.q.cs.QdmCareSupervisorApplication - Starting QdmCareSupervisorApplication on LAPTOP-GBKRVFU8 with PID 11556 (C:\Users\nandh\git\QDM\qdm-care-supervisor\target\classes started by nandh in C:\Users\nandh\git\QDM\qdm-care-supervisor)
2020-09-01 18:38:37 [restartedMain] DEBUG c.q.cs.QdmCareSupervisorApplication - Running with Spring Boot v2.3.2.RELEASE, Spring v5.2.8.RELEASE
2020-09-01 18:38:37 [restartedMain] INFO  c.q.cs.QdmCareSupervisorApplication - The following profiles are active: dev
2020-09-01 18:38:38 [restartedMain] INFO  c.q.cs.QdmCareSupervisorApplication - Started QdmCareSupervisorApplication in 1.012 seconds (JVM running for 3812.093)
2020-09-01 18:58:42 [http-nio-8443-exec-1] INFO  c.q.c.u.c.CareProviderController - Get All CareProviders Records
2020-09-01 18:58:46 [http-nio-8443-exec-4] INFO  c.q.c.u.c.CareProviderController - Created Care Provider Successfully With ID : 1
2020-09-01 18:58:58 [http-nio-8443-exec-3] INFO  c.q.c.u.c.CareGiverController - Care Giver Created Successfully With CareGiver_Id : 1
2020-09-01 18:59:08 [http-nio-8443-exec-5] INFO  c.q.c.u.c.CareProviderController - Get CareProvider Records By CareProviderId 1
2020-09-01 18:59:24 [http-nio-8443-exec-6] INFO  c.q.c.u.c.CareGiverController - CareGiver Updated Successfully with Id 1
2020-09-01 18:59:28 [http-nio-8443-exec-7] INFO  c.q.c.u.c.CareProviderController - Get CareProvider Records By CareProviderId 1
2020-09-01 18:59:35 [http-nio-8443-exec-8] INFO  c.q.c.u.c.CareProviderController - Created Care Provider Successfully With ID : 2
2020-09-01 18:59:56 [http-nio-8443-exec-9] INFO  c.q.c.u.c.CareGiverController - CareGiver Updated Successfully with Id 1
2020-09-01 19:00:00 [http-nio-8443-exec-10] INFO  c.q.c.u.c.CareProviderController - Get CareProvider Records By CareProviderId 1
2020-09-01 19:00:05 [http-nio-8443-exec-2] INFO  c.q.c.u.c.CareProviderController - Get CareProvider Records By CareProviderId 2
2020-09-01 19:00:27 [http-nio-8443-exec-1] INFO  c.q.c.u.c.CareGiverController - Get CareGiver Records By CareGiverId 1
2020-09-01 19:00:55 [http-nio-8443-exec-4] INFO  c.q.c.u.c.CareGiverController - CareGiver Updated Successfully with Id 1
2020-09-01 19:01:00 [http-nio-8443-exec-3] INFO  c.q.c.u.c.CareProviderController - Get CareProvider Records By CareProviderId 2
2020-09-01 19:01:14 [http-nio-8443-exec-5] INFO  c.q.c.u.c.CareGiverController - CareGiver Updated Successfully with Id 1
2020-09-01 19:01:20 [http-nio-8443-exec-6] INFO  c.q.c.u.c.CareProviderController - Get CareProvider Records By CareProviderId 2
2020-09-01 19:01:57 [http-nio-8443-exec-7] INFO  c.q.c.u.c.CareGiverController - CareGiver Updated Successfully with Id 1
2020-09-01 19:05:01 [restartedMain] INFO  c.q.cs.QdmCareSupervisorApplication - Starting QdmCareSupervisorApplication on LAPTOP-GBKRVFU8 with PID 11556 (C:\Users\nandh\git\QDM\qdm-care-supervisor\target\classes started by nandh in C:\Users\nandh\git\QDM\qdm-care-supervisor)
2020-09-01 19:05:01 [restartedMain] DEBUG c.q.cs.QdmCareSupervisorApplication - Running with Spring Boot v2.3.2.RELEASE, Spring v5.2.8.RELEASE
2020-09-01 19:05:01 [restartedMain] INFO  c.q.cs.QdmCareSupervisorApplication - The following profiles are active: dev
2020-09-01 19:05:02 [restartedMain] INFO  c.q.cs.QdmCareSupervisorApplication - Started QdmCareSupervisorApplication in 0.891 seconds (JVM running for 5395.57)
2020-09-01 20:13:56 [restartedMain] INFO  c.q.cs.QdmCareSupervisorApplication - Starting QdmCareSupervisorApplication on LAPTOP-GBKRVFU8 with PID 9932 (C:\Users\nandh\git\QDM\qdm-care-supervisor\target\classes started by nandh in C:\Users\nandh\git\QDM\qdm-care-supervisor)
2020-09-01 20:13:56 [restartedMain] DEBUG c.q.cs.QdmCareSupervisorApplication - Running with Spring Boot v2.3.2.RELEASE, Spring v5.2.8.RELEASE
2020-09-01 20:13:56 [restartedMain] INFO  c.q.cs.QdmCareSupervisorApplication - The following profiles are active: dev
2020-09-01 20:14:02 [restartedMain] INFO  c.q.cs.QdmCareSupervisorApplication - Started QdmCareSupervisorApplication in 5.363 seconds (JVM running for 6.096)
2020-09-01 20:14:19 [http-nio-8443-exec-2] INFO  c.q.c.u.c.CareProviderController - Created Care Provider Successfully With ID : 1
2020-09-01 20:14:23 [http-nio-8443-exec-3] INFO  c.q.c.u.c.CareGiverController - Care Giver Created Successfully With CareGiver_Id : 1
2020-09-01 20:14:29 [http-nio-8443-exec-4] ERROR c.q.c.u.c.CareGiverController - Error Occured At UpdateCareGiver : null
2020-09-01 20:15:05 [restartedMain] INFO  c.q.cs.QdmCareSupervisorApplication - Starting QdmCareSupervisorApplication on LAPTOP-GBKRVFU8 with PID 9932 (C:\Users\nandh\git\QDM\qdm-care-supervisor\target\classes started by nandh in C:\Users\nandh\git\QDM\qdm-care-supervisor)
2020-09-01 20:15:05 [restartedMain] DEBUG c.q.cs.QdmCareSupervisorApplication - Running with Spring Boot v2.3.2.RELEASE, Spring v5.2.8.RELEASE
2020-09-01 20:15:05 [restartedMain] INFO  c.q.cs.QdmCareSupervisorApplication - The following profiles are active: dev
2020-09-01 20:15:07 [restartedMain] INFO  c.q.cs.QdmCareSupervisorApplication - Started QdmCareSupervisorApplication in 1.704 seconds (JVM running for 71.367)
2020-09-01 20:15:20 [http-nio-8443-exec-2] INFO  c.q.c.u.c.CareProviderController - Created Care Provider Successfully With ID : 1
2020-09-01 20:15:25 [http-nio-8443-exec-3] INFO  c.q.c.u.c.CareGiverController - Care Giver Created Successfully With CareGiver_Id : 1
2020-09-01 20:15:29 [http-nio-8443-exec-4] INFO  c.q.c.u.c.CareGiverController - CareGiver Updated Successfully with Id 1
2020-09-01 20:25:43 [http-nio-8443-exec-8] INFO  c.q.c.u.c.CareProviderController - Get CareProvider Records By CareProviderId 1
2020-09-01 20:26:13 [http-nio-8443-exec-7] INFO  c.q.c.u.c.CareProviderController - No CareProvider Found with Id : 2
2020-09-01 21:52:40 [restartedMain] INFO  c.q.cs.QdmCareSupervisorApplication - Starting QdmCareSupervisorApplication on LAPTOP-GBKRVFU8 with PID 14804 (C:\Users\nandh\git\QDM\qdm-care-supervisor\target\classes started by nandh in C:\Users\nandh\git\QDM\qdm-care-supervisor)
2020-09-01 21:52:40 [restartedMain] DEBUG c.q.cs.QdmCareSupervisorApplication - Running with Spring Boot v2.3.2.RELEASE, Spring v5.2.8.RELEASE
2020-09-01 21:52:40 [restartedMain] INFO  c.q.cs.QdmCareSupervisorApplication - The following profiles are active: dev
2020-09-01 21:52:47 [restartedMain] INFO  c.q.cs.QdmCareSupervisorApplication - Started QdmCareSupervisorApplication in 7.614 seconds (JVM running for 8.706)
2020-09-01 21:53:57 [http-nio-8443-exec-2] ERROR c.q.c.u.c.CareGiverController - Error Occured At AddCareGiver : null
2020-09-01 21:54:06 [http-nio-8443-exec-4] INFO  c.q.c.u.c.CareGiverController - Care Giver Created Successfully With CareGiver_Id : 1
2020-09-01 21:55:49 [restartedMain] INFO  c.q.cs.QdmCareSupervisorApplication - Starting QdmCareSupervisorApplication on LAPTOP-GBKRVFU8 with PID 14804 (C:\Users\nandh\git\QDM\qdm-care-supervisor\target\classes started by nandh in C:\Users\nandh\git\QDM\qdm-care-supervisor)
2020-09-01 21:55:49 [restartedMain] DEBUG c.q.cs.QdmCareSupervisorApplication - Running with Spring Boot v2.3.2.RELEASE, Spring v5.2.8.RELEASE
2020-09-01 21:55:49 [restartedMain] INFO  c.q.cs.QdmCareSupervisorApplication - The following profiles are active: dev
2020-09-01 21:55:51 [restartedMain] INFO  c.q.cs.QdmCareSupervisorApplication - Started QdmCareSupervisorApplication in 1.499 seconds (JVM running for 192.102)
2020-09-01 21:55:57 [http-nio-8443-exec-2] ERROR c.q.c.u.c.CareGiverController - Error Occured At AddCareGiver : null
2020-09-01 21:56:20 [restartedMain] INFO  c.q.cs.QdmCareSupervisorApplication - Starting QdmCareSupervisorApplication on LAPTOP-GBKRVFU8 with PID 14804 (C:\Users\nandh\git\QDM\qdm-care-supervisor\target\classes started by nandh in C:\Users\nandh\git\QDM\qdm-care-supervisor)
2020-09-01 21:56:20 [restartedMain] DEBUG c.q.cs.QdmCareSupervisorApplication - Running with Spring Boot v2.3.2.RELEASE, Spring v5.2.8.RELEASE
2020-09-01 21:56:20 [restartedMain] INFO  c.q.cs.QdmCareSupervisorApplication - The following profiles are active: dev
2020-09-01 21:56:21 [restartedMain] INFO  c.q.cs.QdmCareSupervisorApplication - Started QdmCareSupervisorApplication in 1.269 seconds (JVM running for 222.703)
2020-09-01 21:56:33 [restartedMain] INFO  c.q.cs.QdmCareSupervisorApplication - Starting QdmCareSupervisorApplication on LAPTOP-GBKRVFU8 with PID 14804 (C:\Users\nandh\git\QDM\qdm-care-supervisor\target\classes started by nandh in C:\Users\nandh\git\QDM\qdm-care-supervisor)
2020-09-01 21:56:33 [restartedMain] DEBUG c.q.cs.QdmCareSupervisorApplication - Running with Spring Boot v2.3.2.RELEASE, Spring v5.2.8.RELEASE
2020-09-01 21:56:33 [restartedMain] INFO  c.q.cs.QdmCareSupervisorApplication - The following profiles are active: dev
2020-09-01 21:56:35 [restartedMain] INFO  c.q.cs.QdmCareSupervisorApplication - Started QdmCareSupervisorApplication in 1.369 seconds (JVM running for 236.066)
2020-09-01 21:56:39 [http-nio-8443-exec-2] INFO  c.q.c.u.c.CareGiverController - Care Giver Created Successfully With CareGiver_Id : 1
2020-09-01 22:30:45 [restartedMain] INFO  c.q.cs.QdmCareSupervisorApplication - Starting QdmCareSupervisorApplication on LAPTOP-GBKRVFU8 with PID 14804 (C:\Users\nandh\git\QDM\qdm-care-supervisor\target\classes started by nandh in C:\Users\nandh\git\QDM\qdm-care-supervisor)
2020-09-01 22:30:45 [restartedMain] DEBUG c.q.cs.QdmCareSupervisorApplication - Running with Spring Boot v2.3.2.RELEASE, Spring v5.2.8.RELEASE
2020-09-01 22:30:45 [restartedMain] INFO  c.q.cs.QdmCareSupervisorApplication - The following profiles are active: dev
2020-09-01 22:30:47 [restartedMain] INFO  c.q.cs.QdmCareSupervisorApplication - Started QdmCareSupervisorApplication in 1.72 seconds (JVM running for 2288.406)
